I0416 17:15:25.822720   54157 network.go:238] assigned 10.0.16.0/20 to subnet europe-west1

Created cluster/part4.k8s.local
Created instancegroup/master-europe-west1-b
Created instancegroup/memcache-server
Created instancegroup/client-measure
Created instancegroup/client-agent

To deploy these resources, run: kops update cluster --name part4.k8s.local --yes

W0416 17:15:31.820683   54279 update_cluster.go:356] error checking control plane running version, assuming no k8s upgrade in progress: cannot load kubecfg settings for "part4.k8s.local": context "part4.k8s.local" does not exist

*********************************************************************************

A new kubernetes version is available: 1.31.7
Upgrading is recommended (try kops upgrade cluster)

More information: https://github.com/kubernetes/kops/blob/master/permalinks/upgrade_k8s.md#1.31.7

*********************************************************************************

W0416 17:15:47.926456   54279 external_access.go:39] TODO: Harmonize gcemodel ExternalAccessModelBuilder with awsmodel
W0416 17:15:47.926586   54279 firewall.go:41] TODO: Harmonize gcemodel with awsmodel for firewall - GCE model is way too open
W0416 17:15:47.927324   54279 context.go:147] using legacy spec.cloudProvider.gce.serviceAccount="default" setting
W0416 17:15:47.927889   54279 context.go:147] using legacy spec.cloudProvider.gce.serviceAccount="default" setting
W0416 17:15:47.927958   54279 autoscalinggroup.go:156] enabling storage-rw for etcd backups
W0416 17:15:47.927972   54279 context.go:147] using legacy spec.cloudProvider.gce.serviceAccount="default" setting
W0416 17:15:47.927997   54279 context.go:147] using legacy spec.cloudProvider.gce.serviceAccount="default" setting
I0416 17:15:47.930111   54279 executor.go:113] Tasks: 0 done / 82 total; 39 can run
W0416 17:15:48.076442   54279 vfs_keystorereader.go:163] CA private key was not found
I0416 17:15:48.206466   54279 keypair.go:226] Issuing new certificate: "etcd-peers-ca-events"
I0416 17:15:48.209368   54279 keypair.go:226] Issuing new certificate: "etcd-manager-ca-main"
I0416 17:15:48.217164   54279 keypair.go:226] Issuing new certificate: "apiserver-aggregator-ca"
I0416 17:15:48.219127   54279 keypair.go:226] Issuing new certificate: "etcd-clients-ca"
I0416 17:15:48.227311   54279 keypair.go:226] Issuing new certificate: "etcd-peers-ca-main"
I0416 17:15:48.227772   54279 keypair.go:226] Issuing new certificate: "etcd-manager-ca-events"
W0416 17:15:48.344011   54279 vfs_keystorereader.go:163] CA private key was not found
I0416 17:15:48.466336   54279 keypair.go:226] Issuing new certificate: "service-account"
I0416 17:15:48.473592   54279 keypair.go:226] Issuing new certificate: "kubernetes-ca"
I0416 17:16:09.954329   54279 executor.go:113] Tasks: 39 done / 82 total; 21 can run
I0416 17:16:28.283099   54279 executor.go:113] Tasks: 60 done / 82 total; 3 can run
W0416 17:16:31.922380   54279 executor.go:141] error running task "ForwardingRule/api-part4-k8s-local" (9m56s remaining to succeed): error creating ForwardingRule "api-part4-k8s-local": googleapi: Error 400: The resource 'projects/cca-eth-2025-group-031/regions/europe-west1/targetPools/api-part4-k8s-local' is not ready, resourceNotReady
I0416 17:16:31.922461   54279 executor.go:113] Tasks: 62 done / 82 total; 5 can run
I0416 17:16:38.117208   54279 executor.go:113] Tasks: 67 done / 82 total; 8 can run
I0416 17:16:43.950833   54279 executor.go:113] Tasks: 75 done / 82 total; 4 can run
I0416 17:17:10.985424   54279 executor.go:113] Tasks: 79 done / 82 total; 1 can run
I0416 17:17:18.228536   54279 executor.go:113] Tasks: 80 done / 82 total; 2 can run
I0416 17:17:34.236552   54279 executor.go:113] Tasks: 82 done / 82 total; 0 can run
I0416 17:17:34.238473   54279 update_cluster.go:409] Exporting kubeconfig for cluster
kOps has set your kubectl context to part4.k8s.local

Cluster is starting.  It should be ready in a few minutes.

Suggestions:
 * validate cluster: kops validate cluster --wait 10m
 * list nodes: kubectl get nodes --show-labels
 * ssh to a control-plane node: ssh -i ~/.ssh/id_rsa ubuntu@api.part4.k8s.local
 * the ubuntu user is specific to Ubuntu. If not using Ubuntu please use the appropriate user based on your OS.
 * read about installing addons at: https://kops.sigs.k8s.io/addons.

Using cluster from kubectl context: part4.k8s.local

Validating cluster part4.k8s.local

W0416 17:17:55.891812   54632 validate_cluster.go:182] (will retry): unexpected error during validation: error listing nodes: Get "https://34.34.164.52/api/v1/nodes": dial tcp 34.34.164.52:443: connect: connection refused
W0416 17:18:05.916805   54632 validate_cluster.go:182] (will retry): unexpected error during validation: error listing nodes: Get "https://34.34.164.52/api/v1/nodes": dial tcp 34.34.164.52:443: connect: connection refused
W0416 17:18:15.942830   54632 validate_cluster.go:182] (will retry): unexpected error during validation: error listing nodes: Get "https://34.34.164.52/api/v1/nodes": dial tcp 34.34.164.52:443: connect: connection refused
W0416 17:18:25.967801   54632 validate_cluster.go:182] (will retry): unexpected error during validation: error listing nodes: Get "https://34.34.164.52/api/v1/nodes": dial tcp 34.34.164.52:443: connect: connection refused
W0416 17:18:35.992170   54632 validate_cluster.go:182] (will retry): unexpected error during validation: error listing nodes: Get "https://34.34.164.52/api/v1/nodes": dial tcp 34.34.164.52:443: connect: connection refused
W0416 17:18:46.016052   54632 validate_cluster.go:182] (will retry): unexpected error during validation: error listing nodes: Get "https://34.34.164.52/api/v1/nodes": dial tcp 34.34.164.52:443: connect: connection refused
W0416 17:18:56.041921   54632 validate_cluster.go:182] (will retry): unexpected error during validation: error listing nodes: Get "https://34.34.164.52/api/v1/nodes": dial tcp 34.34.164.52:443: connect: connection refused
W0416 17:19:06.068770   54632 validate_cluster.go:182] (will retry): unexpected error during validation: error listing nodes: Get "https://34.34.164.52/api/v1/nodes": dial tcp 34.34.164.52:443: connect: connection refused
W0416 17:19:16.095076   54632 validate_cluster.go:182] (will retry): unexpected error during validation: error listing nodes: Get "https://34.34.164.52/api/v1/nodes": dial tcp 34.34.164.52:443: connect: connection refused
W0416 17:19:26.119771   54632 validate_cluster.go:182] (will retry): unexpected error during validation: error listing nodes: Get "https://34.34.164.52/api/v1/nodes": dial tcp 34.34.164.52:443: connect: connection refused
W0416 17:19:46.143805   54632 validate_cluster.go:182] (will retry): unexpected error during validation: error listing nodes: Get "https://34.34.164.52/api/v1/nodes": net/http: TLS handshake timeout
W0416 17:20:06.165039   54632 validate_cluster.go:182] (will retry): unexpected error during validation: error listing nodes: Get "https://34.34.164.52/api/v1/nodes": net/http: TLS handshake timeout
W0416 17:20:16.192521   54632 validate_cluster.go:182] (will retry): unexpected error during validation: error listing nodes: Get "https://34.34.164.52/api/v1/nodes": dial tcp 34.34.164.52:443: connect: connection refused
W0416 17:20:26.220600   54632 validate_cluster.go:182] (will retry): unexpected error during validation: error listing nodes: Get "https://34.34.164.52/api/v1/nodes": dial tcp 34.34.164.52:443: connect: connection refused
I0416 17:20:36.914585   54632 gce_cloud.go:307] Scanning zones: [europe-west1-b europe-west1-d europe-west1-c]
INSTANCE GROUPS
NAME			ROLE		MACHINETYPE	MIN	MAX	SUBNETS
client-agent		Node		e2-standard-8	1	1	europe-west1
client-measure		Node		n2-standard-2	1	1	europe-west1
master-europe-west1-b	ControlPlane	n2-standard-2	1	1	europe-west1
memcache-server		Node		n2-highmem-4	1	1	europe-west1

NODE STATUS
NAME	ROLE	READY

VALIDATION ERRORS
KIND	NAME																MESSAGE
Machine	https://www.googleapis.com/compute/v1/projects/cca-eth-2025-group-031/zones/europe-west1-b/instances/client-agent-v4fj		machine "https://www.googleapis.com/compute/v1/projects/cca-eth-2025-group-031/zones/europe-west1-b/instances/client-agent-v4fj" has not yet joined cluster
Machine	https://www.googleapis.com/compute/v1/projects/cca-eth-2025-group-031/zones/europe-west1-b/instances/client-measure-jzn4	machine "https://www.googleapis.com/compute/v1/projects/cca-eth-2025-group-031/zones/europe-west1-b/instances/client-measure-jzn4" has not yet joined cluster
Machine	https://www.googleapis.com/compute/v1/projects/cca-eth-2025-group-031/zones/europe-west1-b/instances/master-europe-west1-b-tsxj	machine "https://www.googleapis.com/compute/v1/projects/cca-eth-2025-group-031/zones/europe-west1-b/instances/master-europe-west1-b-tsxj" has not yet joined cluster
Machine	https://www.googleapis.com/compute/v1/projects/cca-eth-2025-group-031/zones/europe-west1-b/instances/memcache-server-r3hq	machine "https://www.googleapis.com/compute/v1/projects/cca-eth-2025-group-031/zones/europe-west1-b/instances/memcache-server-r3hq" has not yet joined cluster

Validation Failed
W0416 17:20:38.482327   54632 validate_cluster.go:230] (will retry): cluster not yet healthy
I0416 17:20:49.301363   54632 gce_cloud.go:307] Scanning zones: [europe-west1-b europe-west1-d europe-west1-c]
INSTANCE GROUPS
NAME			ROLE		MACHINETYPE	MIN	MAX	SUBNETS
client-agent		Node		e2-standard-8	1	1	europe-west1
client-measure		Node		n2-standard-2	1	1	europe-west1
master-europe-west1-b	ControlPlane	n2-standard-2	1	1	europe-west1
memcache-server		Node		n2-highmem-4	1	1	europe-west1

NODE STATUS
NAME	ROLE	READY

VALIDATION ERRORS
KIND	NAME																MESSAGE
Machine	https://www.googleapis.com/compute/v1/projects/cca-eth-2025-group-031/zones/europe-west1-b/instances/client-agent-v4fj		machine "https://www.googleapis.com/compute/v1/projects/cca-eth-2025-group-031/zones/europe-west1-b/instances/client-agent-v4fj" has not yet joined cluster
Machine	https://www.googleapis.com/compute/v1/projects/cca-eth-2025-group-031/zones/europe-west1-b/instances/client-measure-jzn4	machine "https://www.googleapis.com/compute/v1/projects/cca-eth-2025-group-031/zones/europe-west1-b/instances/client-measure-jzn4" has not yet joined cluster
Machine	https://www.googleapis.com/compute/v1/projects/cca-eth-2025-group-031/zones/europe-west1-b/instances/master-europe-west1-b-tsxj	machine "https://www.googleapis.com/compute/v1/projects/cca-eth-2025-group-031/zones/europe-west1-b/instances/master-europe-west1-b-tsxj" has not yet joined cluster
Machine	https://www.googleapis.com/compute/v1/projects/cca-eth-2025-group-031/zones/europe-west1-b/instances/memcache-server-r3hq	machine "https://www.googleapis.com/compute/v1/projects/cca-eth-2025-group-031/zones/europe-west1-b/instances/memcache-server-r3hq" has not yet joined cluster
Pod	kube-system/cloud-controller-manager-g6gfr											system-cluster-critical pod "cloud-controller-manager-g6gfr" is pending
Pod	kube-system/coredns-autoscaler-56467f9769-8ntv8											system-cluster-critical pod "coredns-autoscaler-56467f9769-8ntv8" is pending
Pod	kube-system/coredns-db7b68989-frz9b												system-cluster-critical pod "coredns-db7b68989-frz9b" is pending
Pod	kube-system/kops-controller-xjwc6												system-cluster-critical pod "kops-controller-xjwc6" is pending

Validation Failed
W0416 17:20:50.908926   54632 validate_cluster.go:230] (will retry): cluster not yet healthy
I0416 17:21:01.588753   54632 gce_cloud.go:307] Scanning zones: [europe-west1-b europe-west1-d europe-west1-c]
INSTANCE GROUPS
NAME			ROLE		MACHINETYPE	MIN	MAX	SUBNETS
client-agent		Node		e2-standard-8	1	1	europe-west1
client-measure		Node		n2-standard-2	1	1	europe-west1
master-europe-west1-b	ControlPlane	n2-standard-2	1	1	europe-west1
memcache-server		Node		n2-highmem-4	1	1	europe-west1

NODE STATUS
NAME	ROLE	READY

VALIDATION ERRORS
KIND	NAME																MESSAGE
Machine	https://www.googleapis.com/compute/v1/projects/cca-eth-2025-group-031/zones/europe-west1-b/instances/client-agent-v4fj		machine "https://www.googleapis.com/compute/v1/projects/cca-eth-2025-group-031/zones/europe-west1-b/instances/client-agent-v4fj" has not yet joined cluster
Machine	https://www.googleapis.com/compute/v1/projects/cca-eth-2025-group-031/zones/europe-west1-b/instances/client-measure-jzn4	machine "https://www.googleapis.com/compute/v1/projects/cca-eth-2025-group-031/zones/europe-west1-b/instances/client-measure-jzn4" has not yet joined cluster
Machine	https://www.googleapis.com/compute/v1/projects/cca-eth-2025-group-031/zones/europe-west1-b/instances/master-europe-west1-b-tsxj	machine "https://www.googleapis.com/compute/v1/projects/cca-eth-2025-group-031/zones/europe-west1-b/instances/master-europe-west1-b-tsxj" has not yet joined cluster
Machine	https://www.googleapis.com/compute/v1/projects/cca-eth-2025-group-031/zones/europe-west1-b/instances/memcache-server-r3hq	machine "https://www.googleapis.com/compute/v1/projects/cca-eth-2025-group-031/zones/europe-west1-b/instances/memcache-server-r3hq" has not yet joined cluster
Pod	kube-system/cloud-controller-manager-g6gfr											system-cluster-critical pod "cloud-controller-manager-g6gfr" is pending
Pod	kube-system/coredns-autoscaler-56467f9769-8ntv8											system-cluster-critical pod "coredns-autoscaler-56467f9769-8ntv8" is pending
Pod	kube-system/coredns-db7b68989-frz9b												system-cluster-critical pod "coredns-db7b68989-frz9b" is pending
Pod	kube-system/kops-controller-xjwc6												system-cluster-critical pod "kops-controller-xjwc6" is pending
Pod	kube-system/kube-proxy-master-europe-west1-b-tsxj										system-node-critical pod "kube-proxy-master-europe-west1-b-tsxj" is pending

Validation Failed
W0416 17:21:03.049192   54632 validate_cluster.go:230] (will retry): cluster not yet healthy
I0416 17:21:13.774711   54632 gce_cloud.go:307] Scanning zones: [europe-west1-b europe-west1-d europe-west1-c]
INSTANCE GROUPS
NAME			ROLE		MACHINETYPE	MIN	MAX	SUBNETS
client-agent		Node		e2-standard-8	1	1	europe-west1
client-measure		Node		n2-standard-2	1	1	europe-west1
master-europe-west1-b	ControlPlane	n2-standard-2	1	1	europe-west1
memcache-server		Node		n2-highmem-4	1	1	europe-west1

NODE STATUS
NAME	ROLE	READY

VALIDATION ERRORS
KIND	NAME																MESSAGE
Machine	https://www.googleapis.com/compute/v1/projects/cca-eth-2025-group-031/zones/europe-west1-b/instances/client-agent-v4fj		machine "https://www.googleapis.com/compute/v1/projects/cca-eth-2025-group-031/zones/europe-west1-b/instances/client-agent-v4fj" has not yet joined cluster
Machine	https://www.googleapis.com/compute/v1/projects/cca-eth-2025-group-031/zones/europe-west1-b/instances/client-measure-jzn4	machine "https://www.googleapis.com/compute/v1/projects/cca-eth-2025-group-031/zones/europe-west1-b/instances/client-measure-jzn4" has not yet joined cluster
Machine	https://www.googleapis.com/compute/v1/projects/cca-eth-2025-group-031/zones/europe-west1-b/instances/master-europe-west1-b-tsxj	machine "https://www.googleapis.com/compute/v1/projects/cca-eth-2025-group-031/zones/europe-west1-b/instances/master-europe-west1-b-tsxj" has not yet joined cluster
Machine	https://www.googleapis.com/compute/v1/projects/cca-eth-2025-group-031/zones/europe-west1-b/instances/memcache-server-r3hq	machine "https://www.googleapis.com/compute/v1/projects/cca-eth-2025-group-031/zones/europe-west1-b/instances/memcache-server-r3hq" has not yet joined cluster
Pod	kube-system/coredns-autoscaler-56467f9769-8ntv8											system-cluster-critical pod "coredns-autoscaler-56467f9769-8ntv8" is pending
Pod	kube-system/coredns-db7b68989-frz9b												system-cluster-critical pod "coredns-db7b68989-frz9b" is pending
Pod	kube-system/kops-controller-xjwc6												system-cluster-critical pod "kops-controller-xjwc6" is pending

Validation Failed
W0416 17:21:15.279862   54632 validate_cluster.go:230] (will retry): cluster not yet healthy
I0416 17:21:25.960621   54632 gce_cloud.go:307] Scanning zones: [europe-west1-b europe-west1-d europe-west1-c]
INSTANCE GROUPS
NAME			ROLE		MACHINETYPE	MIN	MAX	SUBNETS
client-agent		Node		e2-standard-8	1	1	europe-west1
client-measure		Node		n2-standard-2	1	1	europe-west1
master-europe-west1-b	ControlPlane	n2-standard-2	1	1	europe-west1
memcache-server		Node		n2-highmem-4	1	1	europe-west1

NODE STATUS
NAME	ROLE	READY

VALIDATION ERRORS
KIND	NAME																MESSAGE
Machine	https://www.googleapis.com/compute/v1/projects/cca-eth-2025-group-031/zones/europe-west1-b/instances/client-agent-v4fj		machine "https://www.googleapis.com/compute/v1/projects/cca-eth-2025-group-031/zones/europe-west1-b/instances/client-agent-v4fj" has not yet joined cluster
Machine	https://www.googleapis.com/compute/v1/projects/cca-eth-2025-group-031/zones/europe-west1-b/instances/client-measure-jzn4	machine "https://www.googleapis.com/compute/v1/projects/cca-eth-2025-group-031/zones/europe-west1-b/instances/client-measure-jzn4" has not yet joined cluster
Machine	https://www.googleapis.com/compute/v1/projects/cca-eth-2025-group-031/zones/europe-west1-b/instances/master-europe-west1-b-tsxj	machine "https://www.googleapis.com/compute/v1/projects/cca-eth-2025-group-031/zones/europe-west1-b/instances/master-europe-west1-b-tsxj" has not yet joined cluster
Machine	https://www.googleapis.com/compute/v1/projects/cca-eth-2025-group-031/zones/europe-west1-b/instances/memcache-server-r3hq	machine "https://www.googleapis.com/compute/v1/projects/cca-eth-2025-group-031/zones/europe-west1-b/instances/memcache-server-r3hq" has not yet joined cluster
Pod	kube-system/coredns-autoscaler-56467f9769-8ntv8											system-cluster-critical pod "coredns-autoscaler-56467f9769-8ntv8" is pending
Pod	kube-system/coredns-db7b68989-frz9b												system-cluster-critical pod "coredns-db7b68989-frz9b" is pending

Validation Failed
W0416 17:21:27.462913   54632 validate_cluster.go:230] (will retry): cluster not yet healthy
I0416 17:21:38.049342   54632 gce_cloud.go:307] Scanning zones: [europe-west1-b europe-west1-d europe-west1-c]
INSTANCE GROUPS
NAME			ROLE		MACHINETYPE	MIN	MAX	SUBNETS
client-agent		Node		e2-standard-8	1	1	europe-west1
client-measure		Node		n2-standard-2	1	1	europe-west1
master-europe-west1-b	ControlPlane	n2-standard-2	1	1	europe-west1
memcache-server		Node		n2-highmem-4	1	1	europe-west1

NODE STATUS
NAME				ROLE		READY
master-europe-west1-b-tsxj	control-plane	True

VALIDATION ERRORS
KIND	NAME																MESSAGE
Machine	https://www.googleapis.com/compute/v1/projects/cca-eth-2025-group-031/zones/europe-west1-b/instances/client-agent-v4fj		machine "https://www.googleapis.com/compute/v1/projects/cca-eth-2025-group-031/zones/europe-west1-b/instances/client-agent-v4fj" has not yet joined cluster
Machine	https://www.googleapis.com/compute/v1/projects/cca-eth-2025-group-031/zones/europe-west1-b/instances/client-measure-jzn4	machine "https://www.googleapis.com/compute/v1/projects/cca-eth-2025-group-031/zones/europe-west1-b/instances/client-measure-jzn4" has not yet joined cluster
Machine	https://www.googleapis.com/compute/v1/projects/cca-eth-2025-group-031/zones/europe-west1-b/instances/memcache-server-r3hq	machine "https://www.googleapis.com/compute/v1/projects/cca-eth-2025-group-031/zones/europe-west1-b/instances/memcache-server-r3hq" has not yet joined cluster
Node	master-europe-west1-b-tsxj													control-plane node "master-europe-west1-b-tsxj" is missing kube-apiserver pod
Node	master-europe-west1-b-tsxj													control-plane node "master-europe-west1-b-tsxj" is missing kube-controller-manager pod
Node	master-europe-west1-b-tsxj													control-plane node "master-europe-west1-b-tsxj" is missing kube-scheduler pod
Pod	kube-system/coredns-autoscaler-56467f9769-8ntv8											system-cluster-critical pod "coredns-autoscaler-56467f9769-8ntv8" is pending
Pod	kube-system/coredns-db7b68989-frz9b												system-cluster-critical pod "coredns-db7b68989-frz9b" is pending

Validation Failed
W0416 17:21:39.389882   54632 validate_cluster.go:230] (will retry): cluster not yet healthy
I0416 17:21:49.921594   54632 gce_cloud.go:307] Scanning zones: [europe-west1-b europe-west1-d europe-west1-c]
INSTANCE GROUPS
NAME			ROLE		MACHINETYPE	MIN	MAX	SUBNETS
client-agent		Node		e2-standard-8	1	1	europe-west1
client-measure		Node		n2-standard-2	1	1	europe-west1
master-europe-west1-b	ControlPlane	n2-standard-2	1	1	europe-west1
memcache-server		Node		n2-highmem-4	1	1	europe-west1

NODE STATUS
NAME				ROLE		READY
master-europe-west1-b-tsxj	control-plane	True

VALIDATION ERRORS
KIND	NAME																MESSAGE
Machine	https://www.googleapis.com/compute/v1/projects/cca-eth-2025-group-031/zones/europe-west1-b/instances/client-agent-v4fj		machine "https://www.googleapis.com/compute/v1/projects/cca-eth-2025-group-031/zones/europe-west1-b/instances/client-agent-v4fj" has not yet joined cluster
Machine	https://www.googleapis.com/compute/v1/projects/cca-eth-2025-group-031/zones/europe-west1-b/instances/client-measure-jzn4	machine "https://www.googleapis.com/compute/v1/projects/cca-eth-2025-group-031/zones/europe-west1-b/instances/client-measure-jzn4" has not yet joined cluster
Machine	https://www.googleapis.com/compute/v1/projects/cca-eth-2025-group-031/zones/europe-west1-b/instances/memcache-server-r3hq	machine "https://www.googleapis.com/compute/v1/projects/cca-eth-2025-group-031/zones/europe-west1-b/instances/memcache-server-r3hq" has not yet joined cluster
Node	master-europe-west1-b-tsxj													control-plane node "master-europe-west1-b-tsxj" is missing kube-apiserver pod
Node	master-europe-west1-b-tsxj													control-plane node "master-europe-west1-b-tsxj" is missing kube-controller-manager pod
Node	master-europe-west1-b-tsxj													control-plane node "master-europe-west1-b-tsxj" is missing kube-scheduler pod
Pod	kube-system/coredns-autoscaler-56467f9769-8ntv8											system-cluster-critical pod "coredns-autoscaler-56467f9769-8ntv8" is pending
Pod	kube-system/coredns-db7b68989-frz9b												system-cluster-critical pod "coredns-db7b68989-frz9b" is pending
Pod	kube-system/kube-scheduler-master-europe-west1-b-tsxj										system-cluster-critical pod "kube-scheduler-master-europe-west1-b-tsxj" is pending

Validation Failed
W0416 17:21:51.421456   54632 validate_cluster.go:230] (will retry): cluster not yet healthy
I0416 17:22:02.209859   54632 gce_cloud.go:307] Scanning zones: [europe-west1-b europe-west1-d europe-west1-c]
INSTANCE GROUPS
NAME			ROLE		MACHINETYPE	MIN	MAX	SUBNETS
client-agent		Node		e2-standard-8	1	1	europe-west1
client-measure		Node		n2-standard-2	1	1	europe-west1
master-europe-west1-b	ControlPlane	n2-standard-2	1	1	europe-west1
memcache-server		Node		n2-highmem-4	1	1	europe-west1

NODE STATUS
NAME				ROLE		READY
master-europe-west1-b-tsxj	control-plane	True

VALIDATION ERRORS
KIND	NAME																MESSAGE
Machine	https://www.googleapis.com/compute/v1/projects/cca-eth-2025-group-031/zones/europe-west1-b/instances/client-agent-v4fj		machine "https://www.googleapis.com/compute/v1/projects/cca-eth-2025-group-031/zones/europe-west1-b/instances/client-agent-v4fj" has not yet joined cluster
Machine	https://www.googleapis.com/compute/v1/projects/cca-eth-2025-group-031/zones/europe-west1-b/instances/client-measure-jzn4	machine "https://www.googleapis.com/compute/v1/projects/cca-eth-2025-group-031/zones/europe-west1-b/instances/client-measure-jzn4" has not yet joined cluster
Machine	https://www.googleapis.com/compute/v1/projects/cca-eth-2025-group-031/zones/europe-west1-b/instances/memcache-server-r3hq	machine "https://www.googleapis.com/compute/v1/projects/cca-eth-2025-group-031/zones/europe-west1-b/instances/memcache-server-r3hq" has not yet joined cluster
Pod	kube-system/coredns-autoscaler-56467f9769-8ntv8											system-cluster-critical pod "coredns-autoscaler-56467f9769-8ntv8" is pending
Pod	kube-system/coredns-db7b68989-frz9b												system-cluster-critical pod "coredns-db7b68989-frz9b" is pending

Validation Failed
W0416 17:22:04.070269   54632 validate_cluster.go:230] (will retry): cluster not yet healthy
I0416 17:22:14.704409   54632 gce_cloud.go:307] Scanning zones: [europe-west1-b europe-west1-d europe-west1-c]
INSTANCE GROUPS
NAME			ROLE		MACHINETYPE	MIN	MAX	SUBNETS
client-agent		Node		e2-standard-8	1	1	europe-west1
client-measure		Node		n2-standard-2	1	1	europe-west1
master-europe-west1-b	ControlPlane	n2-standard-2	1	1	europe-west1
memcache-server		Node		n2-highmem-4	1	1	europe-west1

NODE STATUS
NAME				ROLE		READY
master-europe-west1-b-tsxj	control-plane	True

VALIDATION ERRORS
KIND	NAME																MESSAGE
Machine	https://www.googleapis.com/compute/v1/projects/cca-eth-2025-group-031/zones/europe-west1-b/instances/client-agent-v4fj		machine "https://www.googleapis.com/compute/v1/projects/cca-eth-2025-group-031/zones/europe-west1-b/instances/client-agent-v4fj" has not yet joined cluster
Machine	https://www.googleapis.com/compute/v1/projects/cca-eth-2025-group-031/zones/europe-west1-b/instances/client-measure-jzn4	machine "https://www.googleapis.com/compute/v1/projects/cca-eth-2025-group-031/zones/europe-west1-b/instances/client-measure-jzn4" has not yet joined cluster
Machine	https://www.googleapis.com/compute/v1/projects/cca-eth-2025-group-031/zones/europe-west1-b/instances/memcache-server-r3hq	machine "https://www.googleapis.com/compute/v1/projects/cca-eth-2025-group-031/zones/europe-west1-b/instances/memcache-server-r3hq" has not yet joined cluster
Pod	kube-system/coredns-autoscaler-56467f9769-8ntv8											system-cluster-critical pod "coredns-autoscaler-56467f9769-8ntv8" is pending
Pod	kube-system/coredns-db7b68989-frz9b												system-cluster-critical pod "coredns-db7b68989-frz9b" is pending

Validation Failed
W0416 17:22:16.288255   54632 validate_cluster.go:230] (will retry): cluster not yet healthy
I0416 17:22:26.888796   54632 gce_cloud.go:307] Scanning zones: [europe-west1-b europe-west1-d europe-west1-c]
INSTANCE GROUPS
NAME			ROLE		MACHINETYPE	MIN	MAX	SUBNETS
client-agent		Node		e2-standard-8	1	1	europe-west1
client-measure		Node		n2-standard-2	1	1	europe-west1
master-europe-west1-b	ControlPlane	n2-standard-2	1	1	europe-west1
memcache-server		Node		n2-highmem-4	1	1	europe-west1

NODE STATUS
NAME				ROLE		READY
master-europe-west1-b-tsxj	control-plane	True

VALIDATION ERRORS
KIND	NAME																MESSAGE
Machine	https://www.googleapis.com/compute/v1/projects/cca-eth-2025-group-031/zones/europe-west1-b/instances/client-agent-v4fj		machine "https://www.googleapis.com/compute/v1/projects/cca-eth-2025-group-031/zones/europe-west1-b/instances/client-agent-v4fj" has not yet joined cluster
Machine	https://www.googleapis.com/compute/v1/projects/cca-eth-2025-group-031/zones/europe-west1-b/instances/client-measure-jzn4	machine "https://www.googleapis.com/compute/v1/projects/cca-eth-2025-group-031/zones/europe-west1-b/instances/client-measure-jzn4" has not yet joined cluster
Machine	https://www.googleapis.com/compute/v1/projects/cca-eth-2025-group-031/zones/europe-west1-b/instances/memcache-server-r3hq	machine "https://www.googleapis.com/compute/v1/projects/cca-eth-2025-group-031/zones/europe-west1-b/instances/memcache-server-r3hq" has not yet joined cluster
Pod	kube-system/coredns-autoscaler-56467f9769-8ntv8											system-cluster-critical pod "coredns-autoscaler-56467f9769-8ntv8" is pending
Pod	kube-system/coredns-db7b68989-frz9b												system-cluster-critical pod "coredns-db7b68989-frz9b" is pending

Validation Failed
W0416 17:22:28.389468   54632 validate_cluster.go:230] (will retry): cluster not yet healthy
I0416 17:22:39.072922   54632 gce_cloud.go:307] Scanning zones: [europe-west1-b europe-west1-d europe-west1-c]
INSTANCE GROUPS
NAME			ROLE		MACHINETYPE	MIN	MAX	SUBNETS
client-agent		Node		e2-standard-8	1	1	europe-west1
client-measure		Node		n2-standard-2	1	1	europe-west1
master-europe-west1-b	ControlPlane	n2-standard-2	1	1	europe-west1
memcache-server		Node		n2-highmem-4	1	1	europe-west1

NODE STATUS
NAME				ROLE		READY
client-measure-jzn4		node		True
master-europe-west1-b-tsxj	control-plane	True
memcache-server-r3hq		node		True

VALIDATION ERRORS
KIND	NAME															MESSAGE
Machine	https://www.googleapis.com/compute/v1/projects/cca-eth-2025-group-031/zones/europe-west1-b/instances/client-agent-v4fj	machine "https://www.googleapis.com/compute/v1/projects/cca-eth-2025-group-031/zones/europe-west1-b/instances/client-agent-v4fj" has not yet joined cluster
Pod	kube-system/coredns-db7b68989-wp9cz											system-cluster-critical pod "coredns-db7b68989-wp9cz" is not ready (coredns)

Validation Failed
W0416 17:22:40.566249   54632 validate_cluster.go:230] (will retry): cluster not yet healthy
I0416 17:22:51.258331   54632 gce_cloud.go:307] Scanning zones: [europe-west1-b europe-west1-d europe-west1-c]
INSTANCE GROUPS
NAME			ROLE		MACHINETYPE	MIN	MAX	SUBNETS
client-agent		Node		e2-standard-8	1	1	europe-west1
client-measure		Node		n2-standard-2	1	1	europe-west1
master-europe-west1-b	ControlPlane	n2-standard-2	1	1	europe-west1
memcache-server		Node		n2-highmem-4	1	1	europe-west1

NODE STATUS
NAME				ROLE		READY
client-measure-jzn4		node		True
master-europe-west1-b-tsxj	control-plane	True
memcache-server-r3hq		node		True

VALIDATION ERRORS
KIND	NAME															MESSAGE
Machine	https://www.googleapis.com/compute/v1/projects/cca-eth-2025-group-031/zones/europe-west1-b/instances/client-agent-v4fj	machine "https://www.googleapis.com/compute/v1/projects/cca-eth-2025-group-031/zones/europe-west1-b/instances/client-agent-v4fj" has not yet joined cluster

Validation Failed
W0416 17:22:52.702214   54632 validate_cluster.go:230] (will retry): cluster not yet healthy
I0416 17:23:03.443705   54632 gce_cloud.go:307] Scanning zones: [europe-west1-b europe-west1-d europe-west1-c]
INSTANCE GROUPS
NAME			ROLE		MACHINETYPE	MIN	MAX	SUBNETS
client-agent		Node		e2-standard-8	1	1	europe-west1
client-measure		Node		n2-standard-2	1	1	europe-west1
master-europe-west1-b	ControlPlane	n2-standard-2	1	1	europe-west1
memcache-server		Node		n2-highmem-4	1	1	europe-west1

NODE STATUS
NAME				ROLE		READY
client-agent-v4fj		node		True
client-measure-jzn4		node		True
master-europe-west1-b-tsxj	control-plane	True
memcache-server-r3hq		node		True

Your cluster part4.k8s.local is ready
[Matteo Log] cluster up!
NAME                         STATUS   ROLES           AGE     VERSION   INTERNAL-IP   EXTERNAL-IP      OS-IMAGE             KERNEL-VERSION   CONTAINER-RUNTIME
client-agent-v4fj            Ready    node            24s     v1.31.5   10.0.16.5     35.241.214.180   Ubuntu 24.04.1 LTS   6.8.0-1021-gcp   containerd://1.7.25
client-measure-jzn4          Ready    node            47s     v1.31.5   10.0.16.3     34.79.224.180    Ubuntu 24.04.1 LTS   6.8.0-1021-gcp   containerd://1.7.25
master-europe-west1-b-tsxj   Ready    control-plane   2m46s   v1.31.5   10.0.16.6     34.77.197.131    Ubuntu 24.04.1 LTS   6.8.0-1021-gcp   containerd://1.7.25
memcache-server-r3hq         Ready    node            45s     v1.31.5   10.0.16.4     35.195.200.101   Ubuntu 24.04.1 LTS   6.8.0-1021-gcp   containerd://1.7.25
[Matteo Log] Memcached internal IP is: 10.0.16.4
[Matteo Log] Memcached VM name is: memcache-server-r3hq
[Matteo Log] client agent internal IP is: 10.0.16.5
[Matteo Log] client agent VM name is: client-agent-v4fj
[Matteo Log] client measure intenral IP is: 10.0.16.3
[Matteo Log] client measure VM name is: client-measure-jzn4
Warning: Permanently added 'compute.4097145958768473882' (ED25519) to the list of known hosts.

WARNING: apt does not have a stable CLI interface. Use with caution in scripts.

Hit:1 http://europe-west1.gce.archive.ubuntu.com/ubuntu noble InRelease
Hit:2 http://europe-west1.gce.archive.ubuntu.com/ubuntu noble-updates InRelease
Hit:3 http://europe-west1.gce.archive.ubuntu.com/ubuntu noble-backports InRelease
Hit:4 http://security.ubuntu.com/ubuntu noble-security InRelease
Reading package lists...
Building dependency tree...
Reading state information...
120 packages can be upgraded. Run 'apt list --upgradable' to see them.
Reading package lists...
WARNING: apt does not have a stable CLI interface. Use with caution in scripts.


Building dependency tree...
Reading state information...
The following additional packages will be installed:
  libevent-2.1-7t64 libhashkit2t64 libmemcached11t64 libmemcachedutil2t64
Suggested packages:
  libanyevent-perl libcache-memcached-perl libmemcached libyaml-perl
The following NEW packages will be installed:
  libevent-2.1-7t64 libhashkit2t64 libmemcached-tools libmemcached11t64
  libmemcachedutil2t64 memcached
0 upgraded, 6 newly installed, 0 to remove and 120 not upgraded.
Need to get 622 kB of archives.
After this operation, 2090 kB of additional disk space will be used.
Get:1 http://europe-west1.gce.archive.ubuntu.com/ubuntu noble/main amd64 libevent-2.1-7t64 amd64 2.1.12-stable-9ubuntu2 [145 kB]
Get:2 http://europe-west1.gce.archive.ubuntu.com/ubuntu noble/main amd64 memcached amd64 1.6.24-1build3 [213 kB]
Get:3 http://europe-west1.gce.archive.ubuntu.com/ubuntu noble/main amd64 libhashkit2t64 amd64 1.1.4-1.1build3 [15.5 kB]
Get:4 http://europe-west1.gce.archive.ubuntu.com/ubuntu noble/main amd64 libmemcached11t64 amd64 1.1.4-1.1build3 [80.5 kB]
Get:5 http://europe-west1.gce.archive.ubuntu.com/ubuntu noble/main amd64 libmemcachedutil2t64 amd64 1.1.4-1.1build3 [11.2 kB]
Get:6 http://europe-west1.gce.archive.ubuntu.com/ubuntu noble/main amd64 libmemcached-tools amd64 1.1.4-1.1build3 [157 kB]
debconf: unable to initialize frontend: Dialog
debconf: (Dialog frontend will not work on a dumb terminal, an emacs shell buffer, or without a controlling terminal.)
debconf: falling back to frontend: Readline
debconf: unable to initialize frontend: Readline
debconf: (This frontend requires a controlling tty.)
debconf: falling back to frontend: Teletype
dpkg-preconfigure: unable to re-open stdin: 
Fetched 622 kB in 0s (4880 kB/s)
Selecting previously unselected package libevent-2.1-7t64:amd64.
(Reading database ... (Reading database ... 5%(Reading database ... 10%(Reading database ... 15%(Reading database ... 20%(Reading database ... 25%(Reading database ... 30%(Reading database ... 35%(Reading database ... 40%(Reading database ... 45%(Reading database ... 50%(Reading database ... 55%(Reading database ... 60%(Reading database ... 65%(Reading database ... 70%(Reading database ... 75%(Reading database ... 80%(Reading database ... 85%(Reading database ... 90%(Reading database ... 95%(Reading database ... 100%(Reading database ... 70879 files and directories currently installed.)
Preparing to unpack .../0-libevent-2.1-7t64_2.1.12-stable-9ubuntu2_amd64.deb ...
Unpacking libevent-2.1-7t64:amd64 (2.1.12-stable-9ubuntu2) ...
Selecting previously unselected package memcached.
Preparing to unpack .../1-memcached_1.6.24-1build3_amd64.deb ...
Unpacking memcached (1.6.24-1build3) ...
Selecting previously unselected package libhashkit2t64:amd64.
Preparing to unpack .../2-libhashkit2t64_1.1.4-1.1build3_amd64.deb ...
Unpacking libhashkit2t64:amd64 (1.1.4-1.1build3) ...
Selecting previously unselected package libmemcached11t64:amd64.
Preparing to unpack .../3-libmemcached11t64_1.1.4-1.1build3_amd64.deb ...
Unpacking libmemcached11t64:amd64 (1.1.4-1.1build3) ...
Selecting previously unselected package libmemcachedutil2t64:amd64.
Preparing to unpack .../4-libmemcachedutil2t64_1.1.4-1.1build3_amd64.deb ...
Unpacking libmemcachedutil2t64:amd64 (1.1.4-1.1build3) ...
Selecting previously unselected package libmemcached-tools.
Preparing to unpack .../5-libmemcached-tools_1.1.4-1.1build3_amd64.deb ...
Unpacking libmemcached-tools (1.1.4-1.1build3) ...
Setting up libevent-2.1-7t64:amd64 (2.1.12-stable-9ubuntu2) ...
Setting up memcached (1.6.24-1build3) ...
Created symlink /etc/systemd/system/multi-user.target.wants/memcached.service â†’ /usr/lib/systemd/system/memcached.service.
Setting up libhashkit2t64:amd64 (1.1.4-1.1build3) ...
Setting up libmemcached11t64:amd64 (1.1.4-1.1build3) ...
Setting up libmemcachedutil2t64:amd64 (1.1.4-1.1build3) ...
Setting up libmemcached-tools (1.1.4-1.1build3) ...
Processing triggers for libc-bin (2.39-0ubuntu8.3) ...
Processing triggers for man-db (2.12.0-4build2) ...
debconf: unable to initialize frontend: Dialog
debconf: (Dialog frontend will not work on a dumb terminal, an emacs shell buffer, or without a controlling terminal.)
debconf: falling back to frontend: Readline
debconf: unable to initialize frontend: Readline
debconf: (This frontend requires a controlling tty.)
debconf: falling back to frontend: Teletype

Running kernel seems to be up-to-date.

No services need to be restarted.

No containers need to be restarted.

No user sessions are running outdated binaries.

No VM guests are running outdated hypervisor (qemu) binaries on this host.
[Matteo Log] memcached_init.sh complete
Warning: Permanently added 'compute.3609246263877465881' (ED25519) to the list of known hosts.
Hit:1 http://europe-west1.gce.archive.ubuntu.com/ubuntu noble InRelease
Hit:2 http://europe-west1.gce.archive.ubuntu.com/ubuntu noble-updates InRelease
Hit:3 http://europe-west1.gce.archive.ubuntu.com/ubuntu noble-backports InRelease
Hit:4 http://security.ubuntu.com/ubuntu noble-security InRelease
Get:5 http://europe-west1.gce.archive.ubuntu.com/ubuntu noble/restricted Sources [18.7 kB]
Get:6 http://europe-west1.gce.archive.ubuntu.com/ubuntu noble/main Sources [1384 kB]
Get:7 http://europe-west1.gce.archive.ubuntu.com/ubuntu noble/universe Sources [19.8 MB]
Get:8 http://europe-west1.gce.archive.ubuntu.com/ubuntu noble/multiverse Sources [299 kB]
Get:9 http://europe-west1.gce.archive.ubuntu.com/ubuntu noble-updates/multiverse Sources [15.2 kB]
Get:10 http://europe-west1.gce.archive.ubuntu.com/ubuntu noble-updates/main Sources [402 kB]
Get:11 http://europe-west1.gce.archive.ubuntu.com/ubuntu noble-updates/universe Sources [421 kB]
Get:12 http://europe-west1.gce.archive.ubuntu.com/ubuntu noble-updates/restricted Sources [33.0 kB]
Get:13 http://europe-west1.gce.archive.ubuntu.com/ubuntu noble-backports/main Sources [5076 B]
Get:14 http://europe-west1.gce.archive.ubuntu.com/ubuntu noble-backports/universe Sources [11.3 kB]
Get:15 http://security.ubuntu.com/ubuntu noble-security/universe Sources [302 kB]
Get:16 http://security.ubuntu.com/ubuntu noble-security/main Sources [164 kB]
Get:17 http://security.ubuntu.com/ubuntu noble-security/restricted Sources [31.3 kB]
Get:18 http://security.ubuntu.com/ubuntu noble-security/multiverse Sources [9360 B]
Fetched 22.9 MB in 3s (7252 kB/s)
Reading package lists...
Reading package lists...
Building dependency tree...
Reading state information...
git is already the newest version (1:2.43.0-1ubuntu7.2).
git set to manually installed.
The following additional packages will be installed:
  binutils binutils-common binutils-x86-64-linux-gnu comerr-dev cpp cpp-13
  cpp-13-x86-64-linux-gnu cpp-x86-64-linux-gnu cppzmq-dev fontconfig-config
  fonts-dejavu-core fonts-dejavu-mono g++-13 g++-13-x86-64-linux-gnu
  g++-x86-64-linux-gnu gcc gcc-13 gcc-13-base gcc-13-x86-64-linux-gnu
  gcc-x86-64-linux-gnu icu-devtools krb5-locales krb5-multidev libaom3
  libasan8 libatomic1 libbinutils libbsd-dev libc-bin libc-dev-bin
  libc-devtools libc6 libc6-dev libcc1-0 libcrypt-dev libctf-nobfd0 libctf0
  libde265-0 libdeflate0 libevent-2.1-7t64 libevent-extra-2.1-7t64
  libevent-openssl-2.1-7t64 libevent-pthreads-2.1-7t64 libfontconfig1
  libgcc-13-dev libgd3 libgomp1 libgprofng0 libgssapi-krb5-2 libgssrpc4t64
  libheif-plugin-aomdec libheif-plugin-aomenc libheif-plugin-libde265 libheif1
  libhwasan0 libicu-dev libisl23 libitm1 libjbig0 libjpeg-turbo8 libjpeg8
  libk5crypto3 libkadm5clnt-mit12 libkadm5srv-mit12 libkdb5-10t64 libkrb5-3
  libkrb5-dev libkrb5support0 liblerc4 liblsan0 libmd-dev libmpc3 libnorm-dev
  libnorm1t64 libpgm-5.3-0t64 libpgm-dev libquadmath0 libsframe1 libsharpyuv0
  libsodium-dev libstdc++-13-dev libtiff6 libtsan2 libubsan1 libwebp7 libxml2
  libxml2-dev libxpm4 libzmq5 linux-libc-dev linux-tools-common locales
  manpages-dev rpcsvc-proto
Suggested packages:
  binutils-doc gprofng-gui doc-base cpp-doc gcc-13-locales cpp-13-doc
  g++-multilib g++-13-multilib gcc-13-doc gcc-multilib autoconf automake
  libtool flex bison gdb gcc-doc gcc-13-multilib gdb-x86-64-linux-gnu krb5-doc
  glibc-doc libnss-nis libnss-nisplus libgd-tools krb5-user
  libheif-plugin-x265 libheif-plugin-ffmpegdec libheif-plugin-jpegdec
  libheif-plugin-jpegenc libheif-plugin-j2kdec libheif-plugin-j2kenc
  libheif-plugin-rav1e libheif-plugin-svtenc icu-doc libnorm-doc
  libstdc++-13-doc pkg-config make-doc
The following NEW packages will be installed:
  binutils binutils-common binutils-x86-64-linux-gnu comerr-dev cpp cpp-13
  cpp-13-x86-64-linux-gnu cpp-x86-64-linux-gnu cppzmq-dev fontconfig-config
  fonts-dejavu-core fonts-dejavu-mono g++ g++-13 g++-13-x86-64-linux-gnu
  g++-x86-64-linux-gnu gcc gcc-13 gcc-13-base gcc-13-x86-64-linux-gnu
  gcc-x86-64-linux-gnu icu-devtools krb5-multidev libaom3 libasan8 libatomic1
  libbinutils libbsd-dev libc-dev-bin libc-devtools libc6-dev libcc1-0
  libcrypt-dev libctf-nobfd0 libctf0 libde265-0 libdeflate0 libevent-2.1-7t64
  libevent-dev libevent-extra-2.1-7t64 libevent-openssl-2.1-7t64
  libevent-pthreads-2.1-7t64 libfontconfig1 libgcc-13-dev libgd3 libgomp1
  libgprofng0 libgssrpc4t64 libheif-plugin-aomdec libheif-plugin-aomenc
  libheif-plugin-libde265 libheif1 libhwasan0 libicu-dev libisl23 libitm1
  libjbig0 libjpeg-turbo8 libjpeg8 libkadm5clnt-mit12 libkadm5srv-mit12
  libkdb5-10t64 libkrb5-dev liblerc4 liblsan0 libmd-dev libmpc3 libnorm-dev
  libnorm1t64 libpgm-5.3-0t64 libpgm-dev libquadmath0 libsframe1 libsharpyuv0
  libsodium-dev libstdc++-13-dev libtiff6 libtsan2 libubsan1 libwebp7
  libxml2-dev libxpm4 libzmq3-dev libzmq5 linux-libc-dev make manpages-dev
  rpcsvc-proto
The following packages will be upgraded:
  krb5-locales libc-bin libc6 libgssapi-krb5-2 libk5crypto3 libkrb5-3
  libkrb5support0 libxml2 linux-tools-common locales
10 upgraded, 88 newly installed, 0 to remove and 110 not upgraded.
Need to get 103 MB of archives.
After this operation, 331 MB of additional disk space will be used.
Get:1 http://europe-west1.gce.archive.ubuntu.com/ubuntu noble-updates/main amd64 libc6 amd64 2.39-0ubuntu8.4 [3264 kB]
Get:2 http://europe-west1.gce.archive.ubuntu.com/ubuntu noble-updates/main amd64 libc-bin amd64 2.39-0ubuntu8.4 [682 kB]
Get:3 http://europe-west1.gce.archive.ubuntu.com/ubuntu noble-updates/main amd64 krb5-locales all 1.20.1-6ubuntu2.5 [14.5 kB]
Get:4 http://europe-west1.gce.archive.ubuntu.com/ubuntu noble-updates/main amd64 libgssapi-krb5-2 amd64 1.20.1-6ubuntu2.5 [143 kB]
Get:5 http://europe-west1.gce.archive.ubuntu.com/ubuntu noble-updates/main amd64 libkrb5-3 amd64 1.20.1-6ubuntu2.5 [347 kB]
Get:6 http://europe-west1.gce.archive.ubuntu.com/ubuntu noble-updates/main amd64 libkrb5support0 amd64 1.20.1-6ubuntu2.5 [34.1 kB]
Get:7 http://europe-west1.gce.archive.ubuntu.com/ubuntu noble-updates/main amd64 libk5crypto3 amd64 1.20.1-6ubuntu2.5 [82.0 kB]
Get:8 http://europe-west1.gce.archive.ubuntu.com/ubuntu noble-updates/main amd64 libxml2 amd64 2.9.14+dfsg-1.3ubuntu3.2 [763 kB]
Get:9 http://europe-west1.gce.archive.ubuntu.com/ubuntu noble-updates/main amd64 locales all 2.39-0ubuntu8.4 [4229 kB]
Get:10 http://europe-west1.gce.archive.ubuntu.com/ubuntu noble-updates/main amd64 binutils-common amd64 2.42-4ubuntu2.5 [240 kB]
Get:11 http://europe-west1.gce.archive.ubuntu.com/ubuntu noble-updates/main amd64 libsframe1 amd64 2.42-4ubuntu2.5 [15.5 kB]
Get:12 http://europe-west1.gce.archive.ubuntu.com/ubuntu noble-updates/main amd64 libbinutils amd64 2.42-4ubuntu2.5 [577 kB]
Get:13 http://europe-west1.gce.archive.ubuntu.com/ubuntu noble-updates/main amd64 libctf-nobfd0 amd64 2.42-4ubuntu2.5 [97.7 kB]
Get:14 http://europe-west1.gce.archive.ubuntu.com/ubuntu noble-updates/main amd64 libctf0 amd64 2.42-4ubuntu2.5 [94.5 kB]
Get:15 http://europe-west1.gce.archive.ubuntu.com/ubuntu noble-updates/main amd64 libgprofng0 amd64 2.42-4ubuntu2.5 [849 kB]
Get:16 http://europe-west1.gce.archive.ubuntu.com/ubuntu noble-updates/main amd64 binutils-x86-64-linux-gnu amd64 2.42-4ubuntu2.5 [2462 kB]
Get:17 http://europe-west1.gce.archive.ubuntu.com/ubuntu noble-updates/main amd64 binutils amd64 2.42-4ubuntu2.5 [18.1 kB]
Get:18 http://europe-west1.gce.archive.ubuntu.com/ubuntu noble-updates/main amd64 gcc-13-base amd64 13.3.0-6ubuntu2~24.04 [51.5 kB]
Get:19 http://europe-west1.gce.archive.ubuntu.com/ubuntu noble-updates/main amd64 libisl23 amd64 0.26-3build1.1 [680 kB]
Get:20 http://europe-west1.gce.archive.ubuntu.com/ubuntu noble-updates/main amd64 libmpc3 amd64 1.3.1-1build1.1 [54.6 kB]
Get:21 http://europe-west1.gce.archive.ubuntu.com/ubuntu noble-updates/main amd64 cpp-13-x86-64-linux-gnu amd64 13.3.0-6ubuntu2~24.04 [10.7 MB]
Get:22 http://europe-west1.gce.archive.ubuntu.com/ubuntu noble-updates/main amd64 cpp-13 amd64 13.3.0-6ubuntu2~24.04 [1038 B]
Get:23 http://europe-west1.gce.archive.ubuntu.com/ubuntu noble/main amd64 cpp-x86-64-linux-gnu amd64 4:13.2.0-7ubuntu1 [5326 B]
Get:24 http://europe-west1.gce.archive.ubuntu.com/ubuntu noble/main amd64 cpp amd64 4:13.2.0-7ubuntu1 [22.4 kB]
Get:25 http://europe-west1.gce.archive.ubuntu.com/ubuntu noble/universe amd64 libnorm1t64 amd64 1.5.9+dfsg-3.1build1 [154 kB]
Get:26 http://europe-west1.gce.archive.ubuntu.com/ubuntu noble/universe amd64 libpgm-5.3-0t64 amd64 5.3.128~dfsg-2.1build1 [167 kB]
Get:27 http://europe-west1.gce.archive.ubuntu.com/ubuntu noble/universe amd64 libzmq5 amd64 4.3.5-1build2 [260 kB]
Get:28 http://europe-west1.gce.archive.ubuntu.com/ubuntu noble/universe amd64 libpgm-dev amd64 5.3.128~dfsg-2.1build1 [212 kB]
Get:29 http://europe-west1.gce.archive.ubuntu.com/ubuntu noble/main amd64 libsodium-dev amd64 1.0.18-1build3 [185 kB]
Get:30 http://europe-west1.gce.archive.ubuntu.com/ubuntu noble-updates/main amd64 icu-devtools amd64 74.2-1ubuntu3.1 [212 kB]
Get:31 http://europe-west1.gce.archive.ubuntu.com/ubuntu noble-updates/main amd64 libc-dev-bin amd64 2.39-0ubuntu8.4 [20.4 kB]
Get:32 http://europe-west1.gce.archive.ubuntu.com/ubuntu noble-updates/main amd64 linux-libc-dev amd64 6.8.0-57.59 [1807 kB]
Get:33 http://europe-west1.gce.archive.ubuntu.com/ubuntu noble/main amd64 libcrypt-dev amd64 1:4.4.36-4build1 [112 kB]
Get:34 http://europe-west1.gce.archive.ubuntu.com/ubuntu noble/main amd64 rpcsvc-proto amd64 1.4.2-0ubuntu7 [67.4 kB]
Get:35 http://europe-west1.gce.archive.ubuntu.com/ubuntu noble-updates/main amd64 libc6-dev amd64 2.39-0ubuntu8.4 [2124 kB]
Get:36 http://europe-west1.gce.archive.ubuntu.com/ubuntu noble-updates/main amd64 libicu-dev amd64 74.2-1ubuntu3.1 [11.9 MB]
Get:37 http://europe-west1.gce.archive.ubuntu.com/ubuntu noble-updates/main amd64 libxml2-dev amd64 2.9.14+dfsg-1.3ubuntu3.2 [780 kB]
Get:38 http://europe-west1.gce.archive.ubuntu.com/ubuntu noble/universe amd64 libnorm-dev amd64 1.5.9+dfsg-3.1build1 [429 kB]
Get:39 http://europe-west1.gce.archive.ubuntu.com/ubuntu noble-updates/main amd64 comerr-dev amd64 2.1-1.47.0-2.4~exp1ubuntu4.1 [43.8 kB]
Get:40 http://europe-west1.gce.archive.ubuntu.com/ubuntu noble-updates/main amd64 libgssrpc4t64 amd64 1.20.1-6ubuntu2.5 [57.6 kB]
Get:41 http://europe-west1.gce.archive.ubuntu.com/ubuntu noble-updates/main amd64 libkadm5clnt-mit12 amd64 1.20.1-6ubuntu2.5 [40.1 kB]
Get:42 http://europe-west1.gce.archive.ubuntu.com/ubuntu noble-updates/main amd64 libkdb5-10t64 amd64 1.20.1-6ubuntu2.5 [40.4 kB]
Get:43 http://europe-west1.gce.archive.ubuntu.com/ubuntu noble-updates/main amd64 libkadm5srv-mit12 amd64 1.20.1-6ubuntu2.5 [53.0 kB]
Get:44 http://europe-west1.gce.archive.ubuntu.com/ubuntu noble-updates/main amd64 krb5-multidev amd64 1.20.1-6ubuntu2.5 [125 kB]
Get:45 http://europe-west1.gce.archive.ubuntu.com/ubuntu noble-updates/main amd64 libkrb5-dev amd64 1.20.1-6ubuntu2.5 [11.9 kB]
Get:46 http://europe-west1.gce.archive.ubuntu.com/ubuntu noble-updates/main amd64 libmd-dev amd64 1.1.0-2build1.1 [45.5 kB]
Get:47 http://europe-west1.gce.archive.ubuntu.com/ubuntu noble-updates/main amd64 libbsd-dev amd64 0.12.1-1build1.1 [169 kB]
Get:48 http://europe-west1.gce.archive.ubuntu.com/ubuntu noble/universe amd64 libzmq3-dev amd64 4.3.5-1build2 [527 kB]
Get:49 http://europe-west1.gce.archive.ubuntu.com/ubuntu noble/universe amd64 cppzmq-dev amd64 4.10.0-1build1 [26.0 kB]
Get:50 http://europe-west1.gce.archive.ubuntu.com/ubuntu noble/main amd64 fonts-dejavu-mono all 2.37-8 [502 kB]
Get:51 http://europe-west1.gce.archive.ubuntu.com/ubuntu noble/main amd64 fonts-dejavu-core all 2.37-8 [835 kB]
Get:52 http://europe-west1.gce.archive.ubuntu.com/ubuntu noble/main amd64 fontconfig-config amd64 2.15.0-1.1ubuntu2 [37.3 kB]
Get:53 http://europe-west1.gce.archive.ubuntu.com/ubuntu noble-updates/main amd64 libcc1-0 amd64 14.2.0-4ubuntu2~24.04 [48.0 kB]
Get:54 http://europe-west1.gce.archive.ubuntu.com/ubuntu noble-updates/main amd64 libgomp1 amd64 14.2.0-4ubuntu2~24.04 [148 kB]
Get:55 http://europe-west1.gce.archive.ubuntu.com/ubuntu noble-updates/main amd64 libitm1 amd64 14.2.0-4ubuntu2~24.04 [29.7 kB]
Get:56 http://europe-west1.gce.archive.ubuntu.com/ubuntu noble-updates/main amd64 libatomic1 amd64 14.2.0-4ubuntu2~24.04 [10.5 kB]
Get:57 http://europe-west1.gce.archive.ubuntu.com/ubuntu noble-updates/main amd64 libasan8 amd64 14.2.0-4ubuntu2~24.04 [3031 kB]
Get:58 http://europe-west1.gce.archive.ubuntu.com/ubuntu noble-updates/main amd64 liblsan0 amd64 14.2.0-4ubuntu2~24.04 [1322 kB]
Get:59 http://europe-west1.gce.archive.ubuntu.com/ubuntu noble-updates/main amd64 libtsan2 amd64 14.2.0-4ubuntu2~24.04 [2772 kB]
Get:60 http://europe-west1.gce.archive.ubuntu.com/ubuntu noble-updates/main amd64 libubsan1 amd64 14.2.0-4ubuntu2~24.04 [1184 kB]
Get:61 http://europe-west1.gce.archive.ubuntu.com/ubuntu noble-updates/main amd64 libhwasan0 amd64 14.2.0-4ubuntu2~24.04 [1641 kB]
Get:62 http://europe-west1.gce.archive.ubuntu.com/ubuntu noble-updates/main amd64 libquadmath0 amd64 14.2.0-4ubuntu2~24.04 [153 kB]
Get:63 http://europe-west1.gce.archive.ubuntu.com/ubuntu noble-updates/main amd64 libgcc-13-dev amd64 13.3.0-6ubuntu2~24.04 [2681 kB]
Get:64 http://europe-west1.gce.archive.ubuntu.com/ubuntu noble-updates/main amd64 gcc-13-x86-64-linux-gnu amd64 13.3.0-6ubuntu2~24.04 [21.1 MB]
Get:65 http://europe-west1.gce.archive.ubuntu.com/ubuntu noble-updates/main amd64 gcc-13 amd64 13.3.0-6ubuntu2~24.04 [494 kB]
Get:66 http://europe-west1.gce.archive.ubuntu.com/ubuntu noble/main amd64 gcc-x86-64-linux-gnu amd64 4:13.2.0-7ubuntu1 [1212 B]
Get:67 http://europe-west1.gce.archive.ubuntu.com/ubuntu noble/main amd64 gcc amd64 4:13.2.0-7ubuntu1 [5018 B]
Get:68 http://europe-west1.gce.archive.ubuntu.com/ubuntu noble-updates/main amd64 libstdc++-13-dev amd64 13.3.0-6ubuntu2~24.04 [2420 kB]
Get:69 http://europe-west1.gce.archive.ubuntu.com/ubuntu noble-updates/main amd64 g++-13-x86-64-linux-gnu amd64 13.3.0-6ubuntu2~24.04 [12.2 MB]
Get:70 http://europe-west1.gce.archive.ubuntu.com/ubuntu noble-updates/main amd64 g++-13 amd64 13.3.0-6ubuntu2~24.04 [16.1 kB]
Get:71 http://europe-west1.gce.archive.ubuntu.com/ubuntu noble/main amd64 g++-x86-64-linux-gnu amd64 4:13.2.0-7ubuntu1 [964 B]
Get:72 http://europe-west1.gce.archive.ubuntu.com/ubuntu noble/main amd64 g++ amd64 4:13.2.0-7ubuntu1 [1100 B]
Get:73 http://europe-west1.gce.archive.ubuntu.com/ubuntu noble-updates/main amd64 libaom3 amd64 3.8.2-2ubuntu0.1 [1941 kB]
Get:74 http://europe-west1.gce.archive.ubuntu.com/ubuntu noble/main amd64 libfontconfig1 amd64 2.15.0-1.1ubuntu2 [139 kB]
Get:75 http://europe-west1.gce.archive.ubuntu.com/ubuntu noble/main amd64 libsharpyuv0 amd64 1.3.2-0.4build3 [15.8 kB]
Get:76 http://europe-west1.gce.archive.ubuntu.com/ubuntu noble-updates/main amd64 libheif-plugin-aomdec amd64 1.17.6-1ubuntu4.1 [10.4 kB]
Get:77 http://europe-west1.gce.archive.ubuntu.com/ubuntu noble/main amd64 libde265-0 amd64 1.0.15-1build3 [166 kB]
Get:78 http://europe-west1.gce.archive.ubuntu.com/ubuntu noble-updates/main amd64 libheif-plugin-libde265 amd64 1.17.6-1ubuntu4.1 [8176 B]
Get:79 http://europe-west1.gce.archive.ubuntu.com/ubuntu noble-updates/main amd64 libheif1 amd64 1.17.6-1ubuntu4.1 [275 kB]
Get:80 http://europe-west1.gce.archive.ubuntu.com/ubuntu noble/main amd64 libjpeg-turbo8 amd64 2.1.5-2ubuntu2 [150 kB]
Get:81 http://europe-west1.gce.archive.ubuntu.com/ubuntu noble/main amd64 libjpeg8 amd64 8c-2ubuntu11 [2148 B]
Get:82 http://europe-west1.gce.archive.ubuntu.com/ubuntu noble-updates/main amd64 libdeflate0 amd64 1.19-1build1.1 [43.9 kB]
Get:83 http://europe-west1.gce.archive.ubuntu.com/ubuntu noble/main amd64 libjbig0 amd64 2.1-6.1ubuntu2 [29.7 kB]
Get:84 http://europe-west1.gce.archive.ubuntu.com/ubuntu noble/main amd64 liblerc4 amd64 4.0.0+ds-4ubuntu2 [179 kB]
Get:85 http://europe-west1.gce.archive.ubuntu.com/ubuntu noble/main amd64 libwebp7 amd64 1.3.2-0.4build3 [230 kB]
Get:86 http://europe-west1.gce.archive.ubuntu.com/ubuntu noble-updates/main amd64 libtiff6 amd64 4.5.1+git230720-4ubuntu2.2 [199 kB]
Get:87 http://europe-west1.gce.archive.ubuntu.com/ubuntu noble/main amd64 libxpm4 amd64 1:3.5.17-1build2 [36.5 kB]
Get:88 http://europe-west1.gce.archive.ubuntu.com/ubuntu noble/main amd64 libgd3 amd64 2.3.3-9ubuntu5 [128 kB]
Get:89 http://europe-west1.gce.archive.ubuntu.com/ubuntu noble-updates/main amd64 libc-devtools amd64 2.39-0ubuntu8.4 [29.3 kB]
Get:90 http://europe-west1.gce.archive.ubuntu.com/ubuntu noble/main amd64 libevent-2.1-7t64 amd64 2.1.12-stable-9ubuntu2 [145 kB]
Get:91 http://europe-west1.gce.archive.ubuntu.com/ubuntu noble/main amd64 libevent-extra-2.1-7t64 amd64 2.1.12-stable-9ubuntu2 [64.2 kB]
Get:92 http://europe-west1.gce.archive.ubuntu.com/ubuntu noble/main amd64 libevent-pthreads-2.1-7t64 amd64 2.1.12-stable-9ubuntu2 [7982 B]
Get:93 http://europe-west1.gce.archive.ubuntu.com/ubuntu noble/main amd64 libevent-openssl-2.1-7t64 amd64 2.1.12-stable-9ubuntu2 [15.7 kB]
Get:94 http://europe-west1.gce.archive.ubuntu.com/ubuntu noble/main amd64 libevent-dev amd64 2.1.12-stable-9ubuntu2 [274 kB]
Get:95 http://europe-west1.gce.archive.ubuntu.com/ubuntu noble-updates/main amd64 libheif-plugin-aomenc amd64 1.17.6-1ubuntu4.1 [14.7 kB]
Get:96 http://europe-west1.gce.archive.ubuntu.com/ubuntu noble-updates/main amd64 linux-tools-common all 6.8.0-57.59 [647 kB]
Get:97 http://europe-west1.gce.archive.ubuntu.com/ubuntu noble/main amd64 make amd64 4.3-4.1build2 [180 kB]
Get:98 http://europe-west1.gce.archive.ubuntu.com/ubuntu noble/main amd64 manpages-dev all 6.7-2 [2013 kB]
debconf: unable to initialize frontend: Dialog
debconf: (Dialog frontend will not work on a dumb terminal, an emacs shell buffer, or without a controlling terminal.)
debconf: falling back to frontend: Readline
debconf: unable to initialize frontend: Readline
debconf: (This frontend requires a controlling tty.)
debconf: falling back to frontend: Teletype
dpkg-preconfigure: unable to re-open stdin: 
Fetched 103 MB in 2s (53.0 MB/s)
(Reading database ... (Reading database ... 5%(Reading database ... 10%(Reading database ... 15%(Reading database ... 20%(Reading database ... 25%(Reading database ... 30%(Reading database ... 35%(Reading database ... 40%(Reading database ... 45%(Reading database ... 50%(Reading database ... 55%(Reading database ... 60%(Reading database ... 65%(Reading database ... 70%(Reading database ... 75%(Reading database ... 80%(Reading database ... 85%(Reading database ... 90%(Reading database ... 95%(Reading database ... 100%(Reading database ... 70879 files and directories currently installed.)
Preparing to unpack .../libc6_2.39-0ubuntu8.4_amd64.deb ...
debconf: unable to initialize frontend: Dialog
debconf: (Dialog frontend will not work on a dumb terminal, an emacs shell buffer, or without a controlling terminal.)
debconf: falling back to frontend: Readline
debconf: unable to initialize frontend: Readline
debconf: (This frontend requires a controlling tty.)
debconf: falling back to frontend: Teletype
Unpacking libc6:amd64 (2.39-0ubuntu8.4) over (2.39-0ubuntu8.3) ...
Setting up libc6:amd64 (2.39-0ubuntu8.4) ...
debconf: unable to initialize frontend: Dialog
debconf: (Dialog frontend will not work on a dumb terminal, an emacs shell buffer, or without a controlling terminal.)
debconf: falling back to frontend: Readline
debconf: unable to initialize frontend: Readline
debconf: (This frontend requires a controlling tty.)
debconf: falling back to frontend: Teletype
(Reading database ... (Reading database ... 5%(Reading database ... 10%(Reading database ... 15%(Reading database ... 20%(Reading database ... 25%(Reading database ... 30%(Reading database ... 35%(Reading database ... 40%(Reading database ... 45%(Reading database ... 50%(Reading database ... 55%(Reading database ... 60%(Reading database ... 65%(Reading database ... 70%(Reading database ... 75%(Reading database ... 80%(Reading database ... 85%(Reading database ... 90%(Reading database ... 95%(Reading database ... 100%(Reading database ... 70878 files and directories currently installed.)
Preparing to unpack .../libc-bin_2.39-0ubuntu8.4_amd64.deb ...
Unpacking libc-bin (2.39-0ubuntu8.4) over (2.39-0ubuntu8.3) ...
Setting up libc-bin (2.39-0ubuntu8.4) ...
(Reading database ... (Reading database ... 5%(Reading database ... 10%(Reading database ... 15%(Reading database ... 20%(Reading database ... 25%(Reading database ... 30%(Reading database ... 35%(Reading database ... 40%(Reading database ... 45%(Reading database ... 50%(Reading database ... 55%(Reading database ... 60%(Reading database ... 65%(Reading database ... 70%(Reading database ... 75%(Reading database ... 80%(Reading database ... 85%(Reading database ... 90%(Reading database ... 95%(Reading database ... 100%(Reading database ... 70877 files and directories currently installed.)
Preparing to unpack .../00-krb5-locales_1.20.1-6ubuntu2.5_all.deb ...
Unpacking krb5-locales (1.20.1-6ubuntu2.5) over (1.20.1-6ubuntu2.2) ...
Preparing to unpack .../01-libgssapi-krb5-2_1.20.1-6ubuntu2.5_amd64.deb ...
Unpacking libgssapi-krb5-2:amd64 (1.20.1-6ubuntu2.5) over (1.20.1-6ubuntu2.2) ...
Preparing to unpack .../02-libkrb5-3_1.20.1-6ubuntu2.5_amd64.deb ...
Unpacking libkrb5-3:amd64 (1.20.1-6ubuntu2.5) over (1.20.1-6ubuntu2.2) ...
Preparing to unpack .../03-libkrb5support0_1.20.1-6ubuntu2.5_amd64.deb ...
Unpacking libkrb5support0:amd64 (1.20.1-6ubuntu2.5) over (1.20.1-6ubuntu2.2) ...
Preparing to unpack .../04-libk5crypto3_1.20.1-6ubuntu2.5_amd64.deb ...
Unpacking libk5crypto3:amd64 (1.20.1-6ubuntu2.5) over (1.20.1-6ubuntu2.2) ...
Preparing to unpack .../05-libxml2_2.9.14+dfsg-1.3ubuntu3.2_amd64.deb ...
Unpacking libxml2:amd64 (2.9.14+dfsg-1.3ubuntu3.2) over (2.9.14+dfsg-1.3ubuntu3.1) ...
Preparing to unpack .../06-locales_2.39-0ubuntu8.4_all.deb ...
Unpacking locales (2.39-0ubuntu8.4) over (2.39-0ubuntu8.3) ...
Selecting previously unselected package binutils-common:amd64.
Preparing to unpack .../07-binutils-common_2.42-4ubuntu2.5_amd64.deb ...
Unpacking binutils-common:amd64 (2.42-4ubuntu2.5) ...
Selecting previously unselected package libsframe1:amd64.
Preparing to unpack .../08-libsframe1_2.42-4ubuntu2.5_amd64.deb ...
Unpacking libsframe1:amd64 (2.42-4ubuntu2.5) ...
Selecting previously unselected package libbinutils:amd64.
Preparing to unpack .../09-libbinutils_2.42-4ubuntu2.5_amd64.deb ...
Unpacking libbinutils:amd64 (2.42-4ubuntu2.5) ...
Selecting previously unselected package libctf-nobfd0:amd64.
Preparing to unpack .../10-libctf-nobfd0_2.42-4ubuntu2.5_amd64.deb ...
Unpacking libctf-nobfd0:amd64 (2.42-4ubuntu2.5) ...
Selecting previously unselected package libctf0:amd64.
Preparing to unpack .../11-libctf0_2.42-4ubuntu2.5_amd64.deb ...
Unpacking libctf0:amd64 (2.42-4ubuntu2.5) ...
Selecting previously unselected package libgprofng0:amd64.
Preparing to unpack .../12-libgprofng0_2.42-4ubuntu2.5_amd64.deb ...
Unpacking libgprofng0:amd64 (2.42-4ubuntu2.5) ...
Selecting previously unselected package binutils-x86-64-linux-gnu.
Preparing to unpack .../13-binutils-x86-64-linux-gnu_2.42-4ubuntu2.5_amd64.deb ...
Unpacking binutils-x86-64-linux-gnu (2.42-4ubuntu2.5) ...
Selecting previously unselected package binutils.
Preparing to unpack .../14-binutils_2.42-4ubuntu2.5_amd64.deb ...
Unpacking binutils (2.42-4ubuntu2.5) ...
Selecting previously unselected package gcc-13-base:amd64.
Preparing to unpack .../15-gcc-13-base_13.3.0-6ubuntu2~24.04_amd64.deb ...
Unpacking gcc-13-base:amd64 (13.3.0-6ubuntu2~24.04) ...
Selecting previously unselected package libisl23:amd64.
Preparing to unpack .../16-libisl23_0.26-3build1.1_amd64.deb ...
Unpacking libisl23:amd64 (0.26-3build1.1) ...
Selecting previously unselected package libmpc3:amd64.
Preparing to unpack .../17-libmpc3_1.3.1-1build1.1_amd64.deb ...
Unpacking libmpc3:amd64 (1.3.1-1build1.1) ...
Selecting previously unselected package cpp-13-x86-64-linux-gnu.
Preparing to unpack .../18-cpp-13-x86-64-linux-gnu_13.3.0-6ubuntu2~24.04_amd64.deb ...
Unpacking cpp-13-x86-64-linux-gnu (13.3.0-6ubuntu2~24.04) ...
Selecting previously unselected package cpp-13.
Preparing to unpack .../19-cpp-13_13.3.0-6ubuntu2~24.04_amd64.deb ...
Unpacking cpp-13 (13.3.0-6ubuntu2~24.04) ...
Selecting previously unselected package cpp-x86-64-linux-gnu.
Preparing to unpack .../20-cpp-x86-64-linux-gnu_4%3a13.2.0-7ubuntu1_amd64.deb ...
Unpacking cpp-x86-64-linux-gnu (4:13.2.0-7ubuntu1) ...
Selecting previously unselected package cpp.
Preparing to unpack .../21-cpp_4%3a13.2.0-7ubuntu1_amd64.deb ...
Unpacking cpp (4:13.2.0-7ubuntu1) ...
Selecting previously unselected package libnorm1t64:amd64.
Preparing to unpack .../22-libnorm1t64_1.5.9+dfsg-3.1build1_amd64.deb ...
Unpacking libnorm1t64:amd64 (1.5.9+dfsg-3.1build1) ...
Selecting previously unselected package libpgm-5.3-0t64:amd64.
Preparing to unpack .../23-libpgm-5.3-0t64_5.3.128~dfsg-2.1build1_amd64.deb ...
Unpacking libpgm-5.3-0t64:amd64 (5.3.128~dfsg-2.1build1) ...
Selecting previously unselected package libzmq5:amd64.
Preparing to unpack .../24-libzmq5_4.3.5-1build2_amd64.deb ...
Unpacking libzmq5:amd64 (4.3.5-1build2) ...
Selecting previously unselected package libpgm-dev:amd64.
Preparing to unpack .../25-libpgm-dev_5.3.128~dfsg-2.1build1_amd64.deb ...
Unpacking libpgm-dev:amd64 (5.3.128~dfsg-2.1build1) ...
Selecting previously unselected package libsodium-dev:amd64.
Preparing to unpack .../26-libsodium-dev_1.0.18-1build3_amd64.deb ...
Unpacking libsodium-dev:amd64 (1.0.18-1build3) ...
Selecting previously unselected package icu-devtools.
Preparing to unpack .../27-icu-devtools_74.2-1ubuntu3.1_amd64.deb ...
Unpacking icu-devtools (74.2-1ubuntu3.1) ...
Selecting previously unselected package libc-dev-bin.
Preparing to unpack .../28-libc-dev-bin_2.39-0ubuntu8.4_amd64.deb ...
Unpacking libc-dev-bin (2.39-0ubuntu8.4) ...
Selecting previously unselected package linux-libc-dev:amd64.
Preparing to unpack .../29-linux-libc-dev_6.8.0-57.59_amd64.deb ...
Unpacking linux-libc-dev:amd64 (6.8.0-57.59) ...
Selecting previously unselected package libcrypt-dev:amd64.
Preparing to unpack .../30-libcrypt-dev_1%3a4.4.36-4build1_amd64.deb ...
Unpacking libcrypt-dev:amd64 (1:4.4.36-4build1) ...
Selecting previously unselected package rpcsvc-proto.
Preparing to unpack .../31-rpcsvc-proto_1.4.2-0ubuntu7_amd64.deb ...
Unpacking rpcsvc-proto (1.4.2-0ubuntu7) ...
Selecting previously unselected package libc6-dev:amd64.
Preparing to unpack .../32-libc6-dev_2.39-0ubuntu8.4_amd64.deb ...
Unpacking libc6-dev:amd64 (2.39-0ubuntu8.4) ...
Selecting previously unselected package libicu-dev:amd64.
Preparing to unpack .../33-libicu-dev_74.2-1ubuntu3.1_amd64.deb ...
Unpacking libicu-dev:amd64 (74.2-1ubuntu3.1) ...
Selecting previously unselected package libxml2-dev:amd64.
Preparing to unpack .../34-libxml2-dev_2.9.14+dfsg-1.3ubuntu3.2_amd64.deb ...
Unpacking libxml2-dev:amd64 (2.9.14+dfsg-1.3ubuntu3.2) ...
Selecting previously unselected package libnorm-dev:amd64.
Preparing to unpack .../35-libnorm-dev_1.5.9+dfsg-3.1build1_amd64.deb ...
Unpacking libnorm-dev:amd64 (1.5.9+dfsg-3.1build1) ...
Selecting previously unselected package comerr-dev:amd64.
Preparing to unpack .../36-comerr-dev_2.1-1.47.0-2.4~exp1ubuntu4.1_amd64.deb ...
Unpacking comerr-dev:amd64 (2.1-1.47.0-2.4~exp1ubuntu4.1) ...
Selecting previously unselected package libgssrpc4t64:amd64.
Preparing to unpack .../37-libgssrpc4t64_1.20.1-6ubuntu2.5_amd64.deb ...
Unpacking libgssrpc4t64:amd64 (1.20.1-6ubuntu2.5) ...
Selecting previously unselected package libkadm5clnt-mit12:amd64.
Preparing to unpack .../38-libkadm5clnt-mit12_1.20.1-6ubuntu2.5_amd64.deb ...
Unpacking libkadm5clnt-mit12:amd64 (1.20.1-6ubuntu2.5) ...
Selecting previously unselected package libkdb5-10t64:amd64.
Preparing to unpack .../39-libkdb5-10t64_1.20.1-6ubuntu2.5_amd64.deb ...
Unpacking libkdb5-10t64:amd64 (1.20.1-6ubuntu2.5) ...
Selecting previously unselected package libkadm5srv-mit12:amd64.
Preparing to unpack .../40-libkadm5srv-mit12_1.20.1-6ubuntu2.5_amd64.deb ...
Unpacking libkadm5srv-mit12:amd64 (1.20.1-6ubuntu2.5) ...
Selecting previously unselected package krb5-multidev:amd64.
Preparing to unpack .../41-krb5-multidev_1.20.1-6ubuntu2.5_amd64.deb ...
Unpacking krb5-multidev:amd64 (1.20.1-6ubuntu2.5) ...
Selecting previously unselected package libkrb5-dev:amd64.
Preparing to unpack .../42-libkrb5-dev_1.20.1-6ubuntu2.5_amd64.deb ...
Unpacking libkrb5-dev:amd64 (1.20.1-6ubuntu2.5) ...
Selecting previously unselected package libmd-dev:amd64.
Preparing to unpack .../43-libmd-dev_1.1.0-2build1.1_amd64.deb ...
Unpacking libmd-dev:amd64 (1.1.0-2build1.1) ...
Selecting previously unselected package libbsd-dev:amd64.
Preparing to unpack .../44-libbsd-dev_0.12.1-1build1.1_amd64.deb ...
Unpacking libbsd-dev:amd64 (0.12.1-1build1.1) ...
Selecting previously unselected package libzmq3-dev:amd64.
Preparing to unpack .../45-libzmq3-dev_4.3.5-1build2_amd64.deb ...
Unpacking libzmq3-dev:amd64 (4.3.5-1build2) ...
Selecting previously unselected package cppzmq-dev:amd64.
Preparing to unpack .../46-cppzmq-dev_4.10.0-1build1_amd64.deb ...
Unpacking cppzmq-dev:amd64 (4.10.0-1build1) ...
Selecting previously unselected package fonts-dejavu-mono.
Preparing to unpack .../47-fonts-dejavu-mono_2.37-8_all.deb ...
Unpacking fonts-dejavu-mono (2.37-8) ...
Selecting previously unselected package fonts-dejavu-core.
Preparing to unpack .../48-fonts-dejavu-core_2.37-8_all.deb ...
Unpacking fonts-dejavu-core (2.37-8) ...
Selecting previously unselected package fontconfig-config.
Preparing to unpack .../49-fontconfig-config_2.15.0-1.1ubuntu2_amd64.deb ...
Unpacking fontconfig-config (2.15.0-1.1ubuntu2) ...
Selecting previously unselected package libcc1-0:amd64.
Preparing to unpack .../50-libcc1-0_14.2.0-4ubuntu2~24.04_amd64.deb ...
Unpacking libcc1-0:amd64 (14.2.0-4ubuntu2~24.04) ...
Selecting previously unselected package libgomp1:amd64.
Preparing to unpack .../51-libgomp1_14.2.0-4ubuntu2~24.04_amd64.deb ...
Unpacking libgomp1:amd64 (14.2.0-4ubuntu2~24.04) ...
Selecting previously unselected package libitm1:amd64.
Preparing to unpack .../52-libitm1_14.2.0-4ubuntu2~24.04_amd64.deb ...
Unpacking libitm1:amd64 (14.2.0-4ubuntu2~24.04) ...
Selecting previously unselected package libatomic1:amd64.
Preparing to unpack .../53-libatomic1_14.2.0-4ubuntu2~24.04_amd64.deb ...
Unpacking libatomic1:amd64 (14.2.0-4ubuntu2~24.04) ...
Selecting previously unselected package libasan8:amd64.
Preparing to unpack .../54-libasan8_14.2.0-4ubuntu2~24.04_amd64.deb ...
Unpacking libasan8:amd64 (14.2.0-4ubuntu2~24.04) ...
Selecting previously unselected package liblsan0:amd64.
Preparing to unpack .../55-liblsan0_14.2.0-4ubuntu2~24.04_amd64.deb ...
Unpacking liblsan0:amd64 (14.2.0-4ubuntu2~24.04) ...
Selecting previously unselected package libtsan2:amd64.
Preparing to unpack .../56-libtsan2_14.2.0-4ubuntu2~24.04_amd64.deb ...
Unpacking libtsan2:amd64 (14.2.0-4ubuntu2~24.04) ...
Selecting previously unselected package libubsan1:amd64.
Preparing to unpack .../57-libubsan1_14.2.0-4ubuntu2~24.04_amd64.deb ...
Unpacking libubsan1:amd64 (14.2.0-4ubuntu2~24.04) ...
Selecting previously unselected package libhwasan0:amd64.
Preparing to unpack .../58-libhwasan0_14.2.0-4ubuntu2~24.04_amd64.deb ...
Unpacking libhwasan0:amd64 (14.2.0-4ubuntu2~24.04) ...
Selecting previously unselected package libquadmath0:amd64.
Preparing to unpack .../59-libquadmath0_14.2.0-4ubuntu2~24.04_amd64.deb ...
Unpacking libquadmath0:amd64 (14.2.0-4ubuntu2~24.04) ...
Selecting previously unselected package libgcc-13-dev:amd64.
Preparing to unpack .../60-libgcc-13-dev_13.3.0-6ubuntu2~24.04_amd64.deb ...
Unpacking libgcc-13-dev:amd64 (13.3.0-6ubuntu2~24.04) ...
Selecting previously unselected package gcc-13-x86-64-linux-gnu.
Preparing to unpack .../61-gcc-13-x86-64-linux-gnu_13.3.0-6ubuntu2~24.04_amd64.deb ...
Unpacking gcc-13-x86-64-linux-gnu (13.3.0-6ubuntu2~24.04) ...
Selecting previously unselected package gcc-13.
Preparing to unpack .../62-gcc-13_13.3.0-6ubuntu2~24.04_amd64.deb ...
Unpacking gcc-13 (13.3.0-6ubuntu2~24.04) ...
Selecting previously unselected package gcc-x86-64-linux-gnu.
Preparing to unpack .../63-gcc-x86-64-linux-gnu_4%3a13.2.0-7ubuntu1_amd64.deb ...
Unpacking gcc-x86-64-linux-gnu (4:13.2.0-7ubuntu1) ...
Selecting previously unselected package gcc.
Preparing to unpack .../64-gcc_4%3a13.2.0-7ubuntu1_amd64.deb ...
Unpacking gcc (4:13.2.0-7ubuntu1) ...
Selecting previously unselected package libstdc++-13-dev:amd64.
Preparing to unpack .../65-libstdc++-13-dev_13.3.0-6ubuntu2~24.04_amd64.deb ...
Unpacking libstdc++-13-dev:amd64 (13.3.0-6ubuntu2~24.04) ...
Selecting previously unselected package g++-13-x86-64-linux-gnu.
Preparing to unpack .../66-g++-13-x86-64-linux-gnu_13.3.0-6ubuntu2~24.04_amd64.deb ...
Unpacking g++-13-x86-64-linux-gnu (13.3.0-6ubuntu2~24.04) ...
Selecting previously unselected package g++-13.
Preparing to unpack .../67-g++-13_13.3.0-6ubuntu2~24.04_amd64.deb ...
Unpacking g++-13 (13.3.0-6ubuntu2~24.04) ...
Selecting previously unselected package g++-x86-64-linux-gnu.
Preparing to unpack .../68-g++-x86-64-linux-gnu_4%3a13.2.0-7ubuntu1_amd64.deb ...
Unpacking g++-x86-64-linux-gnu (4:13.2.0-7ubuntu1) ...
Selecting previously unselected package g++.
Preparing to unpack .../69-g++_4%3a13.2.0-7ubuntu1_amd64.deb ...
Unpacking g++ (4:13.2.0-7ubuntu1) ...
Selecting previously unselected package libaom3:amd64.
Preparing to unpack .../70-libaom3_3.8.2-2ubuntu0.1_amd64.deb ...
Unpacking libaom3:amd64 (3.8.2-2ubuntu0.1) ...
Selecting previously unselected package libfontconfig1:amd64.
Preparing to unpack .../71-libfontconfig1_2.15.0-1.1ubuntu2_amd64.deb ...
Unpacking libfontconfig1:amd64 (2.15.0-1.1ubuntu2) ...
Selecting previously unselected package libsharpyuv0:amd64.
Preparing to unpack .../72-libsharpyuv0_1.3.2-0.4build3_amd64.deb ...
Unpacking libsharpyuv0:amd64 (1.3.2-0.4build3) ...
Selecting previously unselected package libheif-plugin-aomdec:amd64.
Preparing to unpack .../73-libheif-plugin-aomdec_1.17.6-1ubuntu4.1_amd64.deb ...
Unpacking libheif-plugin-aomdec:amd64 (1.17.6-1ubuntu4.1) ...
Selecting previously unselected package libde265-0:amd64.
Preparing to unpack .../74-libde265-0_1.0.15-1build3_amd64.deb ...
Unpacking libde265-0:amd64 (1.0.15-1build3) ...
Selecting previously unselected package libheif-plugin-libde265:amd64.
Preparing to unpack .../75-libheif-plugin-libde265_1.17.6-1ubuntu4.1_amd64.deb ...
Unpacking libheif-plugin-libde265:amd64 (1.17.6-1ubuntu4.1) ...
Selecting previously unselected package libheif1:amd64.
Preparing to unpack .../76-libheif1_1.17.6-1ubuntu4.1_amd64.deb ...
Unpacking libheif1:amd64 (1.17.6-1ubuntu4.1) ...
Selecting previously unselected package libjpeg-turbo8:amd64.
Preparing to unpack .../77-libjpeg-turbo8_2.1.5-2ubuntu2_amd64.deb ...
Unpacking libjpeg-turbo8:amd64 (2.1.5-2ubuntu2) ...
Selecting previously unselected package libjpeg8:amd64.
Preparing to unpack .../78-libjpeg8_8c-2ubuntu11_amd64.deb ...
Unpacking libjpeg8:amd64 (8c-2ubuntu11) ...
Selecting previously unselected package libdeflate0:amd64.
Preparing to unpack .../79-libdeflate0_1.19-1build1.1_amd64.deb ...
Unpacking libdeflate0:amd64 (1.19-1build1.1) ...
Selecting previously unselected package libjbig0:amd64.
Preparing to unpack .../80-libjbig0_2.1-6.1ubuntu2_amd64.deb ...
Unpacking libjbig0:amd64 (2.1-6.1ubuntu2) ...
Selecting previously unselected package liblerc4:amd64.
Preparing to unpack .../81-liblerc4_4.0.0+ds-4ubuntu2_amd64.deb ...
Unpacking liblerc4:amd64 (4.0.0+ds-4ubuntu2) ...
Selecting previously unselected package libwebp7:amd64.
Preparing to unpack .../82-libwebp7_1.3.2-0.4build3_amd64.deb ...
Unpacking libwebp7:amd64 (1.3.2-0.4build3) ...
Selecting previously unselected package libtiff6:amd64.
Preparing to unpack .../83-libtiff6_4.5.1+git230720-4ubuntu2.2_amd64.deb ...
Unpacking libtiff6:amd64 (4.5.1+git230720-4ubuntu2.2) ...
Selecting previously unselected package libxpm4:amd64.
Preparing to unpack .../84-libxpm4_1%3a3.5.17-1build2_amd64.deb ...
Unpacking libxpm4:amd64 (1:3.5.17-1build2) ...
Selecting previously unselected package libgd3:amd64.
Preparing to unpack .../85-libgd3_2.3.3-9ubuntu5_amd64.deb ...
Unpacking libgd3:amd64 (2.3.3-9ubuntu5) ...
Selecting previously unselected package libc-devtools.
Preparing to unpack .../86-libc-devtools_2.39-0ubuntu8.4_amd64.deb ...
Unpacking libc-devtools (2.39-0ubuntu8.4) ...
Selecting previously unselected package libevent-2.1-7t64:amd64.
Preparing to unpack .../87-libevent-2.1-7t64_2.1.12-stable-9ubuntu2_amd64.deb ...
Unpacking libevent-2.1-7t64:amd64 (2.1.12-stable-9ubuntu2) ...
Selecting previously unselected package libevent-extra-2.1-7t64:amd64.
Preparing to unpack .../88-libevent-extra-2.1-7t64_2.1.12-stable-9ubuntu2_amd64.deb ...
Unpacking libevent-extra-2.1-7t64:amd64 (2.1.12-stable-9ubuntu2) ...
Selecting previously unselected package libevent-pthreads-2.1-7t64:amd64.
Preparing to unpack .../89-libevent-pthreads-2.1-7t64_2.1.12-stable-9ubuntu2_amd64.deb ...
Unpacking libevent-pthreads-2.1-7t64:amd64 (2.1.12-stable-9ubuntu2) ...
Selecting previously unselected package libevent-openssl-2.1-7t64:amd64.
Preparing to unpack .../90-libevent-openssl-2.1-7t64_2.1.12-stable-9ubuntu2_amd64.deb ...
Unpacking libevent-openssl-2.1-7t64:amd64 (2.1.12-stable-9ubuntu2) ...
Selecting previously unselected package libevent-dev.
Preparing to unpack .../91-libevent-dev_2.1.12-stable-9ubuntu2_amd64.deb ...
Unpacking libevent-dev (2.1.12-stable-9ubuntu2) ...
Selecting previously unselected package libheif-plugin-aomenc:amd64.
Preparing to unpack .../92-libheif-plugin-aomenc_1.17.6-1ubuntu4.1_amd64.deb ...
Unpacking libheif-plugin-aomenc:amd64 (1.17.6-1ubuntu4.1) ...
Preparing to unpack .../93-linux-tools-common_6.8.0-57.59_all.deb ...
Unpacking linux-tools-common (6.8.0-57.59) over (6.8.0-52.53) ...
Selecting previously unselected package make.
Preparing to unpack .../94-make_4.3-4.1build2_amd64.deb ...
Unpacking make (4.3-4.1build2) ...
Selecting previously unselected package manpages-dev.
Preparing to unpack .../95-manpages-dev_6.7-2_all.deb ...
Unpacking manpages-dev (6.7-2) ...
Setting up libnorm1t64:amd64 (1.5.9+dfsg-3.1build1) ...
Setting up libsharpyuv0:amd64 (1.3.2-0.4build3) ...
Setting up libaom3:amd64 (3.8.2-2ubuntu0.1) ...
Setting up manpages-dev (6.7-2) ...
Setting up liblerc4:amd64 (4.0.0+ds-4ubuntu2) ...
Setting up libxpm4:amd64 (1:3.5.17-1build2) ...
Setting up libevent-pthreads-2.1-7t64:amd64 (2.1.12-stable-9ubuntu2) ...
Setting up libevent-openssl-2.1-7t64:amd64 (2.1.12-stable-9ubuntu2) ...
Setting up binutils-common:amd64 (2.42-4ubuntu2.5) ...
Setting up libdeflate0:amd64 (1.19-1build1.1) ...
Setting up linux-libc-dev:amd64 (6.8.0-57.59) ...
Setting up libctf-nobfd0:amd64 (2.42-4ubuntu2.5) ...
Setting up libevent-2.1-7t64:amd64 (2.1.12-stable-9ubuntu2) ...
Setting up krb5-locales (1.20.1-6ubuntu2.5) ...
Setting up libgomp1:amd64 (14.2.0-4ubuntu2~24.04) ...
Setting up locales (2.39-0ubuntu8.4) ...
debconf: unable to initialize frontend: Dialog
debconf: (Dialog frontend will not work on a dumb terminal, an emacs shell buffer, or without a controlling terminal.)
debconf: falling back to frontend: Readline
debconf: unable to initialize frontend: Readline
debconf: (This frontend requires a controlling tty.)
debconf: falling back to frontend: Teletype
Generating locales (this might take a while)...
  en_US.UTF-8... done
Generation complete.
Setting up libjbig0:amd64 (2.1-6.1ubuntu2) ...
Setting up libsframe1:amd64 (2.42-4ubuntu2.5) ...
Setting up libkrb5support0:amd64 (1.20.1-6ubuntu2.5) ...
Setting up libpgm-5.3-0t64:amd64 (5.3.128~dfsg-2.1build1) ...
Setting up rpcsvc-proto (1.4.2-0ubuntu7) ...
Setting up gcc-13-base:amd64 (13.3.0-6ubuntu2~24.04) ...
Setting up make (4.3-4.1build2) ...
Setting up libpgm-dev:amd64 (5.3.128~dfsg-2.1build1) ...
Setting up libquadmath0:amd64 (14.2.0-4ubuntu2~24.04) ...
Setting up fonts-dejavu-mono (2.37-8) ...
Setting up libmpc3:amd64 (1.3.1-1build1.1) ...
Setting up libatomic1:amd64 (14.2.0-4ubuntu2~24.04) ...
Setting up icu-devtools (74.2-1ubuntu3.1) ...
Setting up fonts-dejavu-core (2.37-8) ...
Setting up libsodium-dev:amd64 (1.0.18-1build3) ...
Setting up libk5crypto3:amd64 (1.20.1-6ubuntu2.5) ...
Setting up libjpeg-turbo8:amd64 (2.1.5-2ubuntu2) ...
Setting up libevent-extra-2.1-7t64:amd64 (2.1.12-stable-9ubuntu2) ...
Setting up libwebp7:amd64 (1.3.2-0.4build3) ...
Setting up libubsan1:amd64 (14.2.0-4ubuntu2~24.04) ...
Setting up libhwasan0:amd64 (14.2.0-4ubuntu2~24.04) ...
Setting up libcrypt-dev:amd64 (1:4.4.36-4build1) ...
Setting up libasan8:amd64 (14.2.0-4ubuntu2~24.04) ...
Setting up libmd-dev:amd64 (1.1.0-2build1.1) ...
Setting up libkrb5-3:amd64 (1.20.1-6ubuntu2.5) ...
Setting up libtsan2:amd64 (14.2.0-4ubuntu2~24.04) ...
Setting up libbinutils:amd64 (2.42-4ubuntu2.5) ...
Setting up libisl23:amd64 (0.26-3build1.1) ...
Setting up libde265-0:amd64 (1.0.15-1build3) ...
Setting up libc-dev-bin (2.39-0ubuntu8.4) ...
Setting up linux-tools-common (6.8.0-57.59) ...
Setting up libxml2:amd64 (2.9.14+dfsg-1.3ubuntu3.2) ...
Setting up libbsd-dev:amd64 (0.12.1-1build1.1) ...
Setting up libcc1-0:amd64 (14.2.0-4ubuntu2~24.04) ...
Setting up liblsan0:amd64 (14.2.0-4ubuntu2~24.04) ...
Setting up libitm1:amd64 (14.2.0-4ubuntu2~24.04) ...
Setting up libctf0:amd64 (2.42-4ubuntu2.5) ...
Setting up libjpeg8:amd64 (8c-2ubuntu11) ...
Setting up cpp-13-x86-64-linux-gnu (13.3.0-6ubuntu2~24.04) ...
Setting up fontconfig-config (2.15.0-1.1ubuntu2) ...
Setting up libgprofng0:amd64 (2.42-4ubuntu2.5) ...
Setting up libevent-dev (2.1.12-stable-9ubuntu2) ...
Setting up libgssapi-krb5-2:amd64 (1.20.1-6ubuntu2.5) ...
Setting up libgcc-13-dev:amd64 (13.3.0-6ubuntu2~24.04) ...
Setting up libtiff6:amd64 (4.5.1+git230720-4ubuntu2.2) ...
Setting up libc6-dev:amd64 (2.39-0ubuntu8.4) ...
Setting up libicu-dev:amd64 (74.2-1ubuntu3.1) ...
Setting up libstdc++-13-dev:amd64 (13.3.0-6ubuntu2~24.04) ...
Setting up binutils-x86-64-linux-gnu (2.42-4ubuntu2.5) ...
Setting up cpp-x86-64-linux-gnu (4:13.2.0-7ubuntu1) ...
Setting up libzmq5:amd64 (4.3.5-1build2) ...
Setting up cpp-13 (13.3.0-6ubuntu2~24.04) ...
Setting up gcc-13-x86-64-linux-gnu (13.3.0-6ubuntu2~24.04) ...
Setting up binutils (2.42-4ubuntu2.5) ...
Setting up libxml2-dev:amd64 (2.9.14+dfsg-1.3ubuntu3.2) ...
Setting up libgssrpc4t64:amd64 (1.20.1-6ubuntu2.5) ...
Setting up comerr-dev:amd64 (2.1-1.47.0-2.4~exp1ubuntu4.1) ...
Setting up gcc-13 (13.3.0-6ubuntu2~24.04) ...
Setting up cpp (4:13.2.0-7ubuntu1) ...
Setting up libkadm5clnt-mit12:amd64 (1.20.1-6ubuntu2.5) ...
Setting up g++-13-x86-64-linux-gnu (13.3.0-6ubuntu2~24.04) ...
Setting up gcc-x86-64-linux-gnu (4:13.2.0-7ubuntu1) ...
Setting up libkdb5-10t64:amd64 (1.20.1-6ubuntu2.5) ...
Setting up libnorm-dev:amd64 (1.5.9+dfsg-3.1build1) ...
Setting up gcc (4:13.2.0-7ubuntu1) ...
Setting up libkadm5srv-mit12:amd64 (1.20.1-6ubuntu2.5) ...
Setting up g++-x86-64-linux-gnu (4:13.2.0-7ubuntu1) ...
Setting up krb5-multidev:amd64 (1.20.1-6ubuntu2.5) ...
Setting up g++-13 (13.3.0-6ubuntu2~24.04) ...
Setting up libkrb5-dev:amd64 (1.20.1-6ubuntu2.5) ...
Setting up g++ (4:13.2.0-7ubuntu1) ...
update-alternatives: using /usr/bin/g++ to provide /usr/bin/c++ (c++) in auto mode
Setting up libzmq3-dev:amd64 (4.3.5-1build2) ...
Setting up cppzmq-dev:amd64 (4.10.0-1build1) ...
Setting up libheif-plugin-aomdec:amd64 (1.17.6-1ubuntu4.1) ...
Setting up libheif-plugin-libde265:amd64 (1.17.6-1ubuntu4.1) ...
Setting up libheif1:amd64 (1.17.6-1ubuntu4.1) ...
Setting up libheif-plugin-aomenc:amd64 (1.17.6-1ubuntu4.1) ...
Processing triggers for libc-bin (2.39-0ubuntu8.4) ...
Processing triggers for man-db (2.12.0-4build2) ...
Processing triggers for sgml-base (1.31) ...
Setting up libfontconfig1:amd64 (2.15.0-1.1ubuntu2) ...
Processing triggers for install-info (7.1-3build2) ...
Setting up libgd3:amd64 (2.3.3-9ubuntu5) ...
Setting up libc-devtools (2.39-0ubuntu8.4) ...
Processing triggers for libc-bin (2.39-0ubuntu8.4) ...
debconf: unable to initialize frontend: Dialog
debconf: (Dialog frontend will not work on a dumb terminal, an emacs shell buffer, or without a controlling terminal.)
debconf: falling back to frontend: Readline
debconf: unable to initialize frontend: Readline
debconf: (This frontend requires a controlling tty.)
debconf: falling back to frontend: Teletype

Running kernel seems to be up-to-date.

Restarting services...
 systemctl restart chrony.service containerd.service cron.service google-guest-agent.service google-osconfig-agent.service kubelet.service multipathd.service packagekit.service polkit.service rsyslog.service ssh.service systemd-journald.service systemd-networkd.service systemd-resolved.service systemd-udevd.service

Service restarts being deferred:
 /etc/needrestart/restart.d/dbus.service
 systemctl restart getty@tty1.service
 systemctl restart networkd-dispatcher.service
 systemctl restart serial-getty@ttyS0.service
 systemctl restart systemd-logind.service
 systemctl restart unattended-upgrades.service

No containers need to be restarted.

User sessions running outdated binaries:
 ubuntu @ session #3: sshd[4240,4285]
 ubuntu @ user manager service: systemd[4101]

No VM guests are running outdated hypervisor (qemu) binaries on this host.
Reading package lists...
Reading package lists...
Building dependency tree...
Reading state information...
The following NEW packages will be installed:
  autoconf automake autopoint autotools-dev build-essential bzip2 debhelper
  debugedit dh-autoreconf dh-strip-nondeterminism dpkg-dev dwz gettext
  intltool-debian libarchive-zip-perl libdebhelper-perl libdpkg-perl
  libfile-stripnondeterminism-perl libio-socket-ssl-perl libnet-ssleay-perl
  libpkgconf3 libsasl2-dev libssl-dev libsub-override-perl libtool
  lto-disabled-list m4 perl-openssl-defaults pkg-config pkgconf pkgconf-bin
  po-debconf
The following packages will be upgraded:
  libssl3t64 openssl
2 upgraded, 32 newly installed, 0 to remove and 108 not upgraded.
Need to get 11.7 MB of archives.
After this operation, 32.2 MB of additional disk space will be used.
Get:1 http://europe-west1.gce.archive.ubuntu.com/ubuntu noble-updates/main amd64 libssl3t64 amd64 3.0.13-0ubuntu3.5 [1940 kB]
Get:2 http://europe-west1.gce.archive.ubuntu.com/ubuntu noble-updates/main amd64 openssl amd64 3.0.13-0ubuntu3.5 [1002 kB]
Get:3 http://europe-west1.gce.archive.ubuntu.com/ubuntu noble/main amd64 m4 amd64 1.4.19-4build1 [244 kB]
Get:4 http://europe-west1.gce.archive.ubuntu.com/ubuntu noble/main amd64 autoconf all 2.71-3 [339 kB]
Get:5 http://europe-west1.gce.archive.ubuntu.com/ubuntu noble/main amd64 autotools-dev all 20220109.1 [44.9 kB]
Get:6 http://europe-west1.gce.archive.ubuntu.com/ubuntu noble/main amd64 automake all 1:1.16.5-1.3ubuntu1 [558 kB]
Get:7 http://europe-west1.gce.archive.ubuntu.com/ubuntu noble/main amd64 autopoint all 0.21-14ubuntu2 [422 kB]
Get:8 http://europe-west1.gce.archive.ubuntu.com/ubuntu noble-updates/main amd64 libdpkg-perl all 1.22.6ubuntu6.1 [269 kB]
Get:9 http://europe-west1.gce.archive.ubuntu.com/ubuntu noble-updates/main amd64 bzip2 amd64 1.0.8-5.1build0.1 [34.5 kB]
Get:10 http://europe-west1.gce.archive.ubuntu.com/ubuntu noble/main amd64 lto-disabled-list all 47 [12.4 kB]
Get:11 http://europe-west1.gce.archive.ubuntu.com/ubuntu noble-updates/main amd64 dpkg-dev all 1.22.6ubuntu6.1 [1074 kB]
Get:12 http://europe-west1.gce.archive.ubuntu.com/ubuntu noble/main amd64 build-essential amd64 12.10ubuntu1 [4928 B]
Get:13 http://europe-west1.gce.archive.ubuntu.com/ubuntu noble/main amd64 libdebhelper-perl all 13.14.1ubuntu5 [89.8 kB]
Get:14 http://europe-west1.gce.archive.ubuntu.com/ubuntu noble/main amd64 libtool all 2.4.7-7build1 [166 kB]
Get:15 http://europe-west1.gce.archive.ubuntu.com/ubuntu noble/main amd64 dh-autoreconf all 20 [16.1 kB]
Get:16 http://europe-west1.gce.archive.ubuntu.com/ubuntu noble/main amd64 libarchive-zip-perl all 1.68-1 [90.2 kB]
Get:17 http://europe-west1.gce.archive.ubuntu.com/ubuntu noble/main amd64 libsub-override-perl all 0.10-1 [10.0 kB]
Get:18 http://europe-west1.gce.archive.ubuntu.com/ubuntu noble/main amd64 libfile-stripnondeterminism-perl all 1.13.1-1 [18.1 kB]
Get:19 http://europe-west1.gce.archive.ubuntu.com/ubuntu noble/main amd64 dh-strip-nondeterminism all 1.13.1-1 [5362 B]
Get:20 http://europe-west1.gce.archive.ubuntu.com/ubuntu noble/main amd64 debugedit amd64 1:5.0-5build2 [46.1 kB]
Get:21 http://europe-west1.gce.archive.ubuntu.com/ubuntu noble/main amd64 dwz amd64 0.15-1build6 [115 kB]
Get:22 http://europe-west1.gce.archive.ubuntu.com/ubuntu noble/main amd64 gettext amd64 0.21-14ubuntu2 [864 kB]
Get:23 http://europe-west1.gce.archive.ubuntu.com/ubuntu noble/main amd64 intltool-debian all 0.35.0+20060710.6 [23.2 kB]
Get:24 http://europe-west1.gce.archive.ubuntu.com/ubuntu noble/main amd64 po-debconf all 1.0.21+nmu1 [233 kB]
Get:25 http://europe-west1.gce.archive.ubuntu.com/ubuntu noble/main amd64 debhelper all 13.14.1ubuntu5 [869 kB]
Get:26 http://europe-west1.gce.archive.ubuntu.com/ubuntu noble/main amd64 perl-openssl-defaults amd64 7build3 [6626 B]
Get:27 http://europe-west1.gce.archive.ubuntu.com/ubuntu noble/main amd64 libnet-ssleay-perl amd64 1.94-1build4 [316 kB]
Get:28 http://europe-west1.gce.archive.ubuntu.com/ubuntu noble/main amd64 libio-socket-ssl-perl all 2.085-1 [195 kB]
Get:29 http://europe-west1.gce.archive.ubuntu.com/ubuntu noble/main amd64 libpkgconf3 amd64 1.8.1-2build1 [30.7 kB]
Get:30 http://europe-west1.gce.archive.ubuntu.com/ubuntu noble-updates/main amd64 libssl-dev amd64 3.0.13-0ubuntu3.5 [2408 kB]
Get:31 http://europe-west1.gce.archive.ubuntu.com/ubuntu noble-updates/main amd64 libsasl2-dev amd64 2.1.28+dfsg1-5ubuntu3.1 [243 kB]
Get:32 http://europe-west1.gce.archive.ubuntu.com/ubuntu noble/main amd64 pkgconf-bin amd64 1.8.1-2build1 [20.7 kB]
Get:33 http://europe-west1.gce.archive.ubuntu.com/ubuntu noble/main amd64 pkgconf amd64 1.8.1-2build1 [16.8 kB]
Get:34 http://europe-west1.gce.archive.ubuntu.com/ubuntu noble/main amd64 pkg-config amd64 1.8.1-2build1 [7264 B]
Fetched 11.7 MB in 1s (22.2 MB/s)
debconf: unable to initialize frontend: Dialog
debconf: (Dialog frontend will not work on a dumb terminal, an emacs shell buffer, or without a controlling terminal.)
debconf: falling back to frontend: Readline
debconf: unable to initialize frontend: Readline
debconf: (This frontend requires a controlling tty.)
debconf: falling back to frontend: Teletype
dpkg-preconfigure: unable to re-open stdin: 
(Reading database ... (Reading database ... 5%(Reading database ... 10%(Reading database ... 15%(Reading database ... 20%(Reading database ... 25%(Reading database ... 30%(Reading database ... 35%(Reading database ... 40%(Reading database ... 45%(Reading database ... 50%(Reading database ... 55%(Reading database ... 60%(Reading database ... 65%(Reading database ... 70%(Reading database ... 75%(Reading database ... 80%(Reading database ... 85%(Reading database ... 90%(Reading database ... 95%(Reading database ... 100%(Reading database ... 77739 files and directories currently installed.)
Preparing to unpack .../libssl3t64_3.0.13-0ubuntu3.5_amd64.deb ...
Unpacking libssl3t64:amd64 (3.0.13-0ubuntu3.5) over (3.0.13-0ubuntu3.4) ...
Setting up libssl3t64:amd64 (3.0.13-0ubuntu3.5) ...
(Reading database ... (Reading database ... 5%(Reading database ... 10%(Reading database ... 15%(Reading database ... 20%(Reading database ... 25%(Reading database ... 30%(Reading database ... 35%(Reading database ... 40%(Reading database ... 45%(Reading database ... 50%(Reading database ... 55%(Reading database ... 60%(Reading database ... 65%(Reading database ... 70%(Reading database ... 75%(Reading database ... 80%(Reading database ... 85%(Reading database ... 90%(Reading database ... 95%(Reading database ... 100%(Reading database ... 77739 files and directories currently installed.)
Preparing to unpack .../00-openssl_3.0.13-0ubuntu3.5_amd64.deb ...
Unpacking openssl (3.0.13-0ubuntu3.5) over (3.0.13-0ubuntu3.4) ...
Selecting previously unselected package m4.
Preparing to unpack .../01-m4_1.4.19-4build1_amd64.deb ...
Unpacking m4 (1.4.19-4build1) ...
Selecting previously unselected package autoconf.
Preparing to unpack .../02-autoconf_2.71-3_all.deb ...
Unpacking autoconf (2.71-3) ...
Selecting previously unselected package autotools-dev.
Preparing to unpack .../03-autotools-dev_20220109.1_all.deb ...
Unpacking autotools-dev (20220109.1) ...
Selecting previously unselected package automake.
Preparing to unpack .../04-automake_1%3a1.16.5-1.3ubuntu1_all.deb ...
Unpacking automake (1:1.16.5-1.3ubuntu1) ...
Selecting previously unselected package autopoint.
Preparing to unpack .../05-autopoint_0.21-14ubuntu2_all.deb ...
Unpacking autopoint (0.21-14ubuntu2) ...
Selecting previously unselected package libdpkg-perl.
Preparing to unpack .../06-libdpkg-perl_1.22.6ubuntu6.1_all.deb ...
Unpacking libdpkg-perl (1.22.6ubuntu6.1) ...
Selecting previously unselected package bzip2.
Preparing to unpack .../07-bzip2_1.0.8-5.1build0.1_amd64.deb ...
Unpacking bzip2 (1.0.8-5.1build0.1) ...
Selecting previously unselected package lto-disabled-list.
Preparing to unpack .../08-lto-disabled-list_47_all.deb ...
Unpacking lto-disabled-list (47) ...
Selecting previously unselected package dpkg-dev.
Preparing to unpack .../09-dpkg-dev_1.22.6ubuntu6.1_all.deb ...
Unpacking dpkg-dev (1.22.6ubuntu6.1) ...
Selecting previously unselected package build-essential.
Preparing to unpack .../10-build-essential_12.10ubuntu1_amd64.deb ...
Unpacking build-essential (12.10ubuntu1) ...
Selecting previously unselected package libdebhelper-perl.
Preparing to unpack .../11-libdebhelper-perl_13.14.1ubuntu5_all.deb ...
Unpacking libdebhelper-perl (13.14.1ubuntu5) ...
Selecting previously unselected package libtool.
Preparing to unpack .../12-libtool_2.4.7-7build1_all.deb ...
Unpacking libtool (2.4.7-7build1) ...
Selecting previously unselected package dh-autoreconf.
Preparing to unpack .../13-dh-autoreconf_20_all.deb ...
Unpacking dh-autoreconf (20) ...
Selecting previously unselected package libarchive-zip-perl.
Preparing to unpack .../14-libarchive-zip-perl_1.68-1_all.deb ...
Unpacking libarchive-zip-perl (1.68-1) ...
Selecting previously unselected package libsub-override-perl.
Preparing to unpack .../15-libsub-override-perl_0.10-1_all.deb ...
Unpacking libsub-override-perl (0.10-1) ...
Selecting previously unselected package libfile-stripnondeterminism-perl.
Preparing to unpack .../16-libfile-stripnondeterminism-perl_1.13.1-1_all.deb ...
Unpacking libfile-stripnondeterminism-perl (1.13.1-1) ...
Selecting previously unselected package dh-strip-nondeterminism.
Preparing to unpack .../17-dh-strip-nondeterminism_1.13.1-1_all.deb ...
Unpacking dh-strip-nondeterminism (1.13.1-1) ...
Selecting previously unselected package debugedit.
Preparing to unpack .../18-debugedit_1%3a5.0-5build2_amd64.deb ...
Unpacking debugedit (1:5.0-5build2) ...
Selecting previously unselected package dwz.
Preparing to unpack .../19-dwz_0.15-1build6_amd64.deb ...
Unpacking dwz (0.15-1build6) ...
Selecting previously unselected package gettext.
Preparing to unpack .../20-gettext_0.21-14ubuntu2_amd64.deb ...
Unpacking gettext (0.21-14ubuntu2) ...
Selecting previously unselected package intltool-debian.
Preparing to unpack .../21-intltool-debian_0.35.0+20060710.6_all.deb ...
Unpacking intltool-debian (0.35.0+20060710.6) ...
Selecting previously unselected package po-debconf.
Preparing to unpack .../22-po-debconf_1.0.21+nmu1_all.deb ...
Unpacking po-debconf (1.0.21+nmu1) ...
Selecting previously unselected package debhelper.
Preparing to unpack .../23-debhelper_13.14.1ubuntu5_all.deb ...
Unpacking debhelper (13.14.1ubuntu5) ...
Selecting previously unselected package perl-openssl-defaults:amd64.
Preparing to unpack .../24-perl-openssl-defaults_7build3_amd64.deb ...
Unpacking perl-openssl-defaults:amd64 (7build3) ...
Selecting previously unselected package libnet-ssleay-perl:amd64.
Preparing to unpack .../25-libnet-ssleay-perl_1.94-1build4_amd64.deb ...
Unpacking libnet-ssleay-perl:amd64 (1.94-1build4) ...
Selecting previously unselected package libio-socket-ssl-perl.
Preparing to unpack .../26-libio-socket-ssl-perl_2.085-1_all.deb ...
Unpacking libio-socket-ssl-perl (2.085-1) ...
Selecting previously unselected package libpkgconf3:amd64.
Preparing to unpack .../27-libpkgconf3_1.8.1-2build1_amd64.deb ...
Unpacking libpkgconf3:amd64 (1.8.1-2build1) ...
Selecting previously unselected package libssl-dev:amd64.
Preparing to unpack .../28-libssl-dev_3.0.13-0ubuntu3.5_amd64.deb ...
Unpacking libssl-dev:amd64 (3.0.13-0ubuntu3.5) ...
Selecting previously unselected package libsasl2-dev.
Preparing to unpack .../29-libsasl2-dev_2.1.28+dfsg1-5ubuntu3.1_amd64.deb ...
Unpacking libsasl2-dev (2.1.28+dfsg1-5ubuntu3.1) ...
Selecting previously unselected package pkgconf-bin.
Preparing to unpack .../30-pkgconf-bin_1.8.1-2build1_amd64.deb ...
Unpacking pkgconf-bin (1.8.1-2build1) ...
Selecting previously unselected package pkgconf:amd64.
Preparing to unpack .../31-pkgconf_1.8.1-2build1_amd64.deb ...
Unpacking pkgconf:amd64 (1.8.1-2build1) ...
Selecting previously unselected package pkg-config:amd64.
Preparing to unpack .../32-pkg-config_1.8.1-2build1_amd64.deb ...
Unpacking pkg-config:amd64 (1.8.1-2build1) ...
Setting up lto-disabled-list (47) ...
Setting up gettext (0.21-14ubuntu2) ...
Setting up libarchive-zip-perl (1.68-1) ...
Setting up libdebhelper-perl (13.14.1ubuntu5) ...
Setting up perl-openssl-defaults:amd64 (7build3) ...
Setting up m4 (1.4.19-4build1) ...
Setting up bzip2 (1.0.8-5.1build0.1) ...
Setting up intltool-debian (0.35.0+20060710.6) ...
Setting up autotools-dev (20220109.1) ...
Setting up libpkgconf3:amd64 (1.8.1-2build1) ...
Setting up libssl-dev:amd64 (3.0.13-0ubuntu3.5) ...
Setting up autopoint (0.21-14ubuntu2) ...
Setting up pkgconf-bin (1.8.1-2build1) ...
Setting up libdpkg-perl (1.22.6ubuntu6.1) ...
Setting up autoconf (2.71-3) ...
Setting up dwz (0.15-1build6) ...
Setting up debugedit (1:5.0-5build2) ...
Setting up libsub-override-perl (0.10-1) ...
Setting up openssl (3.0.13-0ubuntu3.5) ...
Setting up libnet-ssleay-perl:amd64 (1.94-1build4) ...
Setting up automake (1:1.16.5-1.3ubuntu1) ...
update-alternatives: using /usr/bin/automake-1.16 to provide /usr/bin/automake (automake) in auto mode
Setting up libfile-stripnondeterminism-perl (1.13.1-1) ...
Setting up libtool (2.4.7-7build1) ...
Setting up po-debconf (1.0.21+nmu1) ...
Setting up dpkg-dev (1.22.6ubuntu6.1) ...
Setting up pkgconf:amd64 (1.8.1-2build1) ...
Setting up dh-autoreconf (20) ...
Setting up libsasl2-dev (2.1.28+dfsg1-5ubuntu3.1) ...
Setting up pkg-config:amd64 (1.8.1-2build1) ...
Setting up dh-strip-nondeterminism (1.13.1-1) ...
Setting up build-essential (12.10ubuntu1) ...
Setting up libio-socket-ssl-perl (2.085-1) ...
Setting up debhelper (13.14.1ubuntu5) ...
Processing triggers for install-info (7.1-3build2) ...
Processing triggers for libc-bin (2.39-0ubuntu8.4) ...
Processing triggers for man-db (2.12.0-4build2) ...
debconf: unable to initialize frontend: Dialog
debconf: (Dialog frontend will not work on a dumb terminal, an emacs shell buffer, or without a controlling terminal.)
debconf: falling back to frontend: Readline
debconf: unable to initialize frontend: Readline
debconf: (This frontend requires a controlling tty.)
debconf: falling back to frontend: Teletype

Running kernel seems to be up-to-date.

Restarting services...
 /etc/needrestart/restart.d/systemd-manager
 systemctl restart packagekit.service ssh.service systemd-hostnamed.service systemd-journald.service systemd-networkd.service systemd-resolved.service systemd-udevd.service

Service restarts being deferred:
 /etc/needrestart/restart.d/dbus.service
 systemctl restart getty@tty1.service
 systemctl restart networkd-dispatcher.service
 systemctl restart serial-getty@ttyS0.service
 systemctl restart systemd-logind.service
 systemctl restart unattended-upgrades.service

No containers need to be restarted.

User sessions running outdated binaries:
 ubuntu @ session #3: sshd[4240,4285]
 ubuntu @ user manager service: systemd[4101]

No VM guests are running outdated hypervisor (qemu) binaries on this host.
Cloning into 'memcache-perf-dynamic'...
g++  -g -std=c++0x -D_GNU_SOURCE -O3    -c -o mcperf.o mcperf.cc
mcperf.cc: In function â€˜bool poll_recv(zmq::socket_t&, zmq::message_t*)â€™:
mcperf.cc:157:35: warning: â€˜bool zmq::detail::socket_base::recv(zmq::message_t*, int)â€™ is deprecated: from 4.3.1, use recv taking a reference to message_t and recv_flags [-Wdeprecated-declarations]
  157 |                 return socket.recv(msg);
      |                        ~~~~~~~~~~~^~~~~
In file included from mcperf.cc:30:
/usr/include/zmq.hpp:2008:10: note: declared here
 2008 |     bool recv(message_t *msg_, int flags_ = 0)
      |          ^~~~
mcperf.cc:166:35: warning: â€˜bool zmq::detail::socket_base::recv(zmq::message_t*, int)â€™ is deprecated: from 4.3.1, use recv taking a reference to message_t and recv_flags [-Wdeprecated-declarations]
  166 |                 status=socket.recv(msg,noblock_flag);
      |                        ~~~~~~~~~~~^~~~~~~~~~~~~~~~~~
/usr/include/zmq.hpp:2008:10: note: declared here
 2008 |     bool recv(message_t *msg_, int flags_ = 0)
      |          ^~~~
mcperf.cc: In function â€˜bool poll_send(zmq::socket_t&, zmq::message_t&)â€™:
mcperf.cc:192:27: warning: â€˜bool zmq::detail::socket_base::send(zmq::message_t&, int)â€™ is deprecated: from 4.3.1, use send taking message_t and send_flags [-Wdeprecated-declarations]
  192 |         return socket.send(msg);
      |                ~~~~~~~~~~~^~~~~
/usr/include/zmq.hpp:1927:10: note: declared here
 1927 |     bool send(message_t &msg_,
      |          ^~~~
mcperf.cc: In function â€˜void agent()â€™:
mcperf.cc:471:16: warning: â€˜bool zmq::detail::socket_base::recv(zmq::message_t*, int)â€™ is deprecated: from 4.3.1, use recv taking a reference to message_t and recv_flags [-Wdeprecated-declarations]
  471 |     socket.recv(&request);
      |     ~~~~~~~~~~~^~~~~~~~~~
/usr/include/zmq.hpp:2008:10: note: declared here
 2008 |     bool recv(message_t *msg_, int flags_ = 0)
      |          ^~~~
mcperf.cc:476:16: warning: â€˜bool zmq::detail::socket_base::send(zmq::message_t&, int)â€™ is deprecated: from 4.3.1, use send taking message_t and send_flags [-Wdeprecated-declarations]
  476 |     socket.send(num);
      |     ~~~~~~~~~~~^~~~~
/usr/include/zmq.hpp:1927:10: note: declared here
 1927 |     bool send(message_t &msg_,
      |          ^~~~
mcperf.cc:499:18: warning: â€˜bool zmq::detail::socket_base::recv(zmq::message_t*, int)â€™ is deprecated: from 4.3.1, use recv taking a reference to message_t and recv_flags [-Wdeprecated-declarations]
  499 |       socket.recv(&request);
      |       ~~~~~~~~~~~^~~~~~~~~~
/usr/include/zmq.hpp:2008:10: note: declared here
 2008 |     bool recv(message_t *msg_, int flags_ = 0)
      |          ^~~~
mcperf.cc:507:16: warning: â€˜bool zmq::detail::socket_base::recv(zmq::message_t*, int)â€™ is deprecated: from 4.3.1, use recv taking a reference to message_t and recv_flags [-Wdeprecated-declarations]
  507 |     socket.recv(&request);
      |     ~~~~~~~~~~~^~~~~~~~~~
/usr/include/zmq.hpp:2008:10: note: declared here
 2008 |     bool recv(message_t *msg_, int flags_ = 0)
      |          ^~~~
mcperf.cc:601:16: warning: â€˜bool zmq::detail::socket_base::send(zmq::message_t&, int)â€™ is deprecated: from 4.3.1, use send taking message_t and send_flags [-Wdeprecated-declarations]
  601 |     socket.send(request);
      |     ~~~~~~~~~~~^~~~~~~~~
/usr/include/zmq.hpp:1927:10: note: declared here
 1927 |     bool send(message_t &msg_,
      |          ^~~~
mcperf.cc:606:16: warning: â€˜bool zmq::detail::socket_base::send(zmq::message_t&, int)â€™ is deprecated: from 4.3.1, use send taking message_t and send_flags [-Wdeprecated-declarations]
  606 |     socket.send(request);
      |     ~~~~~~~~~~~^~~~~~~~~
/usr/include/zmq.hpp:1927:10: note: declared here
 1927 |     bool send(message_t &msg_,
      |          ^~~~
mcperf.cc:611:16: warning: â€˜bool zmq::detail::socket_base::send(zmq::message_t&, int)â€™ is deprecated: from 4.3.1, use send taking message_t and send_flags [-Wdeprecated-declarations]
  611 |     socket.send(request);
      |     ~~~~~~~~~~~^~~~~~~~~
/usr/include/zmq.hpp:1927:10: note: declared here
 1927 |     bool send(message_t &msg_,
      |          ^~~~
mcperf.cc:617:18: warning: â€˜bool zmq::detail::socket_base::send(zmq::message_t&, int)â€™ is deprecated: from 4.3.1, use send taking message_t and send_flags [-Wdeprecated-declarations]
  617 |       socket.send(request);
      |       ~~~~~~~~~~~^~~~~~~~~
/usr/include/zmq.hpp:1927:10: note: declared here
 1927 |     bool send(message_t &msg_,
      |          ^~~~
mcperf.cc:623:16: warning: â€˜bool zmq::detail::socket_base::send(zmq::message_t&, int)â€™ is deprecated: from 4.3.1, use send taking message_t and send_flags [-Wdeprecated-declarations]
  623 |     socket.send(request);
      |     ~~~~~~~~~~~^~~~~~~~~
/usr/include/zmq.hpp:1927:10: note: declared here
 1927 |     bool send(message_t &msg_,
      |          ^~~~
mcperf.cc:628:16: warning: â€˜bool zmq::detail::socket_base::send(zmq::message_t&, int)â€™ is deprecated: from 4.3.1, use send taking message_t and send_flags [-Wdeprecated-declarations]
  628 |     socket.send(request);
      |     ~~~~~~~~~~~^~~~~~~~~
/usr/include/zmq.hpp:1927:10: note: declared here
 1927 |     bool send(message_t &msg_,
      |          ^~~~
mcperf.cc: In function â€˜int main(int, char**)â€™:
mcperf.cc:937:22: warning: â€˜void zmq::detail::socket_base::setsockopt(int, const void*, size_t)â€™ is deprecated: from 4.7.0, use `set` taking option from zmq::sockopt [-Wdeprecated-declarations]
  937 |         s->setsockopt(ZMQ_BACKLOG,&total_conn,sizeof(total_conn));
      |         ~~~~~~~~~~~~~^~~~~~~~~~~~~~~~~~~~~~~~~~~~~~~~~~~~~~~~~~~~
/usr/include/zmq.hpp:1741:10: note: declared here
 1741 |     void setsockopt(int option_, const void *optval_, size_t optvallen_)
      |          ^~~~~~~~~~
mcperf.cc:939:22: warning: â€˜void zmq::detail::socket_base::setsockopt(int, const void*, size_t)â€™ is deprecated: from 4.7.0, use `set` taking option from zmq::sockopt [-Wdeprecated-declarations]
  939 |         s->setsockopt(ZMQ_LINGER,&linger,sizeof(linger));
      |         ~~~~~~~~~~~~~^~~~~~~~~~~~~~~~~~~~~~~~~~~~~~~~~~~
/usr/include/zmq.hpp:1741:10: note: declared here
 1741 |     void setsockopt(int option_, const void *optval_, size_t optvallen_)
      |          ^~~~~~~~~~
g++  -g -std=c++0x -D_GNU_SOURCE -O3    -c -o cmdline.o cmdline.cc
g++  -g -std=c++0x -D_GNU_SOURCE -O3    -c -o log.o log.cc
g++  -g -std=c++0x -D_GNU_SOURCE -O3    -c -o distributions.o distributions.cc
g++  -g -std=c++0x -D_GNU_SOURCE -O3    -c -o util.o util.cc
g++  -g -std=c++0x -D_GNU_SOURCE -O3    -c -o Connection.o Connection.cc
g++  -g -std=c++0x -D_GNU_SOURCE -O3    -c -o Generator.o Generator.cc
g++  -g -std=c++0x -D_GNU_SOURCE -O3    -c -o cpu_stat_thread.o cpu_stat_thread.cc
export LD_RUN_PATH= && g++ -o mcperf  mcperf.o cmdline.o log.o distributions.o util.o Connection.o Generator.o cpu_stat_thread.o   -lzmq -levent -lpthread -lrt  
[Matteo Log] mcperf_init.sh complete on agent
Warning: Permanently added 'compute.7391506821079529245' (ED25519) to the list of known hosts.
Hit:1 http://europe-west1.gce.archive.ubuntu.com/ubuntu noble InRelease
Hit:2 http://europe-west1.gce.archive.ubuntu.com/ubuntu noble-updates InRelease
Hit:3 http://europe-west1.gce.archive.ubuntu.com/ubuntu noble-backports InRelease
Hit:4 http://security.ubuntu.com/ubuntu noble-security InRelease
Get:5 http://europe-west1.gce.archive.ubuntu.com/ubuntu noble/universe Sources [19.8 MB]
Get:6 http://security.ubuntu.com/ubuntu noble-security/universe Sources [302 kB]
Get:7 http://security.ubuntu.com/ubuntu noble-security/main Sources [164 kB]
Get:8 http://security.ubuntu.com/ubuntu noble-security/multiverse Sources [9360 B]
Get:9 http://security.ubuntu.com/ubuntu noble-security/restricted Sources [31.3 kB]
Get:10 http://europe-west1.gce.archive.ubuntu.com/ubuntu noble/multiverse Sources [299 kB]
Get:11 http://europe-west1.gce.archive.ubuntu.com/ubuntu noble/restricted Sources [18.7 kB]
Get:12 http://europe-west1.gce.archive.ubuntu.com/ubuntu noble/main Sources [1384 kB]
Get:13 http://europe-west1.gce.archive.ubuntu.com/ubuntu noble-updates/main Sources [402 kB]
Get:14 http://europe-west1.gce.archive.ubuntu.com/ubuntu noble-updates/restricted Sources [33.0 kB]
Get:15 http://europe-west1.gce.archive.ubuntu.com/ubuntu noble-updates/universe Sources [421 kB]
Get:16 http://europe-west1.gce.archive.ubuntu.com/ubuntu noble-updates/multiverse Sources [15.2 kB]
Get:17 http://europe-west1.gce.archive.ubuntu.com/ubuntu noble-backports/main Sources [5076 B]
Get:18 http://europe-west1.gce.archive.ubuntu.com/ubuntu noble-backports/universe Sources [11.3 kB]
Fetched 22.9 MB in 3s (7652 kB/s)
Reading package lists...
Reading package lists...
Building dependency tree...
Reading state information...
git is already the newest version (1:2.43.0-1ubuntu7.2).
git set to manually installed.
The following additional packages will be installed:
  binutils binutils-common binutils-x86-64-linux-gnu comerr-dev cpp cpp-13
  cpp-13-x86-64-linux-gnu cpp-x86-64-linux-gnu cppzmq-dev fontconfig-config
  fonts-dejavu-core fonts-dejavu-mono g++-13 g++-13-x86-64-linux-gnu
  g++-x86-64-linux-gnu gcc gcc-13 gcc-13-base gcc-13-x86-64-linux-gnu
  gcc-x86-64-linux-gnu icu-devtools krb5-locales krb5-multidev libaom3
  libasan8 libatomic1 libbinutils libbsd-dev libc-bin libc-dev-bin
  libc-devtools libc6 libc6-dev libcc1-0 libcrypt-dev libctf-nobfd0 libctf0
  libde265-0 libdeflate0 libevent-2.1-7t64 libevent-extra-2.1-7t64
  libevent-openssl-2.1-7t64 libevent-pthreads-2.1-7t64 libfontconfig1
  libgcc-13-dev libgd3 libgomp1 libgprofng0 libgssapi-krb5-2 libgssrpc4t64
  libheif-plugin-aomdec libheif-plugin-aomenc libheif-plugin-libde265 libheif1
  libhwasan0 libicu-dev libisl23 libitm1 libjbig0 libjpeg-turbo8 libjpeg8
  libk5crypto3 libkadm5clnt-mit12 libkadm5srv-mit12 libkdb5-10t64 libkrb5-3
  libkrb5-dev libkrb5support0 liblerc4 liblsan0 libmd-dev libmpc3 libnorm-dev
  libnorm1t64 libpgm-5.3-0t64 libpgm-dev libquadmath0 libsframe1 libsharpyuv0
  libsodium-dev libstdc++-13-dev libtiff6 libtsan2 libubsan1 libwebp7 libxml2
  libxml2-dev libxpm4 libzmq5 linux-libc-dev linux-tools-common locales
  manpages-dev rpcsvc-proto
Suggested packages:
  binutils-doc gprofng-gui doc-base cpp-doc gcc-13-locales cpp-13-doc
  g++-multilib g++-13-multilib gcc-13-doc gcc-multilib autoconf automake
  libtool flex bison gdb gcc-doc gcc-13-multilib gdb-x86-64-linux-gnu krb5-doc
  glibc-doc libnss-nis libnss-nisplus libgd-tools krb5-user
  libheif-plugin-x265 libheif-plugin-ffmpegdec libheif-plugin-jpegdec
  libheif-plugin-jpegenc libheif-plugin-j2kdec libheif-plugin-j2kenc
  libheif-plugin-rav1e libheif-plugin-svtenc icu-doc libnorm-doc
  libstdc++-13-doc pkg-config make-doc
The following NEW packages will be installed:
  binutils binutils-common binutils-x86-64-linux-gnu comerr-dev cpp cpp-13
  cpp-13-x86-64-linux-gnu cpp-x86-64-linux-gnu cppzmq-dev fontconfig-config
  fonts-dejavu-core fonts-dejavu-mono g++ g++-13 g++-13-x86-64-linux-gnu
  g++-x86-64-linux-gnu gcc gcc-13 gcc-13-base gcc-13-x86-64-linux-gnu
  gcc-x86-64-linux-gnu icu-devtools krb5-multidev libaom3 libasan8 libatomic1
  libbinutils libbsd-dev libc-dev-bin libc-devtools libc6-dev libcc1-0
  libcrypt-dev libctf-nobfd0 libctf0 libde265-0 libdeflate0 libevent-2.1-7t64
  libevent-dev libevent-extra-2.1-7t64 libevent-openssl-2.1-7t64
  libevent-pthreads-2.1-7t64 libfontconfig1 libgcc-13-dev libgd3 libgomp1
  libgprofng0 libgssrpc4t64 libheif-plugin-aomdec libheif-plugin-aomenc
  libheif-plugin-libde265 libheif1 libhwasan0 libicu-dev libisl23 libitm1
  libjbig0 libjpeg-turbo8 libjpeg8 libkadm5clnt-mit12 libkadm5srv-mit12
  libkdb5-10t64 libkrb5-dev liblerc4 liblsan0 libmd-dev libmpc3 libnorm-dev
  libnorm1t64 libpgm-5.3-0t64 libpgm-dev libquadmath0 libsframe1 libsharpyuv0
  libsodium-dev libstdc++-13-dev libtiff6 libtsan2 libubsan1 libwebp7
  libxml2-dev libxpm4 libzmq3-dev libzmq5 linux-libc-dev make manpages-dev
  rpcsvc-proto
The following packages will be upgraded:
  krb5-locales libc-bin libc6 libgssapi-krb5-2 libk5crypto3 libkrb5-3
  libkrb5support0 libxml2 linux-tools-common locales
10 upgraded, 88 newly installed, 0 to remove and 110 not upgraded.
Need to get 103 MB of archives.
After this operation, 331 MB of additional disk space will be used.
Get:1 http://europe-west1.gce.archive.ubuntu.com/ubuntu noble-updates/main amd64 libc6 amd64 2.39-0ubuntu8.4 [3264 kB]
Get:2 http://europe-west1.gce.archive.ubuntu.com/ubuntu noble-updates/main amd64 libc-bin amd64 2.39-0ubuntu8.4 [682 kB]
Get:3 http://europe-west1.gce.archive.ubuntu.com/ubuntu noble-updates/main amd64 krb5-locales all 1.20.1-6ubuntu2.5 [14.5 kB]
Get:4 http://europe-west1.gce.archive.ubuntu.com/ubuntu noble-updates/main amd64 libgssapi-krb5-2 amd64 1.20.1-6ubuntu2.5 [143 kB]
Get:5 http://europe-west1.gce.archive.ubuntu.com/ubuntu noble-updates/main amd64 libkrb5-3 amd64 1.20.1-6ubuntu2.5 [347 kB]
Get:6 http://europe-west1.gce.archive.ubuntu.com/ubuntu noble-updates/main amd64 libkrb5support0 amd64 1.20.1-6ubuntu2.5 [34.1 kB]
Get:7 http://europe-west1.gce.archive.ubuntu.com/ubuntu noble-updates/main amd64 libk5crypto3 amd64 1.20.1-6ubuntu2.5 [82.0 kB]
Get:8 http://europe-west1.gce.archive.ubuntu.com/ubuntu noble-updates/main amd64 libxml2 amd64 2.9.14+dfsg-1.3ubuntu3.2 [763 kB]
Get:9 http://europe-west1.gce.archive.ubuntu.com/ubuntu noble-updates/main amd64 locales all 2.39-0ubuntu8.4 [4229 kB]
Get:10 http://europe-west1.gce.archive.ubuntu.com/ubuntu noble-updates/main amd64 binutils-common amd64 2.42-4ubuntu2.5 [240 kB]
Get:11 http://europe-west1.gce.archive.ubuntu.com/ubuntu noble-updates/main amd64 libsframe1 amd64 2.42-4ubuntu2.5 [15.5 kB]
Get:12 http://europe-west1.gce.archive.ubuntu.com/ubuntu noble-updates/main amd64 libbinutils amd64 2.42-4ubuntu2.5 [577 kB]
Get:13 http://europe-west1.gce.archive.ubuntu.com/ubuntu noble-updates/main amd64 libctf-nobfd0 amd64 2.42-4ubuntu2.5 [97.7 kB]
Get:14 http://europe-west1.gce.archive.ubuntu.com/ubuntu noble-updates/main amd64 libctf0 amd64 2.42-4ubuntu2.5 [94.5 kB]
Get:15 http://europe-west1.gce.archive.ubuntu.com/ubuntu noble-updates/main amd64 libgprofng0 amd64 2.42-4ubuntu2.5 [849 kB]
Get:16 http://europe-west1.gce.archive.ubuntu.com/ubuntu noble-updates/main amd64 binutils-x86-64-linux-gnu amd64 2.42-4ubuntu2.5 [2462 kB]
Get:17 http://europe-west1.gce.archive.ubuntu.com/ubuntu noble-updates/main amd64 binutils amd64 2.42-4ubuntu2.5 [18.1 kB]
Get:18 http://europe-west1.gce.archive.ubuntu.com/ubuntu noble-updates/main amd64 gcc-13-base amd64 13.3.0-6ubuntu2~24.04 [51.5 kB]
Get:19 http://europe-west1.gce.archive.ubuntu.com/ubuntu noble-updates/main amd64 libisl23 amd64 0.26-3build1.1 [680 kB]
Get:20 http://europe-west1.gce.archive.ubuntu.com/ubuntu noble-updates/main amd64 libmpc3 amd64 1.3.1-1build1.1 [54.6 kB]
Get:21 http://europe-west1.gce.archive.ubuntu.com/ubuntu noble-updates/main amd64 cpp-13-x86-64-linux-gnu amd64 13.3.0-6ubuntu2~24.04 [10.7 MB]
Get:22 http://europe-west1.gce.archive.ubuntu.com/ubuntu noble-updates/main amd64 cpp-13 amd64 13.3.0-6ubuntu2~24.04 [1038 B]
Get:23 http://europe-west1.gce.archive.ubuntu.com/ubuntu noble/main amd64 cpp-x86-64-linux-gnu amd64 4:13.2.0-7ubuntu1 [5326 B]
Get:24 http://europe-west1.gce.archive.ubuntu.com/ubuntu noble/main amd64 cpp amd64 4:13.2.0-7ubuntu1 [22.4 kB]
Get:25 http://europe-west1.gce.archive.ubuntu.com/ubuntu noble/universe amd64 libnorm1t64 amd64 1.5.9+dfsg-3.1build1 [154 kB]
Get:26 http://europe-west1.gce.archive.ubuntu.com/ubuntu noble/universe amd64 libpgm-5.3-0t64 amd64 5.3.128~dfsg-2.1build1 [167 kB]
Get:27 http://europe-west1.gce.archive.ubuntu.com/ubuntu noble/universe amd64 libzmq5 amd64 4.3.5-1build2 [260 kB]
Get:28 http://europe-west1.gce.archive.ubuntu.com/ubuntu noble/universe amd64 libpgm-dev amd64 5.3.128~dfsg-2.1build1 [212 kB]
Get:29 http://europe-west1.gce.archive.ubuntu.com/ubuntu noble/main amd64 libsodium-dev amd64 1.0.18-1build3 [185 kB]
Get:30 http://europe-west1.gce.archive.ubuntu.com/ubuntu noble-updates/main amd64 icu-devtools amd64 74.2-1ubuntu3.1 [212 kB]
Get:31 http://europe-west1.gce.archive.ubuntu.com/ubuntu noble-updates/main amd64 libc-dev-bin amd64 2.39-0ubuntu8.4 [20.4 kB]
Get:32 http://europe-west1.gce.archive.ubuntu.com/ubuntu noble-updates/main amd64 linux-libc-dev amd64 6.8.0-57.59 [1807 kB]
Get:33 http://europe-west1.gce.archive.ubuntu.com/ubuntu noble/main amd64 libcrypt-dev amd64 1:4.4.36-4build1 [112 kB]
Get:34 http://europe-west1.gce.archive.ubuntu.com/ubuntu noble/main amd64 rpcsvc-proto amd64 1.4.2-0ubuntu7 [67.4 kB]
Get:35 http://europe-west1.gce.archive.ubuntu.com/ubuntu noble-updates/main amd64 libc6-dev amd64 2.39-0ubuntu8.4 [2124 kB]
Get:36 http://europe-west1.gce.archive.ubuntu.com/ubuntu noble-updates/main amd64 libicu-dev amd64 74.2-1ubuntu3.1 [11.9 MB]
Get:37 http://europe-west1.gce.archive.ubuntu.com/ubuntu noble-updates/main amd64 libxml2-dev amd64 2.9.14+dfsg-1.3ubuntu3.2 [780 kB]
Get:38 http://europe-west1.gce.archive.ubuntu.com/ubuntu noble/universe amd64 libnorm-dev amd64 1.5.9+dfsg-3.1build1 [429 kB]
Get:39 http://europe-west1.gce.archive.ubuntu.com/ubuntu noble-updates/main amd64 comerr-dev amd64 2.1-1.47.0-2.4~exp1ubuntu4.1 [43.8 kB]
Get:40 http://europe-west1.gce.archive.ubuntu.com/ubuntu noble-updates/main amd64 libgssrpc4t64 amd64 1.20.1-6ubuntu2.5 [57.6 kB]
Get:41 http://europe-west1.gce.archive.ubuntu.com/ubuntu noble-updates/main amd64 libkadm5clnt-mit12 amd64 1.20.1-6ubuntu2.5 [40.1 kB]
Get:42 http://europe-west1.gce.archive.ubuntu.com/ubuntu noble-updates/main amd64 libkdb5-10t64 amd64 1.20.1-6ubuntu2.5 [40.4 kB]
Get:43 http://europe-west1.gce.archive.ubuntu.com/ubuntu noble-updates/main amd64 libkadm5srv-mit12 amd64 1.20.1-6ubuntu2.5 [53.0 kB]
Get:44 http://europe-west1.gce.archive.ubuntu.com/ubuntu noble-updates/main amd64 krb5-multidev amd64 1.20.1-6ubuntu2.5 [125 kB]
Get:45 http://europe-west1.gce.archive.ubuntu.com/ubuntu noble-updates/main amd64 libkrb5-dev amd64 1.20.1-6ubuntu2.5 [11.9 kB]
Get:46 http://europe-west1.gce.archive.ubuntu.com/ubuntu noble-updates/main amd64 libmd-dev amd64 1.1.0-2build1.1 [45.5 kB]
Get:47 http://europe-west1.gce.archive.ubuntu.com/ubuntu noble-updates/main amd64 libbsd-dev amd64 0.12.1-1build1.1 [169 kB]
Get:48 http://europe-west1.gce.archive.ubuntu.com/ubuntu noble/universe amd64 libzmq3-dev amd64 4.3.5-1build2 [527 kB]
Get:49 http://europe-west1.gce.archive.ubuntu.com/ubuntu noble/universe amd64 cppzmq-dev amd64 4.10.0-1build1 [26.0 kB]
Get:50 http://europe-west1.gce.archive.ubuntu.com/ubuntu noble/main amd64 fonts-dejavu-mono all 2.37-8 [502 kB]
Get:51 http://europe-west1.gce.archive.ubuntu.com/ubuntu noble/main amd64 fonts-dejavu-core all 2.37-8 [835 kB]
Get:52 http://europe-west1.gce.archive.ubuntu.com/ubuntu noble/main amd64 fontconfig-config amd64 2.15.0-1.1ubuntu2 [37.3 kB]
Get:53 http://europe-west1.gce.archive.ubuntu.com/ubuntu noble-updates/main amd64 libcc1-0 amd64 14.2.0-4ubuntu2~24.04 [48.0 kB]
Get:54 http://europe-west1.gce.archive.ubuntu.com/ubuntu noble-updates/main amd64 libgomp1 amd64 14.2.0-4ubuntu2~24.04 [148 kB]
Get:55 http://europe-west1.gce.archive.ubuntu.com/ubuntu noble-updates/main amd64 libitm1 amd64 14.2.0-4ubuntu2~24.04 [29.7 kB]
Get:56 http://europe-west1.gce.archive.ubuntu.com/ubuntu noble-updates/main amd64 libatomic1 amd64 14.2.0-4ubuntu2~24.04 [10.5 kB]
Get:57 http://europe-west1.gce.archive.ubuntu.com/ubuntu noble-updates/main amd64 libasan8 amd64 14.2.0-4ubuntu2~24.04 [3031 kB]
Get:58 http://europe-west1.gce.archive.ubuntu.com/ubuntu noble-updates/main amd64 liblsan0 amd64 14.2.0-4ubuntu2~24.04 [1322 kB]
Get:59 http://europe-west1.gce.archive.ubuntu.com/ubuntu noble-updates/main amd64 libtsan2 amd64 14.2.0-4ubuntu2~24.04 [2772 kB]
Get:60 http://europe-west1.gce.archive.ubuntu.com/ubuntu noble-updates/main amd64 libubsan1 amd64 14.2.0-4ubuntu2~24.04 [1184 kB]
Get:61 http://europe-west1.gce.archive.ubuntu.com/ubuntu noble-updates/main amd64 libhwasan0 amd64 14.2.0-4ubuntu2~24.04 [1641 kB]
Get:62 http://europe-west1.gce.archive.ubuntu.com/ubuntu noble-updates/main amd64 libquadmath0 amd64 14.2.0-4ubuntu2~24.04 [153 kB]
Get:63 http://europe-west1.gce.archive.ubuntu.com/ubuntu noble-updates/main amd64 libgcc-13-dev amd64 13.3.0-6ubuntu2~24.04 [2681 kB]
Get:64 http://europe-west1.gce.archive.ubuntu.com/ubuntu noble-updates/main amd64 gcc-13-x86-64-linux-gnu amd64 13.3.0-6ubuntu2~24.04 [21.1 MB]
Get:65 http://europe-west1.gce.archive.ubuntu.com/ubuntu noble-updates/main amd64 gcc-13 amd64 13.3.0-6ubuntu2~24.04 [494 kB]
Get:66 http://europe-west1.gce.archive.ubuntu.com/ubuntu noble/main amd64 gcc-x86-64-linux-gnu amd64 4:13.2.0-7ubuntu1 [1212 B]
Get:67 http://europe-west1.gce.archive.ubuntu.com/ubuntu noble/main amd64 gcc amd64 4:13.2.0-7ubuntu1 [5018 B]
Get:68 http://europe-west1.gce.archive.ubuntu.com/ubuntu noble-updates/main amd64 libstdc++-13-dev amd64 13.3.0-6ubuntu2~24.04 [2420 kB]
Get:69 http://europe-west1.gce.archive.ubuntu.com/ubuntu noble-updates/main amd64 g++-13-x86-64-linux-gnu amd64 13.3.0-6ubuntu2~24.04 [12.2 MB]
Get:70 http://europe-west1.gce.archive.ubuntu.com/ubuntu noble-updates/main amd64 g++-13 amd64 13.3.0-6ubuntu2~24.04 [16.1 kB]
Get:71 http://europe-west1.gce.archive.ubuntu.com/ubuntu noble/main amd64 g++-x86-64-linux-gnu amd64 4:13.2.0-7ubuntu1 [964 B]
Get:72 http://europe-west1.gce.archive.ubuntu.com/ubuntu noble/main amd64 g++ amd64 4:13.2.0-7ubuntu1 [1100 B]
Get:73 http://europe-west1.gce.archive.ubuntu.com/ubuntu noble-updates/main amd64 libaom3 amd64 3.8.2-2ubuntu0.1 [1941 kB]
Get:74 http://europe-west1.gce.archive.ubuntu.com/ubuntu noble/main amd64 libfontconfig1 amd64 2.15.0-1.1ubuntu2 [139 kB]
Get:75 http://europe-west1.gce.archive.ubuntu.com/ubuntu noble/main amd64 libsharpyuv0 amd64 1.3.2-0.4build3 [15.8 kB]
Get:76 http://europe-west1.gce.archive.ubuntu.com/ubuntu noble-updates/main amd64 libheif-plugin-aomdec amd64 1.17.6-1ubuntu4.1 [10.4 kB]
Get:77 http://europe-west1.gce.archive.ubuntu.com/ubuntu noble/main amd64 libde265-0 amd64 1.0.15-1build3 [166 kB]
Get:78 http://europe-west1.gce.archive.ubuntu.com/ubuntu noble-updates/main amd64 libheif-plugin-libde265 amd64 1.17.6-1ubuntu4.1 [8176 B]
Get:79 http://europe-west1.gce.archive.ubuntu.com/ubuntu noble-updates/main amd64 libheif1 amd64 1.17.6-1ubuntu4.1 [275 kB]
Get:80 http://europe-west1.gce.archive.ubuntu.com/ubuntu noble/main amd64 libjpeg-turbo8 amd64 2.1.5-2ubuntu2 [150 kB]
Get:81 http://europe-west1.gce.archive.ubuntu.com/ubuntu noble/main amd64 libjpeg8 amd64 8c-2ubuntu11 [2148 B]
Get:82 http://europe-west1.gce.archive.ubuntu.com/ubuntu noble-updates/main amd64 libdeflate0 amd64 1.19-1build1.1 [43.9 kB]
Get:83 http://europe-west1.gce.archive.ubuntu.com/ubuntu noble/main amd64 libjbig0 amd64 2.1-6.1ubuntu2 [29.7 kB]
Get:84 http://europe-west1.gce.archive.ubuntu.com/ubuntu noble/main amd64 liblerc4 amd64 4.0.0+ds-4ubuntu2 [179 kB]
Get:85 http://europe-west1.gce.archive.ubuntu.com/ubuntu noble/main amd64 libwebp7 amd64 1.3.2-0.4build3 [230 kB]
Get:86 http://europe-west1.gce.archive.ubuntu.com/ubuntu noble-updates/main amd64 libtiff6 amd64 4.5.1+git230720-4ubuntu2.2 [199 kB]
Get:87 http://europe-west1.gce.archive.ubuntu.com/ubuntu noble/main amd64 libxpm4 amd64 1:3.5.17-1build2 [36.5 kB]
Get:88 http://europe-west1.gce.archive.ubuntu.com/ubuntu noble/main amd64 libgd3 amd64 2.3.3-9ubuntu5 [128 kB]
Get:89 http://europe-west1.gce.archive.ubuntu.com/ubuntu noble-updates/main amd64 libc-devtools amd64 2.39-0ubuntu8.4 [29.3 kB]
Get:90 http://europe-west1.gce.archive.ubuntu.com/ubuntu noble/main amd64 libevent-2.1-7t64 amd64 2.1.12-stable-9ubuntu2 [145 kB]
Get:91 http://europe-west1.gce.archive.ubuntu.com/ubuntu noble/main amd64 libevent-extra-2.1-7t64 amd64 2.1.12-stable-9ubuntu2 [64.2 kB]
Get:92 http://europe-west1.gce.archive.ubuntu.com/ubuntu noble/main amd64 libevent-pthreads-2.1-7t64 amd64 2.1.12-stable-9ubuntu2 [7982 B]
Get:93 http://europe-west1.gce.archive.ubuntu.com/ubuntu noble/main amd64 libevent-openssl-2.1-7t64 amd64 2.1.12-stable-9ubuntu2 [15.7 kB]
Get:94 http://europe-west1.gce.archive.ubuntu.com/ubuntu noble/main amd64 libevent-dev amd64 2.1.12-stable-9ubuntu2 [274 kB]
Get:95 http://europe-west1.gce.archive.ubuntu.com/ubuntu noble-updates/main amd64 libheif-plugin-aomenc amd64 1.17.6-1ubuntu4.1 [14.7 kB]
Get:96 http://europe-west1.gce.archive.ubuntu.com/ubuntu noble-updates/main amd64 linux-tools-common all 6.8.0-57.59 [647 kB]
Get:97 http://europe-west1.gce.archive.ubuntu.com/ubuntu noble/main amd64 make amd64 4.3-4.1build2 [180 kB]
Get:98 http://europe-west1.gce.archive.ubuntu.com/ubuntu noble/main amd64 manpages-dev all 6.7-2 [2013 kB]
debconf: unable to initialize frontend: Dialog
debconf: (Dialog frontend will not work on a dumb terminal, an emacs shell buffer, or without a controlling terminal.)
debconf: falling back to frontend: Readline
debconf: unable to initialize frontend: Readline
debconf: (This frontend requires a controlling tty.)
debconf: falling back to frontend: Teletype
dpkg-preconfigure: unable to re-open stdin: 
Fetched 103 MB in 2s (61.6 MB/s)
(Reading database ... (Reading database ... 5%(Reading database ... 10%(Reading database ... 15%(Reading database ... 20%(Reading database ... 25%(Reading database ... 30%(Reading database ... 35%(Reading database ... 40%(Reading database ... 45%(Reading database ... 50%(Reading database ... 55%(Reading database ... 60%(Reading database ... 65%(Reading database ... 70%(Reading database ... 75%(Reading database ... 80%(Reading database ... 85%(Reading database ... 90%(Reading database ... 95%(Reading database ... 100%(Reading database ... 70879 files and directories currently installed.)
Preparing to unpack .../libc6_2.39-0ubuntu8.4_amd64.deb ...
debconf: unable to initialize frontend: Dialog
debconf: (Dialog frontend will not work on a dumb terminal, an emacs shell buffer, or without a controlling terminal.)
debconf: falling back to frontend: Readline
debconf: unable to initialize frontend: Readline
debconf: (This frontend requires a controlling tty.)
debconf: falling back to frontend: Teletype
Unpacking libc6:amd64 (2.39-0ubuntu8.4) over (2.39-0ubuntu8.3) ...
Setting up libc6:amd64 (2.39-0ubuntu8.4) ...
debconf: unable to initialize frontend: Dialog
debconf: (Dialog frontend will not work on a dumb terminal, an emacs shell buffer, or without a controlling terminal.)
debconf: falling back to frontend: Readline
debconf: unable to initialize frontend: Readline
debconf: (This frontend requires a controlling tty.)
debconf: falling back to frontend: Teletype
(Reading database ... (Reading database ... 5%(Reading database ... 10%(Reading database ... 15%(Reading database ... 20%(Reading database ... 25%(Reading database ... 30%(Reading database ... 35%(Reading database ... 40%(Reading database ... 45%(Reading database ... 50%(Reading database ... 55%(Reading database ... 60%(Reading database ... 65%(Reading database ... 70%(Reading database ... 75%(Reading database ... 80%(Reading database ... 85%(Reading database ... 90%(Reading database ... 95%(Reading database ... 100%(Reading database ... 70878 files and directories currently installed.)
Preparing to unpack .../libc-bin_2.39-0ubuntu8.4_amd64.deb ...
Unpacking libc-bin (2.39-0ubuntu8.4) over (2.39-0ubuntu8.3) ...
Setting up libc-bin (2.39-0ubuntu8.4) ...
(Reading database ... (Reading database ... 5%(Reading database ... 10%(Reading database ... 15%(Reading database ... 20%(Reading database ... 25%(Reading database ... 30%(Reading database ... 35%(Reading database ... 40%(Reading database ... 45%(Reading database ... 50%(Reading database ... 55%(Reading database ... 60%(Reading database ... 65%(Reading database ... 70%(Reading database ... 75%(Reading database ... 80%(Reading database ... 85%(Reading database ... 90%(Reading database ... 95%(Reading database ... 100%(Reading database ... 70877 files and directories currently installed.)
Preparing to unpack .../00-krb5-locales_1.20.1-6ubuntu2.5_all.deb ...
Unpacking krb5-locales (1.20.1-6ubuntu2.5) over (1.20.1-6ubuntu2.2) ...
Preparing to unpack .../01-libgssapi-krb5-2_1.20.1-6ubuntu2.5_amd64.deb ...
Unpacking libgssapi-krb5-2:amd64 (1.20.1-6ubuntu2.5) over (1.20.1-6ubuntu2.2) ...
Preparing to unpack .../02-libkrb5-3_1.20.1-6ubuntu2.5_amd64.deb ...
Unpacking libkrb5-3:amd64 (1.20.1-6ubuntu2.5) over (1.20.1-6ubuntu2.2) ...
Preparing to unpack .../03-libkrb5support0_1.20.1-6ubuntu2.5_amd64.deb ...
Unpacking libkrb5support0:amd64 (1.20.1-6ubuntu2.5) over (1.20.1-6ubuntu2.2) ...
Preparing to unpack .../04-libk5crypto3_1.20.1-6ubuntu2.5_amd64.deb ...
Unpacking libk5crypto3:amd64 (1.20.1-6ubuntu2.5) over (1.20.1-6ubuntu2.2) ...
Preparing to unpack .../05-libxml2_2.9.14+dfsg-1.3ubuntu3.2_amd64.deb ...
Unpacking libxml2:amd64 (2.9.14+dfsg-1.3ubuntu3.2) over (2.9.14+dfsg-1.3ubuntu3.1) ...
Preparing to unpack .../06-locales_2.39-0ubuntu8.4_all.deb ...
Unpacking locales (2.39-0ubuntu8.4) over (2.39-0ubuntu8.3) ...
Selecting previously unselected package binutils-common:amd64.
Preparing to unpack .../07-binutils-common_2.42-4ubuntu2.5_amd64.deb ...
Unpacking binutils-common:amd64 (2.42-4ubuntu2.5) ...
Selecting previously unselected package libsframe1:amd64.
Preparing to unpack .../08-libsframe1_2.42-4ubuntu2.5_amd64.deb ...
Unpacking libsframe1:amd64 (2.42-4ubuntu2.5) ...
Selecting previously unselected package libbinutils:amd64.
Preparing to unpack .../09-libbinutils_2.42-4ubuntu2.5_amd64.deb ...
Unpacking libbinutils:amd64 (2.42-4ubuntu2.5) ...
Selecting previously unselected package libctf-nobfd0:amd64.
Preparing to unpack .../10-libctf-nobfd0_2.42-4ubuntu2.5_amd64.deb ...
Unpacking libctf-nobfd0:amd64 (2.42-4ubuntu2.5) ...
Selecting previously unselected package libctf0:amd64.
Preparing to unpack .../11-libctf0_2.42-4ubuntu2.5_amd64.deb ...
Unpacking libctf0:amd64 (2.42-4ubuntu2.5) ...
Selecting previously unselected package libgprofng0:amd64.
Preparing to unpack .../12-libgprofng0_2.42-4ubuntu2.5_amd64.deb ...
Unpacking libgprofng0:amd64 (2.42-4ubuntu2.5) ...
Selecting previously unselected package binutils-x86-64-linux-gnu.
Preparing to unpack .../13-binutils-x86-64-linux-gnu_2.42-4ubuntu2.5_amd64.deb ...
Unpacking binutils-x86-64-linux-gnu (2.42-4ubuntu2.5) ...
Selecting previously unselected package binutils.
Preparing to unpack .../14-binutils_2.42-4ubuntu2.5_amd64.deb ...
Unpacking binutils (2.42-4ubuntu2.5) ...
Selecting previously unselected package gcc-13-base:amd64.
Preparing to unpack .../15-gcc-13-base_13.3.0-6ubuntu2~24.04_amd64.deb ...
Unpacking gcc-13-base:amd64 (13.3.0-6ubuntu2~24.04) ...
Selecting previously unselected package libisl23:amd64.
Preparing to unpack .../16-libisl23_0.26-3build1.1_amd64.deb ...
Unpacking libisl23:amd64 (0.26-3build1.1) ...
Selecting previously unselected package libmpc3:amd64.
Preparing to unpack .../17-libmpc3_1.3.1-1build1.1_amd64.deb ...
Unpacking libmpc3:amd64 (1.3.1-1build1.1) ...
Selecting previously unselected package cpp-13-x86-64-linux-gnu.
Preparing to unpack .../18-cpp-13-x86-64-linux-gnu_13.3.0-6ubuntu2~24.04_amd64.deb ...
Unpacking cpp-13-x86-64-linux-gnu (13.3.0-6ubuntu2~24.04) ...
Selecting previously unselected package cpp-13.
Preparing to unpack .../19-cpp-13_13.3.0-6ubuntu2~24.04_amd64.deb ...
Unpacking cpp-13 (13.3.0-6ubuntu2~24.04) ...
Selecting previously unselected package cpp-x86-64-linux-gnu.
Preparing to unpack .../20-cpp-x86-64-linux-gnu_4%3a13.2.0-7ubuntu1_amd64.deb ...
Unpacking cpp-x86-64-linux-gnu (4:13.2.0-7ubuntu1) ...
Selecting previously unselected package cpp.
Preparing to unpack .../21-cpp_4%3a13.2.0-7ubuntu1_amd64.deb ...
Unpacking cpp (4:13.2.0-7ubuntu1) ...
Selecting previously unselected package libnorm1t64:amd64.
Preparing to unpack .../22-libnorm1t64_1.5.9+dfsg-3.1build1_amd64.deb ...
Unpacking libnorm1t64:amd64 (1.5.9+dfsg-3.1build1) ...
Selecting previously unselected package libpgm-5.3-0t64:amd64.
Preparing to unpack .../23-libpgm-5.3-0t64_5.3.128~dfsg-2.1build1_amd64.deb ...
Unpacking libpgm-5.3-0t64:amd64 (5.3.128~dfsg-2.1build1) ...
Selecting previously unselected package libzmq5:amd64.
Preparing to unpack .../24-libzmq5_4.3.5-1build2_amd64.deb ...
Unpacking libzmq5:amd64 (4.3.5-1build2) ...
Selecting previously unselected package libpgm-dev:amd64.
Preparing to unpack .../25-libpgm-dev_5.3.128~dfsg-2.1build1_amd64.deb ...
Unpacking libpgm-dev:amd64 (5.3.128~dfsg-2.1build1) ...
Selecting previously unselected package libsodium-dev:amd64.
Preparing to unpack .../26-libsodium-dev_1.0.18-1build3_amd64.deb ...
Unpacking libsodium-dev:amd64 (1.0.18-1build3) ...
Selecting previously unselected package icu-devtools.
Preparing to unpack .../27-icu-devtools_74.2-1ubuntu3.1_amd64.deb ...
Unpacking icu-devtools (74.2-1ubuntu3.1) ...
Selecting previously unselected package libc-dev-bin.
Preparing to unpack .../28-libc-dev-bin_2.39-0ubuntu8.4_amd64.deb ...
Unpacking libc-dev-bin (2.39-0ubuntu8.4) ...
Selecting previously unselected package linux-libc-dev:amd64.
Preparing to unpack .../29-linux-libc-dev_6.8.0-57.59_amd64.deb ...
Unpacking linux-libc-dev:amd64 (6.8.0-57.59) ...
Selecting previously unselected package libcrypt-dev:amd64.
Preparing to unpack .../30-libcrypt-dev_1%3a4.4.36-4build1_amd64.deb ...
Unpacking libcrypt-dev:amd64 (1:4.4.36-4build1) ...
Selecting previously unselected package rpcsvc-proto.
Preparing to unpack .../31-rpcsvc-proto_1.4.2-0ubuntu7_amd64.deb ...
Unpacking rpcsvc-proto (1.4.2-0ubuntu7) ...
Selecting previously unselected package libc6-dev:amd64.
Preparing to unpack .../32-libc6-dev_2.39-0ubuntu8.4_amd64.deb ...
Unpacking libc6-dev:amd64 (2.39-0ubuntu8.4) ...
Selecting previously unselected package libicu-dev:amd64.
Preparing to unpack .../33-libicu-dev_74.2-1ubuntu3.1_amd64.deb ...
Unpacking libicu-dev:amd64 (74.2-1ubuntu3.1) ...
Selecting previously unselected package libxml2-dev:amd64.
Preparing to unpack .../34-libxml2-dev_2.9.14+dfsg-1.3ubuntu3.2_amd64.deb ...
Unpacking libxml2-dev:amd64 (2.9.14+dfsg-1.3ubuntu3.2) ...
Selecting previously unselected package libnorm-dev:amd64.
Preparing to unpack .../35-libnorm-dev_1.5.9+dfsg-3.1build1_amd64.deb ...
Unpacking libnorm-dev:amd64 (1.5.9+dfsg-3.1build1) ...
Selecting previously unselected package comerr-dev:amd64.
Preparing to unpack .../36-comerr-dev_2.1-1.47.0-2.4~exp1ubuntu4.1_amd64.deb ...
Unpacking comerr-dev:amd64 (2.1-1.47.0-2.4~exp1ubuntu4.1) ...
Selecting previously unselected package libgssrpc4t64:amd64.
Preparing to unpack .../37-libgssrpc4t64_1.20.1-6ubuntu2.5_amd64.deb ...
Unpacking libgssrpc4t64:amd64 (1.20.1-6ubuntu2.5) ...
Selecting previously unselected package libkadm5clnt-mit12:amd64.
Preparing to unpack .../38-libkadm5clnt-mit12_1.20.1-6ubuntu2.5_amd64.deb ...
Unpacking libkadm5clnt-mit12:amd64 (1.20.1-6ubuntu2.5) ...
Selecting previously unselected package libkdb5-10t64:amd64.
Preparing to unpack .../39-libkdb5-10t64_1.20.1-6ubuntu2.5_amd64.deb ...
Unpacking libkdb5-10t64:amd64 (1.20.1-6ubuntu2.5) ...
Selecting previously unselected package libkadm5srv-mit12:amd64.
Preparing to unpack .../40-libkadm5srv-mit12_1.20.1-6ubuntu2.5_amd64.deb ...
Unpacking libkadm5srv-mit12:amd64 (1.20.1-6ubuntu2.5) ...
Selecting previously unselected package krb5-multidev:amd64.
Preparing to unpack .../41-krb5-multidev_1.20.1-6ubuntu2.5_amd64.deb ...
Unpacking krb5-multidev:amd64 (1.20.1-6ubuntu2.5) ...
Selecting previously unselected package libkrb5-dev:amd64.
Preparing to unpack .../42-libkrb5-dev_1.20.1-6ubuntu2.5_amd64.deb ...
Unpacking libkrb5-dev:amd64 (1.20.1-6ubuntu2.5) ...
Selecting previously unselected package libmd-dev:amd64.
Preparing to unpack .../43-libmd-dev_1.1.0-2build1.1_amd64.deb ...
Unpacking libmd-dev:amd64 (1.1.0-2build1.1) ...
Selecting previously unselected package libbsd-dev:amd64.
Preparing to unpack .../44-libbsd-dev_0.12.1-1build1.1_amd64.deb ...
Unpacking libbsd-dev:amd64 (0.12.1-1build1.1) ...
Selecting previously unselected package libzmq3-dev:amd64.
Preparing to unpack .../45-libzmq3-dev_4.3.5-1build2_amd64.deb ...
Unpacking libzmq3-dev:amd64 (4.3.5-1build2) ...
Selecting previously unselected package cppzmq-dev:amd64.
Preparing to unpack .../46-cppzmq-dev_4.10.0-1build1_amd64.deb ...
Unpacking cppzmq-dev:amd64 (4.10.0-1build1) ...
Selecting previously unselected package fonts-dejavu-mono.
Preparing to unpack .../47-fonts-dejavu-mono_2.37-8_all.deb ...
Unpacking fonts-dejavu-mono (2.37-8) ...
Selecting previously unselected package fonts-dejavu-core.
Preparing to unpack .../48-fonts-dejavu-core_2.37-8_all.deb ...
Unpacking fonts-dejavu-core (2.37-8) ...
Selecting previously unselected package fontconfig-config.
Preparing to unpack .../49-fontconfig-config_2.15.0-1.1ubuntu2_amd64.deb ...
Unpacking fontconfig-config (2.15.0-1.1ubuntu2) ...
Selecting previously unselected package libcc1-0:amd64.
Preparing to unpack .../50-libcc1-0_14.2.0-4ubuntu2~24.04_amd64.deb ...
Unpacking libcc1-0:amd64 (14.2.0-4ubuntu2~24.04) ...
Selecting previously unselected package libgomp1:amd64.
Preparing to unpack .../51-libgomp1_14.2.0-4ubuntu2~24.04_amd64.deb ...
Unpacking libgomp1:amd64 (14.2.0-4ubuntu2~24.04) ...
Selecting previously unselected package libitm1:amd64.
Preparing to unpack .../52-libitm1_14.2.0-4ubuntu2~24.04_amd64.deb ...
Unpacking libitm1:amd64 (14.2.0-4ubuntu2~24.04) ...
Selecting previously unselected package libatomic1:amd64.
Preparing to unpack .../53-libatomic1_14.2.0-4ubuntu2~24.04_amd64.deb ...
Unpacking libatomic1:amd64 (14.2.0-4ubuntu2~24.04) ...
Selecting previously unselected package libasan8:amd64.
Preparing to unpack .../54-libasan8_14.2.0-4ubuntu2~24.04_amd64.deb ...
Unpacking libasan8:amd64 (14.2.0-4ubuntu2~24.04) ...
Selecting previously unselected package liblsan0:amd64.
Preparing to unpack .../55-liblsan0_14.2.0-4ubuntu2~24.04_amd64.deb ...
Unpacking liblsan0:amd64 (14.2.0-4ubuntu2~24.04) ...
Selecting previously unselected package libtsan2:amd64.
Preparing to unpack .../56-libtsan2_14.2.0-4ubuntu2~24.04_amd64.deb ...
Unpacking libtsan2:amd64 (14.2.0-4ubuntu2~24.04) ...
Selecting previously unselected package libubsan1:amd64.
Preparing to unpack .../57-libubsan1_14.2.0-4ubuntu2~24.04_amd64.deb ...
Unpacking libubsan1:amd64 (14.2.0-4ubuntu2~24.04) ...
Selecting previously unselected package libhwasan0:amd64.
Preparing to unpack .../58-libhwasan0_14.2.0-4ubuntu2~24.04_amd64.deb ...
Unpacking libhwasan0:amd64 (14.2.0-4ubuntu2~24.04) ...
Selecting previously unselected package libquadmath0:amd64.
Preparing to unpack .../59-libquadmath0_14.2.0-4ubuntu2~24.04_amd64.deb ...
Unpacking libquadmath0:amd64 (14.2.0-4ubuntu2~24.04) ...
Selecting previously unselected package libgcc-13-dev:amd64.
Preparing to unpack .../60-libgcc-13-dev_13.3.0-6ubuntu2~24.04_amd64.deb ...
Unpacking libgcc-13-dev:amd64 (13.3.0-6ubuntu2~24.04) ...
Selecting previously unselected package gcc-13-x86-64-linux-gnu.
Preparing to unpack .../61-gcc-13-x86-64-linux-gnu_13.3.0-6ubuntu2~24.04_amd64.deb ...
Unpacking gcc-13-x86-64-linux-gnu (13.3.0-6ubuntu2~24.04) ...
Selecting previously unselected package gcc-13.
Preparing to unpack .../62-gcc-13_13.3.0-6ubuntu2~24.04_amd64.deb ...
Unpacking gcc-13 (13.3.0-6ubuntu2~24.04) ...
Selecting previously unselected package gcc-x86-64-linux-gnu.
Preparing to unpack .../63-gcc-x86-64-linux-gnu_4%3a13.2.0-7ubuntu1_amd64.deb ...
Unpacking gcc-x86-64-linux-gnu (4:13.2.0-7ubuntu1) ...
Selecting previously unselected package gcc.
Preparing to unpack .../64-gcc_4%3a13.2.0-7ubuntu1_amd64.deb ...
Unpacking gcc (4:13.2.0-7ubuntu1) ...
Selecting previously unselected package libstdc++-13-dev:amd64.
Preparing to unpack .../65-libstdc++-13-dev_13.3.0-6ubuntu2~24.04_amd64.deb ...
Unpacking libstdc++-13-dev:amd64 (13.3.0-6ubuntu2~24.04) ...
Selecting previously unselected package g++-13-x86-64-linux-gnu.
Preparing to unpack .../66-g++-13-x86-64-linux-gnu_13.3.0-6ubuntu2~24.04_amd64.deb ...
Unpacking g++-13-x86-64-linux-gnu (13.3.0-6ubuntu2~24.04) ...
Selecting previously unselected package g++-13.
Preparing to unpack .../67-g++-13_13.3.0-6ubuntu2~24.04_amd64.deb ...
Unpacking g++-13 (13.3.0-6ubuntu2~24.04) ...
Selecting previously unselected package g++-x86-64-linux-gnu.
Preparing to unpack .../68-g++-x86-64-linux-gnu_4%3a13.2.0-7ubuntu1_amd64.deb ...
Unpacking g++-x86-64-linux-gnu (4:13.2.0-7ubuntu1) ...
Selecting previously unselected package g++.
Preparing to unpack .../69-g++_4%3a13.2.0-7ubuntu1_amd64.deb ...
Unpacking g++ (4:13.2.0-7ubuntu1) ...
Selecting previously unselected package libaom3:amd64.
Preparing to unpack .../70-libaom3_3.8.2-2ubuntu0.1_amd64.deb ...
Unpacking libaom3:amd64 (3.8.2-2ubuntu0.1) ...
Selecting previously unselected package libfontconfig1:amd64.
Preparing to unpack .../71-libfontconfig1_2.15.0-1.1ubuntu2_amd64.deb ...
Unpacking libfontconfig1:amd64 (2.15.0-1.1ubuntu2) ...
Selecting previously unselected package libsharpyuv0:amd64.
Preparing to unpack .../72-libsharpyuv0_1.3.2-0.4build3_amd64.deb ...
Unpacking libsharpyuv0:amd64 (1.3.2-0.4build3) ...
Selecting previously unselected package libheif-plugin-aomdec:amd64.
Preparing to unpack .../73-libheif-plugin-aomdec_1.17.6-1ubuntu4.1_amd64.deb ...
Unpacking libheif-plugin-aomdec:amd64 (1.17.6-1ubuntu4.1) ...
Selecting previously unselected package libde265-0:amd64.
Preparing to unpack .../74-libde265-0_1.0.15-1build3_amd64.deb ...
Unpacking libde265-0:amd64 (1.0.15-1build3) ...
Selecting previously unselected package libheif-plugin-libde265:amd64.
Preparing to unpack .../75-libheif-plugin-libde265_1.17.6-1ubuntu4.1_amd64.deb ...
Unpacking libheif-plugin-libde265:amd64 (1.17.6-1ubuntu4.1) ...
Selecting previously unselected package libheif1:amd64.
Preparing to unpack .../76-libheif1_1.17.6-1ubuntu4.1_amd64.deb ...
Unpacking libheif1:amd64 (1.17.6-1ubuntu4.1) ...
Selecting previously unselected package libjpeg-turbo8:amd64.
Preparing to unpack .../77-libjpeg-turbo8_2.1.5-2ubuntu2_amd64.deb ...
Unpacking libjpeg-turbo8:amd64 (2.1.5-2ubuntu2) ...
Selecting previously unselected package libjpeg8:amd64.
Preparing to unpack .../78-libjpeg8_8c-2ubuntu11_amd64.deb ...
Unpacking libjpeg8:amd64 (8c-2ubuntu11) ...
Selecting previously unselected package libdeflate0:amd64.
Preparing to unpack .../79-libdeflate0_1.19-1build1.1_amd64.deb ...
Unpacking libdeflate0:amd64 (1.19-1build1.1) ...
Selecting previously unselected package libjbig0:amd64.
Preparing to unpack .../80-libjbig0_2.1-6.1ubuntu2_amd64.deb ...
Unpacking libjbig0:amd64 (2.1-6.1ubuntu2) ...
Selecting previously unselected package liblerc4:amd64.
Preparing to unpack .../81-liblerc4_4.0.0+ds-4ubuntu2_amd64.deb ...
Unpacking liblerc4:amd64 (4.0.0+ds-4ubuntu2) ...
Selecting previously unselected package libwebp7:amd64.
Preparing to unpack .../82-libwebp7_1.3.2-0.4build3_amd64.deb ...
Unpacking libwebp7:amd64 (1.3.2-0.4build3) ...
Selecting previously unselected package libtiff6:amd64.
Preparing to unpack .../83-libtiff6_4.5.1+git230720-4ubuntu2.2_amd64.deb ...
Unpacking libtiff6:amd64 (4.5.1+git230720-4ubuntu2.2) ...
Selecting previously unselected package libxpm4:amd64.
Preparing to unpack .../84-libxpm4_1%3a3.5.17-1build2_amd64.deb ...
Unpacking libxpm4:amd64 (1:3.5.17-1build2) ...
Selecting previously unselected package libgd3:amd64.
Preparing to unpack .../85-libgd3_2.3.3-9ubuntu5_amd64.deb ...
Unpacking libgd3:amd64 (2.3.3-9ubuntu5) ...
Selecting previously unselected package libc-devtools.
Preparing to unpack .../86-libc-devtools_2.39-0ubuntu8.4_amd64.deb ...
Unpacking libc-devtools (2.39-0ubuntu8.4) ...
Selecting previously unselected package libevent-2.1-7t64:amd64.
Preparing to unpack .../87-libevent-2.1-7t64_2.1.12-stable-9ubuntu2_amd64.deb ...
Unpacking libevent-2.1-7t64:amd64 (2.1.12-stable-9ubuntu2) ...
Selecting previously unselected package libevent-extra-2.1-7t64:amd64.
Preparing to unpack .../88-libevent-extra-2.1-7t64_2.1.12-stable-9ubuntu2_amd64.deb ...
Unpacking libevent-extra-2.1-7t64:amd64 (2.1.12-stable-9ubuntu2) ...
Selecting previously unselected package libevent-pthreads-2.1-7t64:amd64.
Preparing to unpack .../89-libevent-pthreads-2.1-7t64_2.1.12-stable-9ubuntu2_amd64.deb ...
Unpacking libevent-pthreads-2.1-7t64:amd64 (2.1.12-stable-9ubuntu2) ...
Selecting previously unselected package libevent-openssl-2.1-7t64:amd64.
Preparing to unpack .../90-libevent-openssl-2.1-7t64_2.1.12-stable-9ubuntu2_amd64.deb ...
Unpacking libevent-openssl-2.1-7t64:amd64 (2.1.12-stable-9ubuntu2) ...
Selecting previously unselected package libevent-dev.
Preparing to unpack .../91-libevent-dev_2.1.12-stable-9ubuntu2_amd64.deb ...
Unpacking libevent-dev (2.1.12-stable-9ubuntu2) ...
Selecting previously unselected package libheif-plugin-aomenc:amd64.
Preparing to unpack .../92-libheif-plugin-aomenc_1.17.6-1ubuntu4.1_amd64.deb ...
Unpacking libheif-plugin-aomenc:amd64 (1.17.6-1ubuntu4.1) ...
Preparing to unpack .../93-linux-tools-common_6.8.0-57.59_all.deb ...
Unpacking linux-tools-common (6.8.0-57.59) over (6.8.0-52.53) ...
Selecting previously unselected package make.
Preparing to unpack .../94-make_4.3-4.1build2_amd64.deb ...
Unpacking make (4.3-4.1build2) ...
Selecting previously unselected package manpages-dev.
Preparing to unpack .../95-manpages-dev_6.7-2_all.deb ...
Unpacking manpages-dev (6.7-2) ...
Setting up libnorm1t64:amd64 (1.5.9+dfsg-3.1build1) ...
Setting up libsharpyuv0:amd64 (1.3.2-0.4build3) ...
Setting up libaom3:amd64 (3.8.2-2ubuntu0.1) ...
Setting up manpages-dev (6.7-2) ...
Setting up liblerc4:amd64 (4.0.0+ds-4ubuntu2) ...
Setting up libxpm4:amd64 (1:3.5.17-1build2) ...
Setting up libevent-pthreads-2.1-7t64:amd64 (2.1.12-stable-9ubuntu2) ...
Setting up libevent-openssl-2.1-7t64:amd64 (2.1.12-stable-9ubuntu2) ...
Setting up binutils-common:amd64 (2.42-4ubuntu2.5) ...
Setting up libdeflate0:amd64 (1.19-1build1.1) ...
Setting up linux-libc-dev:amd64 (6.8.0-57.59) ...
Setting up libctf-nobfd0:amd64 (2.42-4ubuntu2.5) ...
Setting up libevent-2.1-7t64:amd64 (2.1.12-stable-9ubuntu2) ...
Setting up krb5-locales (1.20.1-6ubuntu2.5) ...
Setting up libgomp1:amd64 (14.2.0-4ubuntu2~24.04) ...
Setting up locales (2.39-0ubuntu8.4) ...
debconf: unable to initialize frontend: Dialog
debconf: (Dialog frontend will not work on a dumb terminal, an emacs shell buffer, or without a controlling terminal.)
debconf: falling back to frontend: Readline
debconf: unable to initialize frontend: Readline
debconf: (This frontend requires a controlling tty.)
debconf: falling back to frontend: Teletype
Generating locales (this might take a while)...
  en_US.UTF-8... done
Generation complete.
Setting up libjbig0:amd64 (2.1-6.1ubuntu2) ...
Setting up libsframe1:amd64 (2.42-4ubuntu2.5) ...
Setting up libkrb5support0:amd64 (1.20.1-6ubuntu2.5) ...
Setting up libpgm-5.3-0t64:amd64 (5.3.128~dfsg-2.1build1) ...
Setting up rpcsvc-proto (1.4.2-0ubuntu7) ...
Setting up gcc-13-base:amd64 (13.3.0-6ubuntu2~24.04) ...
Setting up make (4.3-4.1build2) ...
Setting up libpgm-dev:amd64 (5.3.128~dfsg-2.1build1) ...
Setting up libquadmath0:amd64 (14.2.0-4ubuntu2~24.04) ...
Setting up fonts-dejavu-mono (2.37-8) ...
Setting up libmpc3:amd64 (1.3.1-1build1.1) ...
Setting up libatomic1:amd64 (14.2.0-4ubuntu2~24.04) ...
Setting up icu-devtools (74.2-1ubuntu3.1) ...
Setting up fonts-dejavu-core (2.37-8) ...
Setting up libsodium-dev:amd64 (1.0.18-1build3) ...
Setting up libk5crypto3:amd64 (1.20.1-6ubuntu2.5) ...
Setting up libjpeg-turbo8:amd64 (2.1.5-2ubuntu2) ...
Setting up libevent-extra-2.1-7t64:amd64 (2.1.12-stable-9ubuntu2) ...
Setting up libwebp7:amd64 (1.3.2-0.4build3) ...
Setting up libubsan1:amd64 (14.2.0-4ubuntu2~24.04) ...
Setting up libhwasan0:amd64 (14.2.0-4ubuntu2~24.04) ...
Setting up libcrypt-dev:amd64 (1:4.4.36-4build1) ...
Setting up libasan8:amd64 (14.2.0-4ubuntu2~24.04) ...
Setting up libmd-dev:amd64 (1.1.0-2build1.1) ...
Setting up libkrb5-3:amd64 (1.20.1-6ubuntu2.5) ...
Setting up libtsan2:amd64 (14.2.0-4ubuntu2~24.04) ...
Setting up libbinutils:amd64 (2.42-4ubuntu2.5) ...
Setting up libisl23:amd64 (0.26-3build1.1) ...
Setting up libde265-0:amd64 (1.0.15-1build3) ...
Setting up libc-dev-bin (2.39-0ubuntu8.4) ...
Setting up linux-tools-common (6.8.0-57.59) ...
Setting up libxml2:amd64 (2.9.14+dfsg-1.3ubuntu3.2) ...
Setting up libbsd-dev:amd64 (0.12.1-1build1.1) ...
Setting up libcc1-0:amd64 (14.2.0-4ubuntu2~24.04) ...
Setting up liblsan0:amd64 (14.2.0-4ubuntu2~24.04) ...
Setting up libitm1:amd64 (14.2.0-4ubuntu2~24.04) ...
Setting up libctf0:amd64 (2.42-4ubuntu2.5) ...
Setting up libjpeg8:amd64 (8c-2ubuntu11) ...
Setting up cpp-13-x86-64-linux-gnu (13.3.0-6ubuntu2~24.04) ...
Setting up fontconfig-config (2.15.0-1.1ubuntu2) ...
Setting up libgprofng0:amd64 (2.42-4ubuntu2.5) ...
Setting up libevent-dev (2.1.12-stable-9ubuntu2) ...
Setting up libgssapi-krb5-2:amd64 (1.20.1-6ubuntu2.5) ...
Setting up libgcc-13-dev:amd64 (13.3.0-6ubuntu2~24.04) ...
Setting up libtiff6:amd64 (4.5.1+git230720-4ubuntu2.2) ...
Setting up libc6-dev:amd64 (2.39-0ubuntu8.4) ...
Setting up libicu-dev:amd64 (74.2-1ubuntu3.1) ...
Setting up libstdc++-13-dev:amd64 (13.3.0-6ubuntu2~24.04) ...
Setting up binutils-x86-64-linux-gnu (2.42-4ubuntu2.5) ...
Setting up cpp-x86-64-linux-gnu (4:13.2.0-7ubuntu1) ...
Setting up libzmq5:amd64 (4.3.5-1build2) ...
Setting up cpp-13 (13.3.0-6ubuntu2~24.04) ...
Setting up gcc-13-x86-64-linux-gnu (13.3.0-6ubuntu2~24.04) ...
Setting up binutils (2.42-4ubuntu2.5) ...
Setting up libxml2-dev:amd64 (2.9.14+dfsg-1.3ubuntu3.2) ...
Setting up libgssrpc4t64:amd64 (1.20.1-6ubuntu2.5) ...
Setting up comerr-dev:amd64 (2.1-1.47.0-2.4~exp1ubuntu4.1) ...
Setting up gcc-13 (13.3.0-6ubuntu2~24.04) ...
Setting up cpp (4:13.2.0-7ubuntu1) ...
Setting up libkadm5clnt-mit12:amd64 (1.20.1-6ubuntu2.5) ...
Setting up g++-13-x86-64-linux-gnu (13.3.0-6ubuntu2~24.04) ...
Setting up gcc-x86-64-linux-gnu (4:13.2.0-7ubuntu1) ...
Setting up libkdb5-10t64:amd64 (1.20.1-6ubuntu2.5) ...
Setting up libnorm-dev:amd64 (1.5.9+dfsg-3.1build1) ...
Setting up gcc (4:13.2.0-7ubuntu1) ...
Setting up libkadm5srv-mit12:amd64 (1.20.1-6ubuntu2.5) ...
Setting up g++-x86-64-linux-gnu (4:13.2.0-7ubuntu1) ...
Setting up krb5-multidev:amd64 (1.20.1-6ubuntu2.5) ...
Setting up g++-13 (13.3.0-6ubuntu2~24.04) ...
Setting up libkrb5-dev:amd64 (1.20.1-6ubuntu2.5) ...
Setting up g++ (4:13.2.0-7ubuntu1) ...
update-alternatives: using /usr/bin/g++ to provide /usr/bin/c++ (c++) in auto mode
Setting up libzmq3-dev:amd64 (4.3.5-1build2) ...
Setting up cppzmq-dev:amd64 (4.10.0-1build1) ...
Setting up libheif-plugin-aomdec:amd64 (1.17.6-1ubuntu4.1) ...
Setting up libheif-plugin-libde265:amd64 (1.17.6-1ubuntu4.1) ...
Setting up libheif1:amd64 (1.17.6-1ubuntu4.1) ...
Setting up libheif-plugin-aomenc:amd64 (1.17.6-1ubuntu4.1) ...
Processing triggers for libc-bin (2.39-0ubuntu8.4) ...
Processing triggers for man-db (2.12.0-4build2) ...
Processing triggers for sgml-base (1.31) ...
Setting up libfontconfig1:amd64 (2.15.0-1.1ubuntu2) ...
Processing triggers for install-info (7.1-3build2) ...
Setting up libgd3:amd64 (2.3.3-9ubuntu5) ...
Setting up libc-devtools (2.39-0ubuntu8.4) ...
Processing triggers for libc-bin (2.39-0ubuntu8.4) ...
debconf: unable to initialize frontend: Dialog
debconf: (Dialog frontend will not work on a dumb terminal, an emacs shell buffer, or without a controlling terminal.)
debconf: falling back to frontend: Readline
debconf: unable to initialize frontend: Readline
debconf: (This frontend requires a controlling tty.)
debconf: falling back to frontend: Teletype

Running kernel seems to be up-to-date.

Restarting services...
 systemctl restart chrony.service containerd.service cron.service google-guest-agent.service google-osconfig-agent.service kubelet.service multipathd.service packagekit.service polkit.service rsyslog.service ssh.service systemd-journald.service systemd-networkd.service systemd-resolved.service systemd-udevd.service

Service restarts being deferred:
 /etc/needrestart/restart.d/dbus.service
 systemctl restart getty@tty1.service
 systemctl restart networkd-dispatcher.service
 systemctl restart serial-getty@ttyS0.service
 systemctl restart systemd-logind.service
 systemctl restart unattended-upgrades.service

No containers need to be restarted.

User sessions running outdated binaries:
 ubuntu @ session #3: sshd[4384,4431]
 ubuntu @ user manager service: systemd[4241]

No VM guests are running outdated hypervisor (qemu) binaries on this host.
Reading package lists...
Reading package lists...
Building dependency tree...
Reading state information...
The following NEW packages will be installed:
  autoconf automake autopoint autotools-dev build-essential bzip2 debhelper
  debugedit dh-autoreconf dh-strip-nondeterminism dpkg-dev dwz gettext
  intltool-debian libarchive-zip-perl libdebhelper-perl libdpkg-perl
  libfile-stripnondeterminism-perl libio-socket-ssl-perl libnet-ssleay-perl
  libpkgconf3 libsasl2-dev libssl-dev libsub-override-perl libtool
  lto-disabled-list m4 perl-openssl-defaults pkg-config pkgconf pkgconf-bin
  po-debconf
The following packages will be upgraded:
  libssl3t64 openssl
2 upgraded, 32 newly installed, 0 to remove and 108 not upgraded.
Need to get 11.7 MB of archives.
After this operation, 32.2 MB of additional disk space will be used.
Get:1 http://europe-west1.gce.archive.ubuntu.com/ubuntu noble-updates/main amd64 libssl3t64 amd64 3.0.13-0ubuntu3.5 [1940 kB]
Get:2 http://europe-west1.gce.archive.ubuntu.com/ubuntu noble-updates/main amd64 openssl amd64 3.0.13-0ubuntu3.5 [1002 kB]
Get:3 http://europe-west1.gce.archive.ubuntu.com/ubuntu noble/main amd64 m4 amd64 1.4.19-4build1 [244 kB]
Get:4 http://europe-west1.gce.archive.ubuntu.com/ubuntu noble/main amd64 autoconf all 2.71-3 [339 kB]
Get:5 http://europe-west1.gce.archive.ubuntu.com/ubuntu noble/main amd64 autotools-dev all 20220109.1 [44.9 kB]
Get:6 http://europe-west1.gce.archive.ubuntu.com/ubuntu noble/main amd64 automake all 1:1.16.5-1.3ubuntu1 [558 kB]
Get:7 http://europe-west1.gce.archive.ubuntu.com/ubuntu noble/main amd64 autopoint all 0.21-14ubuntu2 [422 kB]
Get:8 http://europe-west1.gce.archive.ubuntu.com/ubuntu noble-updates/main amd64 libdpkg-perl all 1.22.6ubuntu6.1 [269 kB]
Get:9 http://europe-west1.gce.archive.ubuntu.com/ubuntu noble-updates/main amd64 bzip2 amd64 1.0.8-5.1build0.1 [34.5 kB]
Get:10 http://europe-west1.gce.archive.ubuntu.com/ubuntu noble/main amd64 lto-disabled-list all 47 [12.4 kB]
Get:11 http://europe-west1.gce.archive.ubuntu.com/ubuntu noble-updates/main amd64 dpkg-dev all 1.22.6ubuntu6.1 [1074 kB]
Get:12 http://europe-west1.gce.archive.ubuntu.com/ubuntu noble/main amd64 build-essential amd64 12.10ubuntu1 [4928 B]
Get:13 http://europe-west1.gce.archive.ubuntu.com/ubuntu noble/main amd64 libdebhelper-perl all 13.14.1ubuntu5 [89.8 kB]
Get:14 http://europe-west1.gce.archive.ubuntu.com/ubuntu noble/main amd64 libtool all 2.4.7-7build1 [166 kB]
Get:15 http://europe-west1.gce.archive.ubuntu.com/ubuntu noble/main amd64 dh-autoreconf all 20 [16.1 kB]
Get:16 http://europe-west1.gce.archive.ubuntu.com/ubuntu noble/main amd64 libarchive-zip-perl all 1.68-1 [90.2 kB]
Get:17 http://europe-west1.gce.archive.ubuntu.com/ubuntu noble/main amd64 libsub-override-perl all 0.10-1 [10.0 kB]
Get:18 http://europe-west1.gce.archive.ubuntu.com/ubuntu noble/main amd64 libfile-stripnondeterminism-perl all 1.13.1-1 [18.1 kB]
Get:19 http://europe-west1.gce.archive.ubuntu.com/ubuntu noble/main amd64 dh-strip-nondeterminism all 1.13.1-1 [5362 B]
Get:20 http://europe-west1.gce.archive.ubuntu.com/ubuntu noble/main amd64 debugedit amd64 1:5.0-5build2 [46.1 kB]
Get:21 http://europe-west1.gce.archive.ubuntu.com/ubuntu noble/main amd64 dwz amd64 0.15-1build6 [115 kB]
Get:22 http://europe-west1.gce.archive.ubuntu.com/ubuntu noble/main amd64 gettext amd64 0.21-14ubuntu2 [864 kB]
Get:23 http://europe-west1.gce.archive.ubuntu.com/ubuntu noble/main amd64 intltool-debian all 0.35.0+20060710.6 [23.2 kB]
Get:24 http://europe-west1.gce.archive.ubuntu.com/ubuntu noble/main amd64 po-debconf all 1.0.21+nmu1 [233 kB]
Get:25 http://europe-west1.gce.archive.ubuntu.com/ubuntu noble/main amd64 debhelper all 13.14.1ubuntu5 [869 kB]
Get:26 http://europe-west1.gce.archive.ubuntu.com/ubuntu noble/main amd64 perl-openssl-defaults amd64 7build3 [6626 B]
Get:27 http://europe-west1.gce.archive.ubuntu.com/ubuntu noble/main amd64 libnet-ssleay-perl amd64 1.94-1build4 [316 kB]
Get:28 http://europe-west1.gce.archive.ubuntu.com/ubuntu noble/main amd64 libio-socket-ssl-perl all 2.085-1 [195 kB]
Get:29 http://europe-west1.gce.archive.ubuntu.com/ubuntu noble/main amd64 libpkgconf3 amd64 1.8.1-2build1 [30.7 kB]
Get:30 http://europe-west1.gce.archive.ubuntu.com/ubuntu noble-updates/main amd64 libssl-dev amd64 3.0.13-0ubuntu3.5 [2408 kB]
Get:31 http://europe-west1.gce.archive.ubuntu.com/ubuntu noble-updates/main amd64 libsasl2-dev amd64 2.1.28+dfsg1-5ubuntu3.1 [243 kB]
Get:32 http://europe-west1.gce.archive.ubuntu.com/ubuntu noble/main amd64 pkgconf-bin amd64 1.8.1-2build1 [20.7 kB]
Get:33 http://europe-west1.gce.archive.ubuntu.com/ubuntu noble/main amd64 pkgconf amd64 1.8.1-2build1 [16.8 kB]
Get:34 http://europe-west1.gce.archive.ubuntu.com/ubuntu noble/main amd64 pkg-config amd64 1.8.1-2build1 [7264 B]
debconf: unable to initialize frontend: Dialog
debconf: (Dialog frontend will not work on a dumb terminal, an emacs shell buffer, or without a controlling terminal.)
debconf: falling back to frontend: Readline
debconf: unable to initialize frontend: Readline
debconf: (This frontend requires a controlling tty.)
debconf: falling back to frontend: Teletype
dpkg-preconfigure: unable to re-open stdin: 
Fetched 11.7 MB in 0s (66.9 MB/s)
(Reading database ... (Reading database ... 5%(Reading database ... 10%(Reading database ... 15%(Reading database ... 20%(Reading database ... 25%(Reading database ... 30%(Reading database ... 35%(Reading database ... 40%(Reading database ... 45%(Reading database ... 50%(Reading database ... 55%(Reading database ... 60%(Reading database ... 65%(Reading database ... 70%(Reading database ... 75%(Reading database ... 80%(Reading database ... 85%(Reading database ... 90%(Reading database ... 95%(Reading database ... 100%(Reading database ... 77739 files and directories currently installed.)
Preparing to unpack .../libssl3t64_3.0.13-0ubuntu3.5_amd64.deb ...
Unpacking libssl3t64:amd64 (3.0.13-0ubuntu3.5) over (3.0.13-0ubuntu3.4) ...
Setting up libssl3t64:amd64 (3.0.13-0ubuntu3.5) ...
(Reading database ... (Reading database ... 5%(Reading database ... 10%(Reading database ... 15%(Reading database ... 20%(Reading database ... 25%(Reading database ... 30%(Reading database ... 35%(Reading database ... 40%(Reading database ... 45%(Reading database ... 50%(Reading database ... 55%(Reading database ... 60%(Reading database ... 65%(Reading database ... 70%(Reading database ... 75%(Reading database ... 80%(Reading database ... 85%(Reading database ... 90%(Reading database ... 95%(Reading database ... 100%(Reading database ... 77739 files and directories currently installed.)
Preparing to unpack .../00-openssl_3.0.13-0ubuntu3.5_amd64.deb ...
Unpacking openssl (3.0.13-0ubuntu3.5) over (3.0.13-0ubuntu3.4) ...
Selecting previously unselected package m4.
Preparing to unpack .../01-m4_1.4.19-4build1_amd64.deb ...
Unpacking m4 (1.4.19-4build1) ...
Selecting previously unselected package autoconf.
Preparing to unpack .../02-autoconf_2.71-3_all.deb ...
Unpacking autoconf (2.71-3) ...
Selecting previously unselected package autotools-dev.
Preparing to unpack .../03-autotools-dev_20220109.1_all.deb ...
Unpacking autotools-dev (20220109.1) ...
Selecting previously unselected package automake.
Preparing to unpack .../04-automake_1%3a1.16.5-1.3ubuntu1_all.deb ...
Unpacking automake (1:1.16.5-1.3ubuntu1) ...
Selecting previously unselected package autopoint.
Preparing to unpack .../05-autopoint_0.21-14ubuntu2_all.deb ...
Unpacking autopoint (0.21-14ubuntu2) ...
Selecting previously unselected package libdpkg-perl.
Preparing to unpack .../06-libdpkg-perl_1.22.6ubuntu6.1_all.deb ...
Unpacking libdpkg-perl (1.22.6ubuntu6.1) ...
Selecting previously unselected package bzip2.
Preparing to unpack .../07-bzip2_1.0.8-5.1build0.1_amd64.deb ...
Unpacking bzip2 (1.0.8-5.1build0.1) ...
Selecting previously unselected package lto-disabled-list.
Preparing to unpack .../08-lto-disabled-list_47_all.deb ...
Unpacking lto-disabled-list (47) ...
Selecting previously unselected package dpkg-dev.
Preparing to unpack .../09-dpkg-dev_1.22.6ubuntu6.1_all.deb ...
Unpacking dpkg-dev (1.22.6ubuntu6.1) ...
Selecting previously unselected package build-essential.
Preparing to unpack .../10-build-essential_12.10ubuntu1_amd64.deb ...
Unpacking build-essential (12.10ubuntu1) ...
Selecting previously unselected package libdebhelper-perl.
Preparing to unpack .../11-libdebhelper-perl_13.14.1ubuntu5_all.deb ...
Unpacking libdebhelper-perl (13.14.1ubuntu5) ...
Selecting previously unselected package libtool.
Preparing to unpack .../12-libtool_2.4.7-7build1_all.deb ...
Unpacking libtool (2.4.7-7build1) ...
Selecting previously unselected package dh-autoreconf.
Preparing to unpack .../13-dh-autoreconf_20_all.deb ...
Unpacking dh-autoreconf (20) ...
Selecting previously unselected package libarchive-zip-perl.
Preparing to unpack .../14-libarchive-zip-perl_1.68-1_all.deb ...
Unpacking libarchive-zip-perl (1.68-1) ...
Selecting previously unselected package libsub-override-perl.
Preparing to unpack .../15-libsub-override-perl_0.10-1_all.deb ...
Unpacking libsub-override-perl (0.10-1) ...
Selecting previously unselected package libfile-stripnondeterminism-perl.
Preparing to unpack .../16-libfile-stripnondeterminism-perl_1.13.1-1_all.deb ...
Unpacking libfile-stripnondeterminism-perl (1.13.1-1) ...
Selecting previously unselected package dh-strip-nondeterminism.
Preparing to unpack .../17-dh-strip-nondeterminism_1.13.1-1_all.deb ...
Unpacking dh-strip-nondeterminism (1.13.1-1) ...
Selecting previously unselected package debugedit.
Preparing to unpack .../18-debugedit_1%3a5.0-5build2_amd64.deb ...
Unpacking debugedit (1:5.0-5build2) ...
Selecting previously unselected package dwz.
Preparing to unpack .../19-dwz_0.15-1build6_amd64.deb ...
Unpacking dwz (0.15-1build6) ...
Selecting previously unselected package gettext.
Preparing to unpack .../20-gettext_0.21-14ubuntu2_amd64.deb ...
Unpacking gettext (0.21-14ubuntu2) ...
Selecting previously unselected package intltool-debian.
Preparing to unpack .../21-intltool-debian_0.35.0+20060710.6_all.deb ...
Unpacking intltool-debian (0.35.0+20060710.6) ...
Selecting previously unselected package po-debconf.
Preparing to unpack .../22-po-debconf_1.0.21+nmu1_all.deb ...
Unpacking po-debconf (1.0.21+nmu1) ...
Selecting previously unselected package debhelper.
Preparing to unpack .../23-debhelper_13.14.1ubuntu5_all.deb ...
Unpacking debhelper (13.14.1ubuntu5) ...
Selecting previously unselected package perl-openssl-defaults:amd64.
Preparing to unpack .../24-perl-openssl-defaults_7build3_amd64.deb ...
Unpacking perl-openssl-defaults:amd64 (7build3) ...
Selecting previously unselected package libnet-ssleay-perl:amd64.
Preparing to unpack .../25-libnet-ssleay-perl_1.94-1build4_amd64.deb ...
Unpacking libnet-ssleay-perl:amd64 (1.94-1build4) ...
Selecting previously unselected package libio-socket-ssl-perl.
Preparing to unpack .../26-libio-socket-ssl-perl_2.085-1_all.deb ...
Unpacking libio-socket-ssl-perl (2.085-1) ...
Selecting previously unselected package libpkgconf3:amd64.
Preparing to unpack .../27-libpkgconf3_1.8.1-2build1_amd64.deb ...
Unpacking libpkgconf3:amd64 (1.8.1-2build1) ...
Selecting previously unselected package libssl-dev:amd64.
Preparing to unpack .../28-libssl-dev_3.0.13-0ubuntu3.5_amd64.deb ...
Unpacking libssl-dev:amd64 (3.0.13-0ubuntu3.5) ...
Selecting previously unselected package libsasl2-dev.
Preparing to unpack .../29-libsasl2-dev_2.1.28+dfsg1-5ubuntu3.1_amd64.deb ...
Unpacking libsasl2-dev (2.1.28+dfsg1-5ubuntu3.1) ...
Selecting previously unselected package pkgconf-bin.
Preparing to unpack .../30-pkgconf-bin_1.8.1-2build1_amd64.deb ...
Unpacking pkgconf-bin (1.8.1-2build1) ...
Selecting previously unselected package pkgconf:amd64.
Preparing to unpack .../31-pkgconf_1.8.1-2build1_amd64.deb ...
Unpacking pkgconf:amd64 (1.8.1-2build1) ...
Selecting previously unselected package pkg-config:amd64.
Preparing to unpack .../32-pkg-config_1.8.1-2build1_amd64.deb ...
Unpacking pkg-config:amd64 (1.8.1-2build1) ...
Setting up lto-disabled-list (47) ...
Setting up gettext (0.21-14ubuntu2) ...
Setting up libarchive-zip-perl (1.68-1) ...
Setting up libdebhelper-perl (13.14.1ubuntu5) ...
Setting up perl-openssl-defaults:amd64 (7build3) ...
Setting up m4 (1.4.19-4build1) ...
Setting up bzip2 (1.0.8-5.1build0.1) ...
Setting up intltool-debian (0.35.0+20060710.6) ...
Setting up autotools-dev (20220109.1) ...
Setting up libpkgconf3:amd64 (1.8.1-2build1) ...
Setting up libssl-dev:amd64 (3.0.13-0ubuntu3.5) ...
Setting up autopoint (0.21-14ubuntu2) ...
Setting up pkgconf-bin (1.8.1-2build1) ...
Setting up libdpkg-perl (1.22.6ubuntu6.1) ...
Setting up autoconf (2.71-3) ...
Setting up dwz (0.15-1build6) ...
Setting up debugedit (1:5.0-5build2) ...
Setting up libsub-override-perl (0.10-1) ...
Setting up openssl (3.0.13-0ubuntu3.5) ...
Setting up libnet-ssleay-perl:amd64 (1.94-1build4) ...
Setting up automake (1:1.16.5-1.3ubuntu1) ...
update-alternatives: using /usr/bin/automake-1.16 to provide /usr/bin/automake (automake) in auto mode
Setting up libfile-stripnondeterminism-perl (1.13.1-1) ...
Setting up libtool (2.4.7-7build1) ...
Setting up po-debconf (1.0.21+nmu1) ...
Setting up dpkg-dev (1.22.6ubuntu6.1) ...
Setting up pkgconf:amd64 (1.8.1-2build1) ...
Setting up dh-autoreconf (20) ...
Setting up libsasl2-dev (2.1.28+dfsg1-5ubuntu3.1) ...
Setting up pkg-config:amd64 (1.8.1-2build1) ...
Setting up dh-strip-nondeterminism (1.13.1-1) ...
Setting up build-essential (12.10ubuntu1) ...
Setting up libio-socket-ssl-perl (2.085-1) ...
Setting up debhelper (13.14.1ubuntu5) ...
Processing triggers for install-info (7.1-3build2) ...
Processing triggers for libc-bin (2.39-0ubuntu8.4) ...
Processing triggers for man-db (2.12.0-4build2) ...
debconf: unable to initialize frontend: Dialog
debconf: (Dialog frontend will not work on a dumb terminal, an emacs shell buffer, or without a controlling terminal.)
debconf: falling back to frontend: Readline
debconf: unable to initialize frontend: Readline
debconf: (This frontend requires a controlling tty.)
debconf: falling back to frontend: Teletype

Running kernel seems to be up-to-date.

Restarting services...
 /etc/needrestart/restart.d/systemd-manager
 systemctl restart packagekit.service ssh.service systemd-hostnamed.service systemd-journald.service systemd-networkd.service systemd-resolved.service systemd-udevd.service

Service restarts being deferred:
 /etc/needrestart/restart.d/dbus.service
 systemctl restart getty@tty1.service
 systemctl restart networkd-dispatcher.service
 systemctl restart serial-getty@ttyS0.service
 systemctl restart systemd-logind.service
 systemctl restart unattended-upgrades.service

No containers need to be restarted.

User sessions running outdated binaries:
 ubuntu @ session #3: sshd[4384,4431]
 ubuntu @ user manager service: systemd[4241]

No VM guests are running outdated hypervisor (qemu) binaries on this host.
Cloning into 'memcache-perf-dynamic'...
g++  -g -std=c++0x -D_GNU_SOURCE -O3    -c -o mcperf.o mcperf.cc
mcperf.cc: In function â€˜bool poll_recv(zmq::socket_t&, zmq::message_t*)â€™:
mcperf.cc:157:35: warning: â€˜bool zmq::detail::socket_base::recv(zmq::message_t*, int)â€™ is deprecated: from 4.3.1, use recv taking a reference to message_t and recv_flags [-Wdeprecated-declarations]
  157 |                 return socket.recv(msg);
      |                        ~~~~~~~~~~~^~~~~
In file included from mcperf.cc:30:
/usr/include/zmq.hpp:2008:10: note: declared here
 2008 |     bool recv(message_t *msg_, int flags_ = 0)
      |          ^~~~
mcperf.cc:166:35: warning: â€˜bool zmq::detail::socket_base::recv(zmq::message_t*, int)â€™ is deprecated: from 4.3.1, use recv taking a reference to message_t and recv_flags [-Wdeprecated-declarations]
  166 |                 status=socket.recv(msg,noblock_flag);
      |                        ~~~~~~~~~~~^~~~~~~~~~~~~~~~~~
/usr/include/zmq.hpp:2008:10: note: declared here
 2008 |     bool recv(message_t *msg_, int flags_ = 0)
      |          ^~~~
mcperf.cc: In function â€˜bool poll_send(zmq::socket_t&, zmq::message_t&)â€™:
mcperf.cc:192:27: warning: â€˜bool zmq::detail::socket_base::send(zmq::message_t&, int)â€™ is deprecated: from 4.3.1, use send taking message_t and send_flags [-Wdeprecated-declarations]
  192 |         return socket.send(msg);
      |                ~~~~~~~~~~~^~~~~
/usr/include/zmq.hpp:1927:10: note: declared here
 1927 |     bool send(message_t &msg_,
      |          ^~~~
mcperf.cc: In function â€˜void agent()â€™:
mcperf.cc:471:16: warning: â€˜bool zmq::detail::socket_base::recv(zmq::message_t*, int)â€™ is deprecated: from 4.3.1, use recv taking a reference to message_t and recv_flags [-Wdeprecated-declarations]
  471 |     socket.recv(&request);
      |     ~~~~~~~~~~~^~~~~~~~~~
/usr/include/zmq.hpp:2008:10: note: declared here
 2008 |     bool recv(message_t *msg_, int flags_ = 0)
      |          ^~~~
mcperf.cc:476:16: warning: â€˜bool zmq::detail::socket_base::send(zmq::message_t&, int)â€™ is deprecated: from 4.3.1, use send taking message_t and send_flags [-Wdeprecated-declarations]
  476 |     socket.send(num);
      |     ~~~~~~~~~~~^~~~~
/usr/include/zmq.hpp:1927:10: note: declared here
 1927 |     bool send(message_t &msg_,
      |          ^~~~
mcperf.cc:499:18: warning: â€˜bool zmq::detail::socket_base::recv(zmq::message_t*, int)â€™ is deprecated: from 4.3.1, use recv taking a reference to message_t and recv_flags [-Wdeprecated-declarations]
  499 |       socket.recv(&request);
      |       ~~~~~~~~~~~^~~~~~~~~~
/usr/include/zmq.hpp:2008:10: note: declared here
 2008 |     bool recv(message_t *msg_, int flags_ = 0)
      |          ^~~~
mcperf.cc:507:16: warning: â€˜bool zmq::detail::socket_base::recv(zmq::message_t*, int)â€™ is deprecated: from 4.3.1, use recv taking a reference to message_t and recv_flags [-Wdeprecated-declarations]
  507 |     socket.recv(&request);
      |     ~~~~~~~~~~~^~~~~~~~~~
/usr/include/zmq.hpp:2008:10: note: declared here
 2008 |     bool recv(message_t *msg_, int flags_ = 0)
      |          ^~~~
mcperf.cc:601:16: warning: â€˜bool zmq::detail::socket_base::send(zmq::message_t&, int)â€™ is deprecated: from 4.3.1, use send taking message_t and send_flags [-Wdeprecated-declarations]
  601 |     socket.send(request);
      |     ~~~~~~~~~~~^~~~~~~~~
/usr/include/zmq.hpp:1927:10: note: declared here
 1927 |     bool send(message_t &msg_,
      |          ^~~~
mcperf.cc:606:16: warning: â€˜bool zmq::detail::socket_base::send(zmq::message_t&, int)â€™ is deprecated: from 4.3.1, use send taking message_t and send_flags [-Wdeprecated-declarations]
  606 |     socket.send(request);
      |     ~~~~~~~~~~~^~~~~~~~~
/usr/include/zmq.hpp:1927:10: note: declared here
 1927 |     bool send(message_t &msg_,
      |          ^~~~
mcperf.cc:611:16: warning: â€˜bool zmq::detail::socket_base::send(zmq::message_t&, int)â€™ is deprecated: from 4.3.1, use send taking message_t and send_flags [-Wdeprecated-declarations]
  611 |     socket.send(request);
      |     ~~~~~~~~~~~^~~~~~~~~
/usr/include/zmq.hpp:1927:10: note: declared here
 1927 |     bool send(message_t &msg_,
      |          ^~~~
mcperf.cc:617:18: warning: â€˜bool zmq::detail::socket_base::send(zmq::message_t&, int)â€™ is deprecated: from 4.3.1, use send taking message_t and send_flags [-Wdeprecated-declarations]
  617 |       socket.send(request);
      |       ~~~~~~~~~~~^~~~~~~~~
/usr/include/zmq.hpp:1927:10: note: declared here
 1927 |     bool send(message_t &msg_,
      |          ^~~~
mcperf.cc:623:16: warning: â€˜bool zmq::detail::socket_base::send(zmq::message_t&, int)â€™ is deprecated: from 4.3.1, use send taking message_t and send_flags [-Wdeprecated-declarations]
  623 |     socket.send(request);
      |     ~~~~~~~~~~~^~~~~~~~~
/usr/include/zmq.hpp:1927:10: note: declared here
 1927 |     bool send(message_t &msg_,
      |          ^~~~
mcperf.cc:628:16: warning: â€˜bool zmq::detail::socket_base::send(zmq::message_t&, int)â€™ is deprecated: from 4.3.1, use send taking message_t and send_flags [-Wdeprecated-declarations]
  628 |     socket.send(request);
      |     ~~~~~~~~~~~^~~~~~~~~
/usr/include/zmq.hpp:1927:10: note: declared here
 1927 |     bool send(message_t &msg_,
      |          ^~~~
mcperf.cc: In function â€˜int main(int, char**)â€™:
mcperf.cc:937:22: warning: â€˜void zmq::detail::socket_base::setsockopt(int, const void*, size_t)â€™ is deprecated: from 4.7.0, use `set` taking option from zmq::sockopt [-Wdeprecated-declarations]
  937 |         s->setsockopt(ZMQ_BACKLOG,&total_conn,sizeof(total_conn));
      |         ~~~~~~~~~~~~~^~~~~~~~~~~~~~~~~~~~~~~~~~~~~~~~~~~~~~~~~~~~
/usr/include/zmq.hpp:1741:10: note: declared here
 1741 |     void setsockopt(int option_, const void *optval_, size_t optvallen_)
      |          ^~~~~~~~~~
mcperf.cc:939:22: warning: â€˜void zmq::detail::socket_base::setsockopt(int, const void*, size_t)â€™ is deprecated: from 4.7.0, use `set` taking option from zmq::sockopt [-Wdeprecated-declarations]
  939 |         s->setsockopt(ZMQ_LINGER,&linger,sizeof(linger));
      |         ~~~~~~~~~~~~~^~~~~~~~~~~~~~~~~~~~~~~~~~~~~~~~~~~
/usr/include/zmq.hpp:1741:10: note: declared here
 1741 |     void setsockopt(int option_, const void *optval_, size_t optvallen_)
      |          ^~~~~~~~~~
g++  -g -std=c++0x -D_GNU_SOURCE -O3    -c -o cmdline.o cmdline.cc
g++  -g -std=c++0x -D_GNU_SOURCE -O3    -c -o log.o log.cc
g++  -g -std=c++0x -D_GNU_SOURCE -O3    -c -o distributions.o distributions.cc
g++  -g -std=c++0x -D_GNU_SOURCE -O3    -c -o util.o util.cc
g++  -g -std=c++0x -D_GNU_SOURCE -O3    -c -o Connection.o Connection.cc
g++  -g -std=c++0x -D_GNU_SOURCE -O3    -c -o Generator.o Generator.cc
g++  -g -std=c++0x -D_GNU_SOURCE -O3    -c -o cpu_stat_thread.o cpu_stat_thread.cc
export LD_RUN_PATH= && g++ -o mcperf  mcperf.o cmdline.o log.o distributions.o util.o Connection.o Generator.o cpu_stat_thread.o   -lzmq -levent -lpthread -lrt  
[Matteo Log] mcperf_init.sh complete on measure
[Matteo Log] launching mcperf agent in background ssh session
[Matteo Log] Running mcperf sweep for T=1, C=1 (run 1)
-t 1
pid 5138's current affinity list: 0-3
pid 5138's new affinity list: 0
pid 5140's current affinity list: 0-3
pid 5140's new affinity list: 0
pid 5141's current affinity list: 0-3
pid 5141's new affinity list: 0
pid 5142's current affinity list: 0-3
pid 5142's new affinity list: 0
pid 5143's current affinity list: 0-3
pid 5143's new affinity list: 0
pid 5144's current affinity list: 0-3
pid 5144's new affinity list: 0
pid 5145's current affinity list: 0-3
pid 5145's new affinity list: 0
[Matteo Log] Memcached restarted with T=1 and pinned to 0
[Matteo Log] memcached taskset complete
[Matteo Log]Â measure load complete
#type       avg     std     min      p5     p10     p50     p67     p75     p80     p85     p90     p95     p99    p999   p9999      QPS   target       ts_start         ts_end
Local QPS = 3977.6 (19888 / 5.0s) - 19888.0, 0.0
#type       avg     std     min      p5     p10     p50     p67     p75     p80     p85     p90     p95     p99    p999   p9999 QPS
read      210.7    60.3    93.8   156.0   165.3   202.7   219.0   229.8   237.0   248.4   262.9   286.5   344.4  1021.2  2376.8   3977.6
read      212.5   105.7    86.8   117.7   132.3   196.6   215.3   227.2   235.5   249.2   268.3   311.0   678.2  1227.3  1964.8   4955.0     5000              0  1744817134529
Local QPS = 9009.2 (45046 / 5.0s) - 45046.0, 0.0
#type       avg     std     min      p5     p10     p50     p67     p75     p80     p85     p90     p95     p99    p999   p9999 QPS
read      224.6    56.5    93.8   150.2   167.2   220.4   240.9   252.9   262.0   271.8   285.9   307.1   351.8   502.5  1612.2   9009.2
read      223.5    81.5    74.4   127.9   147.2   216.4   238.1   251.4   261.0   271.8   287.6   313.7   657.0   747.4  1936.1  10004.2    10000              0  1744817141050
Local QPS = 13961.8 (69809 / 5.0s) - 69809.0, 0.0
#type       avg     std     min      p5     p10     p50     p67     p75     p80     p85     p90     p95     p99    p999   p9999 QPS
read      233.2    91.3    86.8   137.4   157.4   230.3   254.6   268.1   277.1   289.2   304.2   328.1   379.0   540.9  4756.4  13961.8
read      232.1   100.8    80.4   129.7   144.8   227.1   252.7   266.8   276.1   289.0   305.1   332.6   478.6   747.8  2738.4  14954.8    15000              0  1744817147568
Local QPS = 19015.6 (95078 / 5.0s) - 95078.0, 0.0
#type       avg     std     min      p5     p10     p50     p67     p75     p80     p85     p90     p95     p99    p999   p9999 QPS
read      236.6    64.1    86.8   131.1   147.0   236.7   264.6   278.9   289.6   301.8   317.8   343.5   396.9   471.4   627.7  19015.6
read      234.8    75.9    63.8   122.9   137.9   233.8   262.9   277.7   288.9   301.6   318.5   346.0   430.1   718.5   778.9  20009.2    20000              0  1744817154087
Local QPS = 24046.7 (120234 / 5.0s) - 120234.0, 0.0
#type       avg     std     min      p5     p10     p50     p67     p75     p80     p85     p90     p95     p99    p999   p9999 QPS
read      242.2    76.6    86.8   127.9   141.8   242.5   274.4   290.7   302.1   315.7   333.6   359.9   411.0   531.4  1634.9  24046.7
read      240.2    83.3    74.4   122.1   136.1   239.7   272.8   289.6   301.2   315.3   333.8   361.8   431.0   722.7  1625.9  25022.3    25000              0  1744817160605
Local QPS = 28944.1 (144721 / 5.0s) - 144721.0, 0.0
#type       avg     std     min      p5     p10     p50     p67     p75     p80     p85     p90     p95     p99    p999   p9999 QPS
read      246.8   102.0    80.4   125.5   138.6   245.3   282.7   301.5   314.8   330.3   348.6   376.8   438.1   707.4  3181.8  28944.1
read      244.5   106.1    63.8   119.0   133.3   242.4   281.0   300.3   314.0   329.9   348.9   379.1   462.1   736.4  3164.6  29948.3    30000              0  1744817167124
Local QPS = 33969.6 (169848 / 5.0s) - 169848.0, 0.0
#type       avg     std     min      p5     p10     p50     p67     p75     p80     p85     p90     p95     p99    p999   p9999 QPS
read      251.4   103.6    86.8   125.4   138.3   248.2   290.5   310.8   324.6   341.7   362.8   393.4   462.5   841.8  2953.8  33969.6
read      249.9   105.8    74.4   124.1   136.3   245.4   288.8   309.6   323.5   341.1   362.6   394.2   471.7   851.6  2947.4  34960.0    35000              0  1744817173642
Local QPS = 38941.2 (194706 / 5.0s) - 194706.0, 0.0
#type       avg     std     min      p5     p10     p50     p67     p75     p80     p85     p90     p95     p99    p999   p9999 QPS
read      254.0   104.0    80.4   123.5   136.6   249.8   296.1   318.7   334.8   352.3   373.0   403.8   468.8   596.4  3638.6  38941.2
read      251.8   105.4    68.9   121.2   134.0   246.7   294.3   317.3   333.5   351.2   372.5   403.7   471.1   706.2  3500.4  39930.8    40000              0  1744817180160
Local QPS = 43914.5 (219573 / 5.0s) - 219573.0, 0.0
#type       avg     std     min      p5     p10     p50     p67     p75     p80     p85     p90     p95     p99    p999   p9999 QPS
read      259.9   109.1    80.4   123.4   137.3   252.7   303.4   328.3   345.1   365.0   388.9   424.1   500.9   738.5  3021.5  43914.5
read      257.7   109.4    63.8   121.4   135.2   249.8   301.4   326.5   343.7   363.7   387.8   423.2   500.4   757.4  3014.6  44895.7    45000              0  1744817186679
Local QPS = 49135.0 (245675 / 5.0s) - 245675.0, 0.0
#type       avg     std     min      p5     p10     p50     p67     p75     p80     p85     p90     p95     p99    p999   p9999 QPS
read      258.4   105.6    80.4   121.5   135.0   248.5   302.2   328.8   346.4   367.5   392.5   428.6   508.0   741.4  1874.6  49135.0
read      258.5   105.5    74.4   121.3   134.9   248.9   302.3   328.9   346.4   367.5   392.5   428.6   508.1   742.2  1884.4  50156.2    50000              0  1744817193199
Local QPS = 53878.8 (269394 / 5.0s) - 269394.0, 0.0
#type       avg     std     min      p5     p10     p50     p67     p75     p80     p85     p90     p95     p99    p999   p9999 QPS
read      268.4   113.9    80.4   122.6   137.5   258.5   314.1   342.1   362.2   384.7   411.1   451.0   538.6   725.7  2201.5  53878.8
read      269.2   113.8    80.4   122.8   137.7   259.9   315.4   343.1   363.1   385.3   411.5   451.3   538.9   726.9  2023.4  54888.0    55000              0  1744817199718
Local QPS = 58997.2 (294986 / 5.0s) - 294986.0, 0.0
#type       avg     std     min      p5     p10     p50     p67     p75     p80     p85     p90     p95     p99    p999   p9999 QPS
read      268.1   115.9    80.4   123.1   138.0   254.1   311.2   341.3   363.0   387.4   416.4   459.0   546.5   678.9  1847.2  58997.2
read      268.4   115.6    74.4   123.0   138.1   255.0   311.6   341.3   362.9   387.2   416.1   458.8   546.3   678.8  1839.5  59983.4    60000              0  1744817206236
Local QPS = 63958.8 (319794 / 5.0s) - 319794.0, 0.0
#type       avg     std     min      p5     p10     p50     p67     p75     p80     p85     p90     p95     p99    p999   p9999 QPS
read      265.9   118.5    80.4   120.5   134.8   249.8   308.8   340.7   363.0   388.1   418.3   461.9   552.8   689.4  1283.8  63958.8
read      266.5   118.3    80.4   120.6   135.0   251.1   310.1   341.5   363.5   388.3   418.3   461.8   552.4   689.3  1238.3  64951.0    65000              0  1744817212754
Local QPS = 69128.4 (345642 / 5.0s) - 345642.0, 0.0
#type       avg     std     min      p5     p10     p50     p67     p75     p80     p85     p90     p95     p99    p999   p9999 QPS
read      281.5   131.5    74.4   126.0   141.7   259.9   321.1   355.8   380.3   408.0   443.0   499.3   639.0  1008.5  2449.5  69128.4
read      282.3   131.6    68.9   126.1   141.9   261.2   322.7   357.2   381.4   409.0   443.8   500.1   639.7  1010.2  2451.0  70119.0    70000              0  1744817219272
Local QPS = 73977.0 (369885 / 5.0s) - 369885.0, 0.0
#type       avg     std     min      p5     p10     p50     p67     p75     p80     p85     p90     p95     p99    p999   p9999 QPS
read      351.4   218.6    74.4   131.7   151.2   299.9   383.2   431.9   470.4   528.4   614.1   740.6  1171.2  1540.6  4289.4  73977.0
read      352.0   219.0    74.4   131.8   151.4   300.7   383.4   431.9   470.5   528.7   614.8   742.0  1175.8  1543.2  4262.1  74982.0    75000              0  1744817225792
Local QPS = 79002.0 (395010 / 5.0s) - 395010.0, 0.0
#type       avg     std     min      p5     p10     p50     p67     p75     p80     p85     p90     p95     p99    p999   p9999 QPS
read      388.9   245.2    80.4   135.0   156.8   325.1   422.7   485.6   542.3   621.6   709.6   826.3  1344.4  1604.4  2358.1  79002.0
read      390.0   246.3    80.4   135.2   157.1   326.3   423.1   486.2   543.0   622.7   711.0   831.3  1349.3  1606.2  2386.9  80002.6    80000              0  1744817232311
Local QPS = 83497.8 (417491 / 5.0s) - 417491.0, 0.0
#type       avg     std     min      p5     p10     p50     p67     p75     p80     p85     p90     p95     p99    p999   p9999 QPS
read      534.6   307.6    80.4   161.0   200.0   491.6   606.5   689.5   764.6   826.5   912.1  1116.9  1585.2  1808.1  3785.1  83497.8
read      536.1   309.4    74.4   161.2   200.5   491.8   607.6   691.7   766.9   829.2   917.7  1123.2  1589.3  1815.0  3752.3  84508.0    85000              0  1744817238831
Local QPS = 88660.0 (443300 / 5.0s) - 443300.0, 0.0
#type       avg     std     min      p5     p10     p50     p67     p75     p80     p85     p90     p95     p99    p999   p9999 QPS
read      679.9   278.7    80.4   362.1   442.8   599.7   690.9   787.7   863.2   987.9  1083.3  1183.1  1544.6  1745.9  6046.7  88660.0
read      682.5   280.7    80.4   361.3   442.7   601.0   695.1   793.3   870.3   995.3  1087.3  1186.1  1550.0  1779.9  5998.7  89662.2    90000              0  1744817245349
Local QPS = 83711.7 (418559 / 5.0s) - 418559.0, 0.0
#type       avg     std     min      p5     p10     p50     p67     p75     p80     p85     p90     p95     p99    p999   p9999 QPS
read      761.9   269.1   118.1   495.8   532.0   664.7   761.6   854.6   934.3  1091.6  1188.5  1294.5  1662.0  1872.3  3740.1  83711.7
read      764.3   271.7    93.8   494.7   531.7   665.9   766.8   859.9   942.0  1100.8  1193.2  1300.7  1666.4  1875.5  3722.8  84705.5    95000              0  1744817251868
Local QPS = 78615.0 (393075 / 5.0s) - 393075.0, 0.0
#type       avg     std     min      p5     p10     p50     p67     p75     p80     p85     p90     p95     p99    p999   p9999 QPS
read      813.7   285.5   137.8   552.4   582.4   702.2   828.2   907.2   962.4  1136.6  1264.9  1368.0  1791.4  1996.9  5114.4  78615.0
read      815.9   288.3    86.8   551.6   581.9   703.7   832.7   911.1   971.0  1149.1  1268.7  1370.7  1795.2  1999.8  5090.5  79625.0   100000              0  1744817258388
Local QPS = 82870.3 (414355 / 5.0s) - 414355.0, 0.0
#type       avg     std     min      p5     p10     p50     p67     p75     p80     p85     p90     p95     p99    p999   p9999 QPS
read      771.0   276.4   127.6   502.9   535.9   667.6   786.1   863.4   941.3  1104.6  1200.7  1311.9  1688.0  1882.6  3510.4  82870.3
read      773.5   279.1   109.4   501.8   535.6   668.9   790.5   867.7   954.2  1110.2  1204.6  1318.8  1691.8  1891.3  3492.9  83873.9   105000              0  1744817264906
Local QPS = 80581.8 (402909 / 5.0s) - 402909.0, 0.0
#type       avg     std     min      p5     p10     p50     p67     p75     p80     p85     p90     p95     p99    p999   p9999 QPS
read      793.6   291.7   109.4   520.8   557.4   688.3   817.7   881.1   935.6  1110.6  1228.9  1351.9  1725.4  1923.4  5552.5  80581.8
read      796.4   294.7    86.8   519.8   557.1   689.4   821.2   886.6   941.2  1121.0  1234.0  1357.5  1728.6  1943.9  5543.3  81578.6   110000              0  1744817271428
Local QPS = 86607.4 (433037 / 5.0s) - 433037.0, 0.0
#type       avg     std     min      p5     p10     p50     p67     p75     p80     p85     p90     p95     p99    p999   p9999 QPS
read      738.4   269.1   109.4   490.4   523.9   638.6   708.0   807.5   922.4  1088.5  1173.3  1263.2  1553.6  1873.5  4577.8  86607.4
read      740.6   270.9    86.8   489.7   523.8   639.5   712.1   816.6   933.5  1094.6  1175.6  1264.9  1560.8  1877.3  4566.2  87597.2   115000              0  1744817277946
Local QPS = 85363.7 (426819 / 5.0s) - 426819.0, 0.0
#type       avg     std     min      p5     p10     p50     p67     p75     p80     p85     p90     p95     p99    p999   p9999 QPS
read      749.3   264.8   137.8   492.8   523.7   642.3   762.7   842.5   921.6  1073.5  1163.1  1271.3  1641.7  1831.1  2707.0  85363.7
read      751.6   267.1    93.8   492.2   523.6   644.1   766.8   847.1   931.3  1080.2  1166.5  1274.4  1645.2  1835.4  2700.3  86340.5   120000              0  1744817284465
Local QPS = 83271.3 (416358 / 5.0s) - 416358.0, 0.0
#type       avg     std     min      p5     p10     p50     p67     p75     p80     p85     p90     p95     p99    p999   p9999 QPS
read      768.3   272.9   160.7   513.2   540.9   663.4   777.5   854.6   929.9  1103.9  1195.4  1300.2  1682.3  1868.9  2821.5  83271.3
read      770.7   275.4    93.8   512.8   540.7   664.8   781.9   859.1   938.3  1109.2  1199.3  1307.2  1685.2  1871.3  2840.1  84261.7   125000              0  1744817290983
Local QPS = 84492.6 (422463 / 5.0s) - 422463.0, 0.0
#type       avg     std     min      p5     p10     p50     p67     p75     p80     p85     p90     p95     p99    p999   p9999 QPS
read      757.1   273.8   101.3   510.2   541.0   656.6   723.4   815.9   937.3  1118.4  1210.6  1294.0  1584.7  1876.3  6194.7  84492.6
read      759.2   275.8    86.8   509.4   540.7   657.6   726.5   825.0   953.0  1122.9  1212.9  1296.6  1591.0  1878.8  6183.8  85494.0   130000              0  1744817297501
Local QPS = 82790.2 (413951 / 5.0s) - 413951.0, 0.0
#type       avg     std     min      p5     p10     p50     p67     p75     p80     p85     p90     p95     p99    p999   p9999 QPS
read      772.8   271.1   118.1   519.9   554.6   670.4   737.7   844.9   957.7  1132.2  1229.4  1324.3  1637.3  1952.7  4268.6  82790.2
read      775.2   274.0    86.8   519.1   554.4   671.4   740.3   854.1   974.0  1138.6  1232.5  1327.2  1646.9  1965.5  5166.6  83802.8   135000              0  1744817304020
Local QPS = 81607.1 (408037 / 5.0s) - 408037.0, 0.0
#type       avg     std     min      p5     p10     p50     p67     p75     p80     p85     p90     p95     p99    p999   p9999 QPS
read      784.0   276.4   202.4   536.8   567.9   683.4   744.6   817.9   919.0  1152.4  1256.5  1354.8  1611.3  1867.7  4607.8  81607.1
read      786.3   278.9    93.8   535.4   567.5   684.2   746.5   826.3   932.6  1160.9  1259.5  1356.9  1616.0  1873.5  4519.6  82609.4   140000              0  1744817310541
Local QPS = 85952.9 (429766 / 5.0s) - 429766.0, 0.0
#type       avg     std     min      p5     p10     p50     p67     p75     p80     p85     p90     p95     p99    p999   p9999 QPS
read      744.3   268.4   160.7   489.1   519.8   638.0   748.0   840.6   935.5  1074.5  1158.8  1261.5  1614.9  1846.4  4048.9  85952.9
read      747.0   270.9    93.8   488.7   519.8   639.0   753.4   846.8   949.0  1081.1  1162.3  1264.9  1620.4  1855.7  4037.6  86933.9   145000              0  1744817317059
Local QPS = 85703.7 (428521 / 5.0s) - 428521.0, 0.0
#type       avg     std     min      p5     p10     p50     p67     p75     p80     p85     p90     p95     p99    p999   p9999 QPS
read      746.5   260.6   160.7   502.1   532.5   645.0   717.9   815.0   929.7  1104.2  1188.3  1271.2  1567.7  1837.3  3069.8  85703.7
read      749.2   263.2   101.3   501.3   532.4   646.2   722.1   824.4   943.8  1109.0  1191.6  1273.4  1575.7  1848.6  3062.4  86694.5   150000              0  1744817323577
Local QPS = 86359.4 (431797 / 5.0s) - 431797.0, 0.0
#type       avg     std     min      p5     p10     p50     p67     p75     p80     p85     p90     p95     p99    p999   p9999 QPS
read      740.8   267.3   118.1   497.7   531.2   645.6   700.5   768.2   917.0  1106.4  1194.6  1275.2  1449.8  1777.0  4228.6  86359.4
read      743.4   269.7    86.8   496.8   531.0   646.7   704.1   778.8   939.7  1111.2  1197.6  1277.0  1457.9  1806.7  4212.0  87378.0   155000              0  1744817330096
Local QPS = 85847.4 (429237 / 5.0s) - 429237.0, 0.0
#type       avg     std     min      p5     p10     p50     p67     p75     p80     p85     p90     p95     p99    p999   p9999 QPS
read      745.4   262.4   137.8   494.8   529.7   649.6   713.8   802.2   931.8  1100.7  1191.2  1274.1  1501.9  1853.2  4347.2  85847.4
read      748.2   265.3   118.1   494.0   529.6   650.8   717.5   812.9   947.2  1106.8  1195.3  1276.7  1521.1  1866.3  4320.4  86835.4   160000              0  1744817336614
Local QPS = 85519.2 (427596 / 5.0s) - 427596.0, 0.0
#type       avg     std     min      p5     p10     p50     p67     p75     p80     p85     p90     p95     p99    p999   p9999 QPS
read      748.2   273.2   160.7   478.1   513.0   646.8   771.7   851.1   930.9  1061.6  1157.0  1271.3  1630.4  1834.4  4587.3  85519.2
read      750.9   275.9    93.8   477.7   512.9   648.7   776.1   856.2   940.1  1068.8  1161.1  1275.2  1637.0  1846.0  4557.7  86531.0   165000              0  1744817343132
Local QPS = 83723.2 (418616 / 5.0s) - 418616.0, 0.0
#type       avg     std     min      p5     p10     p50     p67     p75     p80     p85     p90     p95     p99    p999   p9999 QPS
read      764.2   285.1   127.6   491.8   528.7   663.8   757.1   862.9   964.4  1104.8  1196.2  1293.1  1649.1  1998.2  6725.5  83723.2
read      766.9   287.8   118.1   491.0   528.5   665.0   763.4   869.5   978.6  1110.5  1200.3  1298.5  1657.0  2027.8  6704.1  84716.8   170000              0  1744817349650
Local QPS = 88562.6 (442815 / 5.0s) - 442815.0, 0.0
#type       avg     std     min      p5     p10     p50     p67     p75     p80     p85     p90     p95     p99    p999   p9999 QPS
read      722.5   261.0   148.8   470.0   500.8   618.3   716.3   842.7   950.1  1056.0  1131.8  1219.9  1588.8  1799.7  3708.9  88562.6
read      724.6   262.8   101.3   469.6   500.9   619.3   723.6   848.9   958.5  1059.2  1133.9  1222.5  1592.9  1815.1  3699.8  89538.0   175000              0  1744817356169
Local QPS = 86880.3 (434404 / 5.0s) - 434404.0, 0.0
#type       avg     std     min      p5     p10     p50     p67     p75     p80     p85     p90     p95     p99    p999   p9999 QPS
read      736.5   265.4   160.7   483.0   517.0   634.4   708.1   837.4   964.8  1083.7  1161.4  1249.3  1537.5  1860.3  5665.4  86880.3
read      738.7   267.3    93.8   482.7   517.0   635.2   713.2   846.5   975.9  1088.1  1163.7  1251.2  1547.7  1865.5  5640.3  87899.7   180000              0  1744817362687
Local QPS = 88832.5 (444163 / 5.0s) - 444163.0, 0.0
#type       avg     std     min      p5     p10     p50     p67     p75     p80     p85     p90     p95     p99    p999   p9999 QPS
read      720.2   268.5   109.4   474.5   509.6   623.2   686.6   785.1   947.7  1074.5  1150.1  1234.8  1455.4  1738.4  5714.8  88832.5
read      722.7   270.4   101.3   474.1   509.5   624.1   689.0   795.7   961.6  1079.3  1152.6  1237.1  1463.0  1744.2  5659.1  89837.7   185000              0  1744817369206
Local QPS = 90260.6 (451304 / 5.0s) - 451304.0, 0.0
#type       avg     std     min      p5     p10     p50     p67     p75     p80     p85     p90     p95     p99    p999   p9999 QPS
read      708.8   259.5   173.5   459.6   491.4   610.6   689.7   804.1read      711.4   261.5    93.8   459.4   491.5   611.8   693.0   813.6   950.0  1047.7  1121.6  1207.3  1493.1  1818.2  5360.0  91247.0   190000              0  1744817375725
   940.3  1043.8  1118.8  1203.7  1484.9  1783.4  5393.7  90260.6
Local QPS = 85257.8 (426289 / 5.0s) - 426289.0, 0.0
#type       avg     std     min      p5     p10     p50     p67     p75     p80     p85     p90     p95     p99    p999   p9999 QPS
read      750.5   263.7   160.7   501.6   531.7   645.7   731.9   830.2   934.1  1105.5  1187.0  1271.6  1605.6  1827.3  3206.2  85257.8
read      752.7   265.8    86.8   500.8   531.6   646.9   736.1   836.7   949.6  1109.1  1189.4  1273.2  1609.1  1836.8  3200.3  86258.4   195000              0  1744817382243
Local QPS = 87345.8 (436729 / 5.0s) - 436729.0, 0.0
#type       avg     std     min      p5     p10     p50     p67     p75     p80     p85     p90     p95     p99    p999   p9999 QPS
read      732.5   278.0   118.1   479.2   513.7   631.7   712.0   829.8   937.6  1068.7  1153.5  1245.1  1570.0  1828.7  6354.5  87345.8
read      734.7   279.7    93.8   478.8   513.7   632.6   717.2   837.0   948.1  1073.3  1156.0  1247.3  1576.9  1839.2  6334.9  88330.2   200000              0  1744817388761
read      750.5   280.4    93.8   485.3   519.0   644.0   755.3   850.1   952.4  1086.2  1168.8  1272.1  1630.5  1856.7  5926.3  86536.6   205000              0  1744817395281
Local QPS = 85551.2 (427756 / 5.0s) - 427756.0, 0.0
#type       avg     std     min      p5     p10     p50     p67     p75     p80     p85     p90     p95     p99    p999   p9999 QPS
read      747.9   278.0   160.7   485.8   519.0   642.3   750.1   844.2   938.8  1079.8  1165.4  1269.1  1624.0  1847.1  5948.2  85551.2
Local QPS = 86241.8 (431210 / 5.0s) - 431210.0, 0.0
#type       avg     std     min      p5     p10     p50     p67     p75     p80     p85     p90     p95     p99    p999   p9999 QPS
read      741.9   260.7   127.6   484.2   520.1   644.3   717.0   817.4   960.6  1096.4  1180.3  1267.5  1508.3  1846.8  3661.1  86241.8
read      744.1   262.7    86.8   483.6   520.0   645.5   720.6   828.6   973.5  1101.1  1182.6  1269.0  1517.3  1853.9  3643.6  87243.4   210000              0  1744817401799
Local QPS = 85230.7 (426155 / 5.0s) - 426155.0, 0.0
#type       avg     std     min      p5     p10     p50     p67     p75     p80     p85     p90     p95     p99    p999   p9999 QPS
read      750.7   287.6   137.8   494.6   528.6   649.8   721.4   806.2   949.0  1112.7  1198.5  1282.3  1554.4  1871.3  7517.2  85230.7
read      752.8   289.2    93.8   493.8   528.4   651.0   724.6   814.7   966.2  1116.5  1200.9  1283.8  1558.5  1878.2  7501.8  86223.9   215000              0  1744817408317
Local QPS = 88522.6 (442613 / 5.0s) - 442613.0, 0.0
#type       avg     std     min      p5     p10     p50     p67     p75     p80     p85     p90     p95     p99    p999   p9999 QPS
read      722.8   260.5   127.6   473.3   502.7   617.1   714.2   840.8   965.1  1062.3  1133.9  1218.6  1568.9  1807.1  3107.2  88522.6
read      725.5   262.9   118.1   473.0   502.7   618.2   721.7   849.5   975.5  1066.6  1136.9  1222.6  1576.1  1824.4  3097.3  89524.4   220000              0  1744817414837
CPU Usage Stats (avg/min/max): 38.61%,14.07%,51.01%
[Matteo Log]Â measure run complete
[Matteo Log] Cleaning up mcperf agent
